<?xml version="1.0" encoding="UTF-8"?>
<robot generator="Robot 7.4.1 (Python 3.14.2 on win32)" generated="2026-02-05T22:04:48.327587" rpa="false" schemaversion="5">
<suite id="s1" name="Tests" source="C:\Users\danie\OneDrive\Área de Trabalho\GamesRobot\tests">
<suite id="s1-s1" name="Functional" source="C:\Users\danie\OneDrive\Área de Trabalho\GamesRobot\tests\functional">
<suite id="s1-s1-s1" name="Stats" source="C:\Users\danie\OneDrive\Área de Trabalho\GamesRobot\tests\functional\stats.robot">
<test id="s1-s1-s1-t1" name="Log each game time" line="37">
<kw name="Open Website" owner="settings" type="SETUP">
<kw name="New Browser" owner="Browser">
<msg time="2026-02-05T22:04:48.585265" level="INFO">{"browser": "chromium", "headless": false, "chromiumSandbox": false, "devtools": false, "handleSIGHUP": true, "handleSIGINT": true, "handleSIGTERM": true, "slowMo": 500.0, "timeout": 30000.0, "tracesDir": "C:\\Users\\danie\\OneDrive\\\u00c1rea de Trabalho\\GamesRobot\\results\\browser\\traces\\temp\\f6241fcb-6d64-4a32-b154-7e6c6df60584"}</msg>
<msg time="2026-02-05T22:04:48.738472" level="INFO">Starting Browser process C:\Users\danie\AppData\Local\Programs\Python\Python314\Lib\site-packages\Browser\wrapper\index.js using at 127.0.0.1:60431</msg>
<msg time="2026-02-05T22:04:50.132817" level="INFO">Successfully created browser with options: {"browser":"chromium","headless":false,"chromiumSandbox":false,"devtools":false,"handleSIGHUP":true,"handleSIGINT":true,"handleSIGTERM":true,"slowMo":500,"timeout":30000,"tracesDir":"C:\\Users\\danie\\OneDrive\\Área de Trabalho\\GamesRobot\\results\\browser\\traces\\temp\\f6241fcb-6d64-4a32-b154-7e6c6df60584"}</msg>
<arg>chromium</arg>
<arg>headless=${HEADLESS}</arg>
<arg>slowMo=${VELOCIT}</arg>
<tag>BrowserControl</tag>
<tag>Setter</tag>
<doc>Create a new playwright Browser with specified options.</doc>
<status status="PASS" start="2026-02-05T22:04:48.584513" elapsed="1.548594"/>
</kw>
<kw name="New Context" owner="Browser">
<msg time="2026-02-05T22:04:50.135328" level="INFO">{
  "acceptDownloads": true,
  "bypassCSP": false,
  "forcedColors": "none",
  "ignoreHTTPSErrors": false,
  "javaScriptEnabled": true,
  "offline": false,
  "reducedMotion": "no-preference",
  "serviceWorkers": "allow",
  "viewport": {
    "height": 720,
    "width": 1280
  }
}</msg>
<msg time="2026-02-05T22:04:50.152116" level="INFO">Successfully created context. </msg>
<msg time="2026-02-05T22:04:50.152244" level="INFO">{'acceptDownloads': True, 'bypassCSP': False, 'forcedColors': 'none', 'ignoreHTTPSErrors': False, 'javaScriptEnabled': True, 'offline': False, 'reducedMotion': 'no-preference', 'serviceWorkers': 'allow', 'viewport': {'height': 720, 'width': 1280}}</msg>
<tag>BrowserControl</tag>
<tag>Setter</tag>
<doc>Create a new BrowserContext with specified options.</doc>
<status status="PASS" start="2026-02-05T22:04:50.133457" elapsed="0.018901"/>
</kw>
<kw name="New Page" owner="Browser">
<msg time="2026-02-05T22:04:51.192444" level="INFO">Successfully initialized new page object and opened url: https://ephemeral-alfajores-312419.netlify.app/login-register</msg>
<arg>${URL}</arg>
<tag>BrowserControl</tag>
<tag>Setter</tag>
<doc>Open a new Page.</doc>
<status status="PASS" start="2026-02-05T22:04:50.152626" elapsed="1.040003"/>
</kw>
<status status="PASS" start="2026-02-05T22:04:48.583761" elapsed="2.608989"/>
</kw>
<kw name="Ensure Logged In And Home" owner="settings">
<kw name="Login" owner="LoginPage">
<kw name="Wait For Elements State" owner="Browser">
<msg time="2026-02-05T22:04:54.055366" level="INFO">Waited for Element with selector css=input[placeholder="seu@email.com"] at state visible</msg>
<arg>css=input[placeholder="seu@email.com"]</arg>
<arg>visible</arg>
<arg>10s</arg>
<tag>PageContent</tag>
<tag>Wait</tag>
<doc>Waits for the element found by ``selector`` to satisfy state option.</doc>
<status status="PASS" start="2026-02-05T22:04:51.193859" elapsed="2.861671"/>
</kw>
<kw name="Fill Text" owner="Browser">
<msg time="2026-02-05T22:04:54.056312" level="INFO">Fills the text 'test-user@larissa.com' in the given field.</msg>
<arg>css=input[placeholder="seu@email.com"]</arg>
<arg>${EMAIL}</arg>
<tag>PageContent</tag>
<tag>Setter</tag>
<doc>Clears and fills the given ``txt`` into the text field found by ``selector``.</doc>
<status status="PASS" start="2026-02-05T22:04:54.055723" elapsed="0.525577"/>
</kw>
<kw name="Wait For Elements State" owner="Browser">
<msg time="2026-02-05T22:04:54.585839" level="INFO">Waited for Element with selector css=input[placeholder="password"] at state visible</msg>
<arg>css=input[placeholder="password"]</arg>
<arg>visible</arg>
<arg>10s</arg>
<tag>PageContent</tag>
<tag>Wait</tag>
<doc>Waits for the element found by ``selector`` to satisfy state option.</doc>
<status status="PASS" start="2026-02-05T22:04:54.581520" elapsed="0.004443"/>
</kw>
<kw name="Fill Text" owner="Browser">
<msg time="2026-02-05T22:04:54.586695" level="INFO">Fills the text 'Senha@123' in the given field.</msg>
<arg>css=input[placeholder="password"]</arg>
<arg>${PASSWORD}</arg>
<tag>PageContent</tag>
<tag>Setter</tag>
<doc>Clears and fills the given ``txt`` into the text field found by ``selector``.</doc>
<status status="PASS" start="2026-02-05T22:04:54.586137" elapsed="0.511540"/>
</kw>
<kw name="Click" owner="Browser">
<msg time="2026-02-05T22:04:55.098476" level="INFO">Clicks the element 'role=button[name="Entrar"]'.</msg>
<arg>role=button[name="Entrar"]</arg>
<tag>PageContent</tag>
<tag>Setter</tag>
<doc>Simulates mouse click on the element found by ``selector``.</doc>
<status status="PASS" start="2026-02-05T22:04:55.097901" elapsed="0.550147"/>
</kw>
<status status="PASS" start="2026-02-05T22:04:51.193583" elapsed="4.454608"/>
</kw>
<kw name="Validate Home Screen" owner="pages">
<kw name="Wait For Elements State" owner="Browser">
<msg time="2026-02-05T22:04:56.473560" level="INFO">Waited for Element with selector role=link[name="Jogarei"] at state visible</msg>
<arg>role=link[name="Jogarei"]</arg>
<arg>visible</arg>
<arg>5s</arg>
<tag>PageContent</tag>
<tag>Wait</tag>
<doc>Waits for the element found by ``selector`` to satisfy state option.</doc>
<status status="PASS" start="2026-02-05T22:04:55.648794" elapsed="0.824925"/>
</kw>
<status status="PASS" start="2026-02-05T22:04:55.648376" elapsed="0.825453"/>
</kw>
<status status="PASS" start="2026-02-05T22:04:51.193085" elapsed="5.280798"/>
</kw>
<kw name="Click" owner="Browser">
<msg time="2026-02-05T22:04:56.474693" level="INFO">Clicks the element 'role=link[name="Stats"]'.</msg>
<arg>role=link[name="Stats"]</arg>
<tag>PageContent</tag>
<tag>Setter</tag>
<doc>Simulates mouse click on the element found by ``selector``.</doc>
<status status="PASS" start="2026-02-05T22:04:56.474133" elapsed="0.541738"/>
</kw>
<kw name="Log each game time">
<kw name="Wait For Elements State" owner="Browser">
<msg time="2026-02-05T22:04:59.873699" level="INFO">Waited for Element with selector css=div.hidden.md\:block tbody &gt; tr.group &gt;&gt; nth=0 at state visible</msg>
<arg>css=div.hidden.md\\:block tbody &gt; tr.group &gt;&gt; nth=0</arg>
<arg>visible</arg>
<arg>10s</arg>
<tag>PageContent</tag>
<tag>Wait</tag>
<doc>Waits for the element found by ``selector`` to satisfy state option.</doc>
<status status="PASS" start="2026-02-05T22:04:57.016763" elapsed="2.857189"/>
</kw>
<kw name="Get Element Count" owner="Browser">
<msg time="2026-02-05T22:04:59.881096" level="INFO">${count} = 8</msg>
<var>${count}</var>
<arg>css=div.hidden.md\\:block tbody &gt; tr.group</arg>
<tag>Assertion</tag>
<tag>Getter</tag>
<tag>PageContent</tag>
<doc>Returns the count of elements found with ``selector``.</doc>
<status status="PASS" start="2026-02-05T22:04:59.874235" elapsed="0.006918"/>
</kw>
<for flavor="IN RANGE">
<iter>
<kw name="Run Keyword And Ignore Error" owner="BuiltIn">
<kw name="Get Text" owner="Browser">
<msg time="2026-02-05T22:04:59.908331" level="INFO">Text: '3h2m'</msg>
<arg>css=div.hidden.md\\:block tbody &gt; tr.group &gt;&gt; nth=${i} &gt;&gt; td:nth-child(4) span.font-mono.text-xs.font-semibold</arg>
<tag>Assertion</tag>
<tag>Getter</tag>
<tag>PageContent</tag>
<doc>Returns text attribute of the element found by ``selector``.</doc>
<status status="PASS" start="2026-02-05T22:04:59.882670" elapsed="0.025760"/>
</kw>
<msg time="2026-02-05T22:04:59.908640" level="INFO">${status} = PASS</msg>
<msg time="2026-02-05T22:04:59.908681" level="INFO">${time} = 3h2m</msg>
<var>${status}</var>
<var>${time}</var>
<arg>Get Text</arg>
<arg>css=div.hidden.md\\:block tbody &gt; tr.group &gt;&gt; nth=${i} &gt;&gt; td:nth-child(4) span.font-mono.text-xs.font-semibold</arg>
<doc>Runs the given keyword with the given arguments and ignores possible error.</doc>
<status status="PASS" start="2026-02-05T22:04:59.882091" elapsed="0.026612"/>
</kw>
<if>
<branch type="IF" condition="'${status}' == 'PASS'">
<kw name="Log To Console" owner="BuiltIn">
<arg>Linha ${i+1}: ${time}</arg>
<doc>Logs the given message to the console.</doc>
<status status="PASS" start="2026-02-05T22:04:59.909167" elapsed="0.000839"/>
</kw>
<status status="PASS" start="2026-02-05T22:04:59.908825" elapsed="0.001296"/>
</branch>
<branch type="ELSE">
<kw name="Log To Console" owner="BuiltIn">
<arg>Linha ${i+1}: (sem tempo nessa linha)</arg>
<doc>Logs the given message to the console.</doc>
<status status="NOT RUN" start="2026-02-05T22:04:59.910509" elapsed="0.000117"/>
</kw>
<status status="NOT RUN" start="2026-02-05T22:04:59.910201" elapsed="0.000483"/>
</branch>
<status status="PASS" start="2026-02-05T22:04:59.908791" elapsed="0.001946"/>
</if>
<var name="${i}">0</var>
<status status="PASS" start="2026-02-05T22:04:59.881836" elapsed="0.028945"/>
</iter>
<iter>
<kw name="Run Keyword And Ignore Error" owner="BuiltIn">
<kw name="Get Text" owner="Browser">
<msg time="2026-02-05T22:04:59.923259" level="INFO">Text: '9h47m'</msg>
<arg>css=div.hidden.md\\:block tbody &gt; tr.group &gt;&gt; nth=${i} &gt;&gt; td:nth-child(4) span.font-mono.text-xs.font-semibold</arg>
<tag>Assertion</tag>
<tag>Getter</tag>
<tag>PageContent</tag>
<doc>Returns text attribute of the element found by ``selector``.</doc>
<status status="PASS" start="2026-02-05T22:04:59.911568" elapsed="0.011777"/>
</kw>
<msg time="2026-02-05T22:04:59.923519" level="INFO">${status} = PASS</msg>
<msg time="2026-02-05T22:04:59.923575" level="INFO">${time} = 9h47m</msg>
<var>${status}</var>
<var>${time}</var>
<arg>Get Text</arg>
<arg>css=div.hidden.md\\:block tbody &gt; tr.group &gt;&gt; nth=${i} &gt;&gt; td:nth-child(4) span.font-mono.text-xs.font-semibold</arg>
<doc>Runs the given keyword with the given arguments and ignores possible error.</doc>
<status status="PASS" start="2026-02-05T22:04:59.911186" elapsed="0.012420"/>
</kw>
<if>
<branch type="IF" condition="'${status}' == 'PASS'">
<kw name="Log To Console" owner="BuiltIn">
<arg>Linha ${i+1}: ${time}</arg>
<doc>Logs the given message to the console.</doc>
<status status="PASS" start="2026-02-05T22:04:59.924109" elapsed="0.000836"/>
</kw>
<status status="PASS" start="2026-02-05T22:04:59.923742" elapsed="0.001316"/>
</branch>
<branch type="ELSE">
<kw name="Log To Console" owner="BuiltIn">
<arg>Linha ${i+1}: (sem tempo nessa linha)</arg>
<doc>Logs the given message to the console.</doc>
<status status="NOT RUN" start="2026-02-05T22:04:59.925452" elapsed="0.000098"/>
</kw>
<status status="NOT RUN" start="2026-02-05T22:04:59.925113" elapsed="0.000487"/>
</branch>
<status status="PASS" start="2026-02-05T22:04:59.923712" elapsed="0.001922"/>
</if>
<var name="${i}">1</var>
<status status="PASS" start="2026-02-05T22:04:59.910986" elapsed="0.014675"/>
</iter>
<iter>
<kw name="Run Keyword And Ignore Error" owner="BuiltIn">
<kw name="Get Text" owner="Browser">
<msg time="2026-02-05T22:04:59.937155" level="INFO">Text: '9h47m'</msg>
<arg>css=div.hidden.md\\:block tbody &gt; tr.group &gt;&gt; nth=${i} &gt;&gt; td:nth-child(4) span.font-mono.text-xs.font-semibold</arg>
<tag>Assertion</tag>
<tag>Getter</tag>
<tag>PageContent</tag>
<doc>Returns text attribute of the element found by ``selector``.</doc>
<status status="PASS" start="2026-02-05T22:04:59.926357" elapsed="0.010899"/>
</kw>
<msg time="2026-02-05T22:04:59.937417" level="INFO">${status} = PASS</msg>
<msg time="2026-02-05T22:04:59.937455" level="INFO">${time} = 9h47m</msg>
<var>${status}</var>
<var>${time}</var>
<arg>Get Text</arg>
<arg>css=div.hidden.md\\:block tbody &gt; tr.group &gt;&gt; nth=${i} &gt;&gt; td:nth-child(4) span.font-mono.text-xs.font-semibold</arg>
<doc>Runs the given keyword with the given arguments and ignores possible error.</doc>
<status status="PASS" start="2026-02-05T22:04:59.926001" elapsed="0.011478"/>
</kw>
<if>
<branch type="IF" condition="'${status}' == 'PASS'">
<kw name="Log To Console" owner="BuiltIn">
<arg>Linha ${i+1}: ${time}</arg>
<doc>Logs the given message to the console.</doc>
<status status="PASS" start="2026-02-05T22:04:59.938040" elapsed="0.000955"/>
</kw>
<status status="PASS" start="2026-02-05T22:04:59.937582" elapsed="0.001661"/>
</branch>
<branch type="ELSE">
<kw name="Log To Console" owner="BuiltIn">
<arg>Linha ${i+1}: (sem tempo nessa linha)</arg>
<doc>Logs the given message to the console.</doc>
<status status="NOT RUN" start="2026-02-05T22:04:59.939605" elapsed="0.000242"/>
</kw>
<status status="NOT RUN" start="2026-02-05T22:04:59.939291" elapsed="0.000609"/>
</branch>
<status status="PASS" start="2026-02-05T22:04:59.937558" elapsed="0.002375"/>
</if>
<var name="${i}">2</var>
<status status="PASS" start="2026-02-05T22:04:59.925835" elapsed="0.014123"/>
</iter>
<iter>
<kw name="Run Keyword And Ignore Error" owner="BuiltIn">
<kw name="Get Text" owner="Browser">
<msg time="2026-02-05T22:04:59.952030" level="INFO">Text: '9h47m'</msg>
<arg>css=div.hidden.md\\:block tbody &gt; tr.group &gt;&gt; nth=${i} &gt;&gt; td:nth-child(4) span.font-mono.text-xs.font-semibold</arg>
<tag>Assertion</tag>
<tag>Getter</tag>
<tag>PageContent</tag>
<doc>Returns text attribute of the element found by ``selector``.</doc>
<status status="PASS" start="2026-02-05T22:04:59.940812" elapsed="0.011313"/>
</kw>
<msg time="2026-02-05T22:04:59.952285" level="INFO">${status} = PASS</msg>
<msg time="2026-02-05T22:04:59.952325" level="INFO">${time} = 9h47m</msg>
<var>${status}</var>
<var>${time}</var>
<arg>Get Text</arg>
<arg>css=div.hidden.md\\:block tbody &gt; tr.group &gt;&gt; nth=${i} &gt;&gt; td:nth-child(4) span.font-mono.text-xs.font-semibold</arg>
<doc>Runs the given keyword with the given arguments and ignores possible error.</doc>
<status status="PASS" start="2026-02-05T22:04:59.940439" elapsed="0.011907"/>
</kw>
<if>
<branch type="IF" condition="'${status}' == 'PASS'">
<kw name="Log To Console" owner="BuiltIn">
<arg>Linha ${i+1}: ${time}</arg>
<doc>Logs the given message to the console.</doc>
<status status="PASS" start="2026-02-05T22:04:59.952816" elapsed="0.000733"/>
</kw>
<status status="PASS" start="2026-02-05T22:04:59.952450" elapsed="0.001162"/>
</branch>
<branch type="ELSE">
<kw name="Log To Console" owner="BuiltIn">
<arg>Linha ${i+1}: (sem tempo nessa linha)</arg>
<doc>Logs the given message to the console.</doc>
<status status="NOT RUN" start="2026-02-05T22:04:59.953840" elapsed="0.000098"/>
</kw>
<status status="NOT RUN" start="2026-02-05T22:04:59.953659" elapsed="0.000340"/>
</branch>
<status status="PASS" start="2026-02-05T22:04:59.952427" elapsed="0.001606"/>
</if>
<var name="${i}">3</var>
<status status="PASS" start="2026-02-05T22:04:59.940162" elapsed="0.013895"/>
</iter>
<iter>
<kw name="Run Keyword And Ignore Error" owner="BuiltIn">
<kw name="Get Text" owner="Browser">
<msg time="2026-02-05T22:04:59.965486" level="INFO">Text: '9h47m'</msg>
<arg>css=div.hidden.md\\:block tbody &gt; tr.group &gt;&gt; nth=${i} &gt;&gt; td:nth-child(4) span.font-mono.text-xs.font-semibold</arg>
<tag>Assertion</tag>
<tag>Getter</tag>
<tag>PageContent</tag>
<doc>Returns text attribute of the element found by ``selector``.</doc>
<status status="PASS" start="2026-02-05T22:04:59.954751" elapsed="0.010866"/>
</kw>
<msg time="2026-02-05T22:04:59.965789" level="INFO">${status} = PASS</msg>
<msg time="2026-02-05T22:04:59.965858" level="INFO">${time} = 9h47m</msg>
<var>${status}</var>
<var>${time}</var>
<arg>Get Text</arg>
<arg>css=div.hidden.md\\:block tbody &gt; tr.group &gt;&gt; nth=${i} &gt;&gt; td:nth-child(4) span.font-mono.text-xs.font-semibold</arg>
<doc>Runs the given keyword with the given arguments and ignores possible error.</doc>
<status status="PASS" start="2026-02-05T22:04:59.954386" elapsed="0.011494"/>
</kw>
<if>
<branch type="IF" condition="'${status}' == 'PASS'">
<kw name="Log To Console" owner="BuiltIn">
<arg>Linha ${i+1}: ${time}</arg>
<doc>Logs the given message to the console.</doc>
<status status="PASS" start="2026-02-05T22:04:59.966484" elapsed="0.000984"/>
</kw>
<status status="PASS" start="2026-02-05T22:04:59.965997" elapsed="0.001524"/>
</branch>
<branch type="ELSE">
<kw name="Log To Console" owner="BuiltIn">
<arg>Linha ${i+1}: (sem tempo nessa linha)</arg>
<doc>Logs the given message to the console.</doc>
<status status="NOT RUN" start="2026-02-05T22:04:59.967753" elapsed="0.000114"/>
</kw>
<status status="NOT RUN" start="2026-02-05T22:04:59.967566" elapsed="0.000362"/>
</branch>
<status status="PASS" start="2026-02-05T22:04:59.965963" elapsed="0.002007"/>
</if>
<var name="${i}">4</var>
<status status="PASS" start="2026-02-05T22:04:59.954205" elapsed="0.013799"/>
</iter>
<iter>
<kw name="Run Keyword And Ignore Error" owner="BuiltIn">
<kw name="Get Text" owner="Browser">
<msg time="2026-02-05T22:04:59.980190" level="INFO">Text: '9h47m'</msg>
<arg>css=div.hidden.md\\:block tbody &gt; tr.group &gt;&gt; nth=${i} &gt;&gt; td:nth-child(4) span.font-mono.text-xs.font-semibold</arg>
<tag>Assertion</tag>
<tag>Getter</tag>
<tag>PageContent</tag>
<doc>Returns text attribute of the element found by ``selector``.</doc>
<status status="PASS" start="2026-02-05T22:04:59.968766" elapsed="0.011527"/>
</kw>
<msg time="2026-02-05T22:04:59.980450" level="INFO">${status} = PASS</msg>
<msg time="2026-02-05T22:04:59.980489" level="INFO">${time} = 9h47m</msg>
<var>${status}</var>
<var>${time}</var>
<arg>Get Text</arg>
<arg>css=div.hidden.md\\:block tbody &gt; tr.group &gt;&gt; nth=${i} &gt;&gt; td:nth-child(4) span.font-mono.text-xs.font-semibold</arg>
<doc>Runs the given keyword with the given arguments and ignores possible error.</doc>
<status status="PASS" start="2026-02-05T22:04:59.968415" elapsed="0.012096"/>
</kw>
<if>
<branch type="IF" condition="'${status}' == 'PASS'">
<kw name="Log To Console" owner="BuiltIn">
<arg>Linha ${i+1}: ${time}</arg>
<doc>Logs the given message to the console.</doc>
<status status="PASS" start="2026-02-05T22:04:59.980988" elapsed="0.000714"/>
</kw>
<status status="PASS" start="2026-02-05T22:04:59.980615" elapsed="0.001137"/>
</branch>
<branch type="ELSE">
<kw name="Log To Console" owner="BuiltIn">
<arg>Linha ${i+1}: (sem tempo nessa linha)</arg>
<doc>Logs the given message to the console.</doc>
<status status="NOT RUN" start="2026-02-05T22:04:59.982004" elapsed="0.000118"/>
</kw>
<status status="NOT RUN" start="2026-02-05T22:04:59.981793" elapsed="0.000388"/>
</branch>
<status status="PASS" start="2026-02-05T22:04:59.980591" elapsed="0.001631"/>
</if>
<var name="${i}">5</var>
<status status="PASS" start="2026-02-05T22:04:59.968204" elapsed="0.014047"/>
</iter>
<iter>
<kw name="Run Keyword And Ignore Error" owner="BuiltIn">
<kw name="Get Text" owner="Browser">
<msg time="2026-02-05T22:04:59.993973" level="INFO">Text: '20h'</msg>
<arg>css=div.hidden.md\\:block tbody &gt; tr.group &gt;&gt; nth=${i} &gt;&gt; td:nth-child(4) span.font-mono.text-xs.font-semibold</arg>
<tag>Assertion</tag>
<tag>Getter</tag>
<tag>PageContent</tag>
<doc>Returns text attribute of the element found by ``selector``.</doc>
<status status="PASS" start="2026-02-05T22:04:59.982908" elapsed="0.011174"/>
</kw>
<msg time="2026-02-05T22:04:59.994250" level="INFO">${status} = PASS</msg>
<msg time="2026-02-05T22:04:59.994288" level="INFO">${time} = 20h</msg>
<var>${status}</var>
<var>${time}</var>
<arg>Get Text</arg>
<arg>css=div.hidden.md\\:block tbody &gt; tr.group &gt;&gt; nth=${i} &gt;&gt; td:nth-child(4) span.font-mono.text-xs.font-semibold</arg>
<doc>Runs the given keyword with the given arguments and ignores possible error.</doc>
<status status="PASS" start="2026-02-05T22:04:59.982599" elapsed="0.011710"/>
</kw>
<if>
<branch type="IF" condition="'${status}' == 'PASS'">
<kw name="Log To Console" owner="BuiltIn">
<arg>Linha ${i+1}: ${time}</arg>
<doc>Logs the given message to the console.</doc>
<status status="PASS" start="2026-02-05T22:04:59.994793" elapsed="0.000720"/>
</kw>
<status status="PASS" start="2026-02-05T22:04:59.994418" elapsed="0.001146"/>
</branch>
<branch type="ELSE">
<kw name="Log To Console" owner="BuiltIn">
<arg>Linha ${i+1}: (sem tempo nessa linha)</arg>
<doc>Logs the given message to the console.</doc>
<status status="NOT RUN" start="2026-02-05T22:04:59.995792" elapsed="0.000090"/>
</kw>
<status status="NOT RUN" start="2026-02-05T22:04:59.995607" elapsed="0.000322"/>
</branch>
<status status="PASS" start="2026-02-05T22:04:59.994390" elapsed="0.001571"/>
</if>
<var name="${i}">6</var>
<status status="PASS" start="2026-02-05T22:04:59.982415" elapsed="0.013568"/>
</iter>
<iter>
<kw name="Run Keyword And Ignore Error" owner="BuiltIn">
<kw name="Get Text" owner="Browser">
<msg time="2026-02-05T22:05:00.005079" level="INFO">Text: '20h'</msg>
<arg>css=div.hidden.md\\:block tbody &gt; tr.group &gt;&gt; nth=${i} &gt;&gt; td:nth-child(4) span.font-mono.text-xs.font-semibold</arg>
<tag>Assertion</tag>
<tag>Getter</tag>
<tag>PageContent</tag>
<doc>Returns text attribute of the element found by ``selector``.</doc>
<status status="PASS" start="2026-02-05T22:04:59.996584" elapsed="0.008590"/>
</kw>
<msg time="2026-02-05T22:05:00.005331" level="INFO">${status} = PASS</msg>
<msg time="2026-02-05T22:05:00.005370" level="INFO">${time} = 20h</msg>
<var>${status}</var>
<var>${time}</var>
<arg>Get Text</arg>
<arg>css=div.hidden.md\\:block tbody &gt; tr.group &gt;&gt; nth=${i} &gt;&gt; td:nth-child(4) span.font-mono.text-xs.font-semibold</arg>
<doc>Runs the given keyword with the given arguments and ignores possible error.</doc>
<status status="PASS" start="2026-02-05T22:04:59.996280" elapsed="0.009111"/>
</kw>
<if>
<branch type="IF" condition="'${status}' == 'PASS'">
<kw name="Log To Console" owner="BuiltIn">
<arg>Linha ${i+1}: ${time}</arg>
<doc>Logs the given message to the console.</doc>
<status status="PASS" start="2026-02-05T22:05:00.005857" elapsed="0.000714"/>
</kw>
<status status="PASS" start="2026-02-05T22:05:00.005493" elapsed="0.001130"/>
</branch>
<branch type="ELSE">
<kw name="Log To Console" owner="BuiltIn">
<arg>Linha ${i+1}: (sem tempo nessa linha)</arg>
<doc>Logs the given message to the console.</doc>
<status status="NOT RUN" start="2026-02-05T22:05:00.006859" elapsed="0.000115"/>
</kw>
<status status="NOT RUN" start="2026-02-05T22:05:00.006660" elapsed="0.000378"/>
</branch>
<status status="PASS" start="2026-02-05T22:05:00.005469" elapsed="0.001602"/>
</if>
<var name="${i}">7</var>
<status status="PASS" start="2026-02-05T22:04:59.996124" elapsed="0.010970"/>
</iter>
<var>${i}</var>
<value>${count}</value>
<status status="PASS" start="2026-02-05T22:04:59.881305" elapsed="0.125834"/>
</for>
<status status="PASS" start="2026-02-05T22:04:57.016333" elapsed="2.990889"/>
</kw>
<kw name="Log Total Playtime">
<kw name="Get Text" owner="Browser">
<msg time="2026-02-05T22:05:00.019906" level="INFO">Text: '00'</msg>
<msg time="2026-02-05T22:05:00.020064" level="INFO">${months} = 00</msg>
<var>${months}</var>
<arg>css=span.tabular-nums &gt;&gt; nth=0</arg>
<tag>Assertion</tag>
<tag>Getter</tag>
<tag>PageContent</tag>
<doc>Returns text attribute of the element found by ``selector``.</doc>
<status status="PASS" start="2026-02-05T22:05:00.007831" elapsed="0.012258"/>
</kw>
<kw name="Get Text" owner="Browser">
<msg time="2026-02-05T22:05:00.030824" level="INFO">Text: '03'</msg>
<msg time="2026-02-05T22:05:00.031024" level="INFO">${days} = 03</msg>
<var>${days}</var>
<arg>css=span.tabular-nums &gt;&gt; nth=1</arg>
<tag>Assertion</tag>
<tag>Getter</tag>
<tag>PageContent</tag>
<doc>Returns text attribute of the element found by ``selector``.</doc>
<status status="PASS" start="2026-02-05T22:05:00.020279" elapsed="0.010805"/>
</kw>
<kw name="Get Text" owner="Browser">
<msg time="2026-02-05T22:05:00.040636" level="INFO">Text: '19'</msg>
<msg time="2026-02-05T22:05:00.040775" level="INFO">${hours} = 19</msg>
<var>${hours}</var>
<arg>css=span.tabular-nums &gt;&gt; nth=2</arg>
<tag>Assertion</tag>
<tag>Getter</tag>
<tag>PageContent</tag>
<doc>Returns text attribute of the element found by ``selector``.</doc>
<status status="PASS" start="2026-02-05T22:05:00.031288" elapsed="0.009513"/>
</kw>
<kw name="Get Text" owner="Browser">
<msg time="2026-02-05T22:05:00.048302" level="INFO">Text: '57'</msg>
<msg time="2026-02-05T22:05:00.048442" level="INFO">${minutes} = 57</msg>
<var>${minutes}</var>
<arg>css=span.tabular-nums &gt;&gt; nth=3</arg>
<tag>Assertion</tag>
<tag>Getter</tag>
<tag>PageContent</tag>
<doc>Returns text attribute of the element found by ``selector``.</doc>
<status status="PASS" start="2026-02-05T22:05:00.040976" elapsed="0.007493"/>
</kw>
<kw name="Log To Console" owner="BuiltIn">
<arg>Total: ${days} dias ${hours} horas e ${minutes} minutos</arg>
<doc>Logs the given message to the console.</doc>
<status status="PASS" start="2026-02-05T22:05:00.048641" elapsed="0.000571"/>
</kw>
<status status="PASS" start="2026-02-05T22:05:00.007451" elapsed="0.041837"/>
</kw>
<msg time="2026-02-05T22:05:00.057716" level="INFO">Switching context to context=19114de4-a720-4cb6-b040-4b6697f48f2c in CURRENT</msg>
<msg time="2026-02-05T22:05:00.063637" level="INFO">Successfully changed active context: context=19114de4-a720-4cb6-b040-4b6697f48f2c</msg>
<msg time="2026-02-05T22:05:00.080200" level="INFO">Successfully closed Context</msg>
<status status="PASS" start="2026-02-05T22:04:48.583041" elapsed="11.466421"/>
</test>
<status status="PASS" start="2026-02-05T22:04:48.363822" elapsed="11.717527"/>
</suite>
<status status="PASS" start="2026-02-05T22:04:48.362505" elapsed="11.723739"/>
</suite>
<status status="PASS" start="2026-02-05T22:04:48.329149" elapsed="11.757972"/>
</suite>
<statistics>
<total>
<stat pass="1" fail="0" skip="0">All Tests</stat>
</total>
<tag>
</tag>
<suite>
<stat name="Tests" id="s1" pass="1" fail="0" skip="0">Tests</stat>
<stat name="Functional" id="s1-s1" pass="1" fail="0" skip="0">Tests.Functional</stat>
<stat name="Stats" id="s1-s1-s1" pass="1" fail="0" skip="0">Tests.Functional.Stats</stat>
</suite>
</statistics>
<errors>
</errors>
</robot>
