<?xml version="1.0" encoding="UTF-8"?>
<robot generator="Robot 7.4.1 (Python 3.14.2 on win32)" generated="2026-02-04T09:43:09.282900" rpa="false" schemaversion="5">
<suite id="s1" name="Tests" source="C:\Users\danie\OneDrive\Área de Trabalho\GamesRobot\tests">
<suite id="s1-s1" name="Api" source="C:\Users\danie\OneDrive\Área de Trabalho\GamesRobot\tests\api">
<suite id="s1-s1-s1" name="Testapi" source="C:\Users\danie\OneDrive\Área de Trabalho\GamesRobot\tests\api\Testapi.robot">
<kw name="Suite Setup Seguro" owner="ApiValidator" type="SETUP">
<kw name="Login Supabase via API" owner="ApiValidator">
<kw name="Create Session" owner="RequestsLibrary">
<msg time="2026-02-04T09:43:09.600604" level="INFO">Creating Session using : alias=auth, url=https://navfbtaxterxdcjjtfco.supabase.co, headers={},                     cookies={}, auth=None, timeout=5, proxies=None, verify=False,                     debug=0 </msg>
<arg>auth</arg>
<arg>${SUPABASE_AUTH_BASE}</arg>
<arg>timeout=${TIMEOUT}</arg>
<doc>Create Session: create a HTTP session to a server</doc>
<status status="PASS" start="2026-02-04T09:43:09.600299" elapsed="0.000482"/>
</kw>
<kw name="Create Dictionary" owner="BuiltIn">
<msg time="2026-02-04T09:43:09.601519" level="INFO">&amp;{headers} = { apikey=eyJhbGciOiJIUzI1NiIsInR5cCI6IkpXVCJ9.eyJpc3MiOiJzdXBhYmFzZSIsInJlZiI6Im5hdmZidGF4dGVyeGRjamp0ZmNvIiwicm9sZSI6ImFub24iLCJpYXQiOjE3NjU2MzkyMTYsImV4cCI6MjA4MTIxNTIxNn0.XBsD-fLoZuL2HJPYuFn5bQVZjd...</msg>
<var>&amp;{headers}</var>
<arg>apikey=${ANON_KEY}</arg>
<arg>Authorization=Bearer ${ANON_KEY}</arg>
<arg>Content-Type=application/json</arg>
<doc>Creates and returns a dictionary based on the given ``items``.</doc>
<status status="PASS" start="2026-02-04T09:43:09.600928" elapsed="0.000623"/>
</kw>
<kw name="Create Dictionary" owner="BuiltIn">
<msg time="2026-02-04T09:43:09.602122" level="INFO">&amp;{body} = { email=test-user@larissa.com | password=Senha@123 }</msg>
<var>&amp;{body}</var>
<arg>email=${EMAIL}</arg>
<arg>password=${PASSWORD}</arg>
<doc>Creates and returns a dictionary based on the given ``items``.</doc>
<status status="PASS" start="2026-02-04T09:43:09.601674" elapsed="0.000476"/>
</kw>
<kw name="Create Dictionary" owner="BuiltIn">
<msg time="2026-02-04T09:43:09.602598" level="INFO">&amp;{params} = { grant_type=password }</msg>
<var>&amp;{params}</var>
<arg>grant_type=password</arg>
<doc>Creates and returns a dictionary based on the given ``items``.</doc>
<status status="PASS" start="2026-02-04T09:43:09.602258" elapsed="0.000366"/>
</kw>
<kw name="POST On Session" owner="RequestsLibrary">
<msg time="2026-02-04T09:43:10.242580" level="INFO">POST Request : url=https://navfbtaxterxdcjjtfco.supabase.co/auth/v1/token?grant_type=password 
 path_url=/auth/v1/token?grant_type=password 
 headers={'User-Agent': 'python-requests/2.32.5', 'Accept-Encoding': 'gzip, deflate, zstd', 'Accept': '*/*', 'Connection': 'keep-alive', 'apikey': 'eyJhbGciOiJIUzI1NiIsInR5cCI6IkpXVCJ9.eyJpc3MiOiJzdXBhYmFzZSIsInJlZiI6Im5hdmZidGF4dGVyeGRjamp0ZmNvIiwicm9sZSI6ImFub24iLCJpYXQiOjE3NjU2MzkyMTYsImV4cCI6MjA4MTIxNTIxNn0.XBsD-fLoZuL2HJPYuFn5bQVZjd-ql9bvKF0DfvWdBoY', 'Authorization': 'Bearer eyJhbGciOiJIUzI1NiIsInR5cCI6IkpXVCJ9.eyJpc3MiOiJzdXBhYmFzZSIsInJlZiI6Im5hdmZidGF4dGVyeGRjamp0ZmNvIiwicm9sZSI6ImFub24iLCJpYXQiOjE3NjU2MzkyMTYsImV4cCI6MjA4MTIxNTIxNn0.XBsD-fLoZuL2HJPYuFn5bQVZjd-ql9bvKF0DfvWdBoY', 'Content-Type': 'application/json', 'Content-Length': '59'} 
 body=b'{"email": "test-user@larissa.com", "password": "Senha@123"}' 
 </msg>
<msg time="2026-02-04T09:43:10.242699" level="INFO">POST Response : url=https://navfbtaxterxdcjjtfco.supabase.co/auth/v1/token?grant_type=password 
 status=200, reason=OK 
 headers={'Date': 'Wed, 04 Feb 2026 12:43:15 GMT', 'Content-Type': 'application/json', 'Transfer-Encoding': 'chunked', 'Connection': 'keep-alive', 'Server': 'cloudflare', 'CF-Ray': '9c8a40a8eb176aa5-SJP', 'CF-Cache-Status': 'DYNAMIC', 'Content-Encoding': 'gzip', 'Strict-Transport-Security': 'max-age=31536000; includeSubDomains; preload', 'Vary': 'Origin, Accept-Encoding', 'X-Content-Type-Options': 'nosniff', 'sb-auth-refresh-token-prefix': 'sgqgi', 'sb-auth-session-id': '80ff80ae-a849-43a3-bf94-f2b4e391870d', 'sb-auth-user-id': 'daf507f6-92d1-43be-bef4-b3e6aace522d', 'sb-gateway-version': '1', 'sb-project-ref': 'navfbtaxterxdcjjtfco', 'sb-request-id': '019c28ad-a59f-700e-bfc3-4a17414d7d52', 'x-envoy-attempt-count': '1', 'x-envoy-upstream-service-time': '93', 'Set-Cookie': '__cf_bm=bJDbnx4mAVDqhlNcfPrAQP6.bhdnKkZlrVZcN_WUFJU-1770208995-1.0.1.1-IWM6ZT4r1uDmIiie_.EtFKUQiivUnjM_uO_1ncb0TiUsD5EZlmgjJp7qWO84ufaTQkuQ34CXxXeIUTIp9_CaehR9Ajq6zkNOTxD3Th_Hhkw; path=/; expires=Wed, 04-Feb-26 13:13:15 GMT; domain=.supabase.co; HttpOnly; Secure; SameSite=None', 'alt-svc': 'h3=":443"; ma=86400'} 
 body={"access_token":"eyJhbGciOiJIUzI1NiIsImtpZCI6IlFPTmplU0JBTUhlMTY5WXUiLCJ0eXAiOiJKV1QifQ.eyJpc3MiOiJodHRwczovL25hdmZidGF4dGVyeGRjamp0ZmNvLnN1cGFiYXNlLmNvL2F1dGgvdjEiLCJzdWIiOiJkYWY1MDdmNi05MmQxLTQzYmUtYmVmNC1iM2U2YWFjZTUyMmQiLCJhdWQiOiJhdXRoZW50aWNhdGVkIiwiZXhwIjoxNzcwMjEyNTk1LCJpYXQiOjE3NzAyMDg5OTUsImVtYWlsIjoidGVzdC11c2VyQGxhcmlzc2EuY29tIiwicGhvbmUiOiIiLCJhcHBfbWV0YWRhdGEiOnsicHJvdmlkZXIiOiJlbWFpbCIsInByb3ZpZGVycyI6WyJlbWFpbCJdfSwidXNlcl9tZXRhZGF0YSI6eyJlbWFpbF92ZXJpZmllZCI6dHJ1ZX0sInJvbGUiOiJhdXRoZW50aWNhdGVkIiwiYWFsIjoiYWFsMSIsImFtciI6W3sibWV0aG9kIjoicGFzc3dvcmQiLCJ0aW1lc3RhbXAiOjE3NzAyMDg5OTV9XSwic2Vzc2lvbl9pZCI6IjgwZmY4MGFlLWE4NDktNDNhMy1iZjk0LWYyYjRlMzkxODcwZCIsImlzX2Fub255bW91cyI6ZmFsc2V9.PBm2FlxheRy7aK2_-ZECYqGCWFw77cwiLcudWPkHpgY","token_type":"bearer","expires_in":3600,"expires_at":1770212595,"refresh_token":"sgqgi3qxhx7a","user":{"id":"daf507f6-92d1-43be-bef4-b3e6aace522d","aud":"authenticated","role":"authenticated","email":"test-user@larissa.com","email_confirmed_at":"2025-12-31T21:05:23.799727Z","phone":"","confirmed_at":"2025-12-31T21:05:23.799727Z","last_sign_in_at":"2026-02-04T12:43:15.051113782Z","app_metadata":{"provider":"email","providers":["email"]},"user_metadata":{"email_verified":true},"identities":[{"identity_id":"27cf74dc-c003-4fe7-bda1-d3a35fd15a6d","id":"daf507f6-92d1-43be-bef4-b3e6aace522d","user_id":"daf507f6-92d1-43be-bef4-b3e6aace522d","identity_data":{"email":"test-user@larissa.com","email_verified":false,"phone_verified":false,"sub":"daf507f6-92d1-43be-bef4-b3e6aace522d"},"provider":"email","last_sign_in_at":"2025-12-31T21:05:23.793263Z","created_at":"2025-12-31T21:05:23.79334Z","updated_at":"2025-12-31T21:05:23.79334Z","email":"test-user@larissa.com"}],"created_at":"2025-12-31T21:05:23.778618Z","updated_at":"2026-02-04T12:43:15.055265Z","is_anonymous":false},"weak_password":null} 
 </msg>
<msg time="2026-02-04T09:43:10.242793" level="INFO">C:\Users\danie\AppData\Local\Programs\Python\Python314\Lib\site-packages\urllib3\connectionpool.py:1097: InsecureRequestWarning: Unverified HTTPS request is being made to host 'navfbtaxterxdcjjtfco.supabase.co'. Adding certificate verification is strongly advised. See: https://urllib3.readthedocs.io/en/latest/advanced-usage.html#tls-warnings
  warnings.warn(</msg>
<msg time="2026-02-04T09:43:10.243099" level="INFO">${resp} = &lt;Response [200]&gt;</msg>
<var>${resp}</var>
<arg>auth</arg>
<arg>url=/auth/v1/token</arg>
<arg>params=${params}</arg>
<arg>json=${body}</arg>
<arg>headers=${headers}</arg>
<doc>Sends a POST request on a previously created HTTP Session.</doc>
<status status="PASS" start="2026-02-04T09:43:09.602726" elapsed="0.640423"/>
</kw>
<kw name="Should Be Equal As Integers" owner="BuiltIn">
<msg time="2026-02-04T09:43:10.244129" level="INFO">Argument types are:
&lt;class 'int'&gt;
&lt;class 'str'&gt;</msg>
<arg>${resp.status_code}</arg>
<arg>200</arg>
<doc>Fails if objects are unequal after converting them to integers.</doc>
<status status="PASS" start="2026-02-04T09:43:10.243347" elapsed="0.000842"/>
</kw>
<kw name="Evaluate" owner="BuiltIn">
<msg time="2026-02-04T09:43:10.245032" level="INFO">&amp;{data} = { access_token=eyJhbGciOiJIUzI1NiIsImtpZCI6IlFPTmplU0JBTUhlMTY5WXUiLCJ0eXAiOiJKV1QifQ.eyJpc3MiOiJodHRwczovL25hdmZidGF4dGVyeGRjamp0ZmNvLnN1cGFiYXNlLmNvL2F1dGgvdjEiLCJzdWIiOiJkYWY1MDdmNi05MmQxLTQzYmUtYm...</msg>
<var>&amp;{data}</var>
<arg>json.loads($resp.text)</arg>
<arg>json</arg>
<doc>Evaluates the given expression in Python and returns the result.</doc>
<status status="PASS" start="2026-02-04T09:43:10.244294" elapsed="0.000794"/>
</kw>
<kw name="Get From Dictionary" owner="Collections">
<msg time="2026-02-04T09:43:10.245576" level="INFO">${jwt} = eyJhbGciOiJIUzI1NiIsImtpZCI6IlFPTmplU0JBTUhlMTY5WXUiLCJ0eXAiOiJKV1QifQ.eyJpc3MiOiJodHRwczovL25hdmZidGF4dGVyeGRjamp0ZmNvLnN1cGFiYXNlLmNvL2F1dGgvdjEiLCJzdWIiOiJkYWY1MDdmNi05MmQxLTQzYmUtYmVmNC1iM2U2YWFjZ...</msg>
<var>${jwt}</var>
<arg>${data}</arg>
<arg>access_token</arg>
<doc>Returns a value from the given ``dictionary`` based on the given ``key``.</doc>
<status status="PASS" start="2026-02-04T09:43:10.245244" elapsed="0.000359"/>
</kw>
<kw name="Set Suite Variable" owner="BuiltIn">
<msg time="2026-02-04T09:43:10.246084" level="INFO">${JWT_TOKEN} = eyJhbGciOiJIUzI1NiIsImtpZCI6IlFPTmplU0JBTUhlMTY5WXUiLCJ0eXAiOiJKV1QifQ.eyJpc3MiOiJodHRwczovL25hdmZidGF4dGVyeGRjamp0ZmNvLnN1cGFiYXNlLmNvL2F1dGgvdjEiLCJzdWIiOiJkYWY1MDdmNi05MmQxLTQzYmUtYmVmNC1iM2U2YWFjZ...</msg>
<arg>${JWT_TOKEN}</arg>
<arg>${jwt}</arg>
<doc>Makes a variable available everywhere within the scope of the current suite.</doc>
<status status="PASS" start="2026-02-04T09:43:10.245715" elapsed="0.000409"/>
</kw>
<status status="PASS" start="2026-02-04T09:43:09.599567" elapsed="0.646628"/>
</kw>
<kw name="Checar Endpoint Protegido" owner="ApiValidator">
<kw name="Set Log Level" owner="BuiltIn">
<var>${old}</var>
<arg>NONE</arg>
<doc>Sets the log threshold to the specified level.</doc>
<status status="PASS" start="2026-02-04T09:43:10.246555" elapsed="0.000384"/>
</kw>
<kw name="Create Session" owner="RequestsLibrary">
<arg>api</arg>
<arg>${API_BASE}</arg>
<arg>timeout=${TIMEOUT}</arg>
<doc>Create Session: create a HTTP session to a server</doc>
<status status="PASS" start="2026-02-04T09:43:10.247041" elapsed="0.000372"/>
</kw>
<kw name="Create Dictionary" owner="BuiltIn">
<var>&amp;{headers}</var>
<arg>Authorization</arg>
<arg>Bearer ${JWT_TOKEN}</arg>
<arg>Content-Type</arg>
<arg>application/json</arg>
<doc>Creates and returns a dictionary based on the given ``items``.</doc>
<status status="PASS" start="2026-02-04T09:43:10.247524" elapsed="0.000364"/>
</kw>
<kw name="GET On Session" owner="RequestsLibrary">
<var>${resp}</var>
<arg>api</arg>
<arg>${ENDPOINT}</arg>
<arg>headers=${headers}</arg>
<doc>Sends a GET request on a previously created HTTP Session.</doc>
<status status="PASS" start="2026-02-04T09:43:10.247996" elapsed="0.868985"/>
</kw>
<kw name="Run Keyword Unless" owner="BuiltIn">
<arg>${resp.status_code} == 200</arg>
<arg>Fail</arg>
<arg>API check falhou: ${API_BASE}${ENDPOINT} retornou ${resp.status_code}. Body: ${resp.text}</arg>
<doc>*DEPRECATED since RF 5.0. Use native IF/ELSE or `Run Keyword If` instead.*</doc>
<status status="PASS" start="2026-02-04T09:43:11.117236" elapsed="0.001233"/>
</kw>
<kw name="Set Log Level" owner="BuiltIn">
<arg>${old}</arg>
<doc>Sets the log threshold to the specified level.</doc>
<status status="PASS" start="2026-02-04T09:43:11.118659" elapsed="0.000810"/>
</kw>
<status status="PASS" start="2026-02-04T09:43:10.246338" elapsed="0.873239"/>
</kw>
<status status="PASS" start="2026-02-04T09:43:09.599219" elapsed="1.520432"/>
</kw>
<test id="s1-s1-s1-t1" name="API - endpoint protegido responde 200" line="9">
<kw name="Suite Setup Seguro" owner="ApiValidator">
<kw name="Login Supabase via API" owner="ApiValidator">
<kw name="Create Session" owner="RequestsLibrary">
<msg time="2026-02-04T09:43:11.121592" level="INFO">Creating Session using : alias=auth, url=https://navfbtaxterxdcjjtfco.supabase.co, headers={},                     cookies={}, auth=None, timeout=5, proxies=None, verify=False,                     debug=0 </msg>
<arg>auth</arg>
<arg>${SUPABASE_AUTH_BASE}</arg>
<arg>timeout=${TIMEOUT}</arg>
<doc>Create Session: create a HTTP session to a server</doc>
<status status="PASS" start="2026-02-04T09:43:11.121256" elapsed="0.000529"/>
</kw>
<kw name="Create Dictionary" owner="BuiltIn">
<msg time="2026-02-04T09:43:11.122502" level="INFO">&amp;{headers} = { apikey=eyJhbGciOiJIUzI1NiIsInR5cCI6IkpXVCJ9.eyJpc3MiOiJzdXBhYmFzZSIsInJlZiI6Im5hdmZidGF4dGVyeGRjamp0ZmNvIiwicm9sZSI6ImFub24iLCJpYXQiOjE3NjU2MzkyMTYsImV4cCI6MjA4MTIxNTIxNn0.XBsD-fLoZuL2HJPYuFn5bQVZjd...</msg>
<var>&amp;{headers}</var>
<arg>apikey=${ANON_KEY}</arg>
<arg>Authorization=Bearer ${ANON_KEY}</arg>
<arg>Content-Type=application/json</arg>
<doc>Creates and returns a dictionary based on the given ``items``.</doc>
<status status="PASS" start="2026-02-04T09:43:11.121948" elapsed="0.000597"/>
</kw>
<kw name="Create Dictionary" owner="BuiltIn">
<msg time="2026-02-04T09:43:11.123232" level="INFO">&amp;{body} = { email=test-user@larissa.com | password=Senha@123 }</msg>
<var>&amp;{body}</var>
<arg>email=${EMAIL}</arg>
<arg>password=${PASSWORD}</arg>
<doc>Creates and returns a dictionary based on the given ``items``.</doc>
<status status="PASS" start="2026-02-04T09:43:11.122665" elapsed="0.000604"/>
</kw>
<kw name="Create Dictionary" owner="BuiltIn">
<msg time="2026-02-04T09:43:11.123853" level="INFO">&amp;{params} = { grant_type=password }</msg>
<var>&amp;{params}</var>
<arg>grant_type=password</arg>
<doc>Creates and returns a dictionary based on the given ``items``.</doc>
<status status="PASS" start="2026-02-04T09:43:11.123413" elapsed="0.000478"/>
</kw>
<kw name="POST On Session" owner="RequestsLibrary">
<msg time="2026-02-04T09:43:11.596777" level="INFO">POST Request : url=https://navfbtaxterxdcjjtfco.supabase.co/auth/v1/token?grant_type=password 
 path_url=/auth/v1/token?grant_type=password 
 headers={'User-Agent': 'python-requests/2.32.5', 'Accept-Encoding': 'gzip, deflate, zstd', 'Accept': '*/*', 'Connection': 'keep-alive', 'apikey': 'eyJhbGciOiJIUzI1NiIsInR5cCI6IkpXVCJ9.eyJpc3MiOiJzdXBhYmFzZSIsInJlZiI6Im5hdmZidGF4dGVyeGRjamp0ZmNvIiwicm9sZSI6ImFub24iLCJpYXQiOjE3NjU2MzkyMTYsImV4cCI6MjA4MTIxNTIxNn0.XBsD-fLoZuL2HJPYuFn5bQVZjd-ql9bvKF0DfvWdBoY', 'Authorization': 'Bearer eyJhbGciOiJIUzI1NiIsInR5cCI6IkpXVCJ9.eyJpc3MiOiJzdXBhYmFzZSIsInJlZiI6Im5hdmZidGF4dGVyeGRjamp0ZmNvIiwicm9sZSI6ImFub24iLCJpYXQiOjE3NjU2MzkyMTYsImV4cCI6MjA4MTIxNTIxNn0.XBsD-fLoZuL2HJPYuFn5bQVZjd-ql9bvKF0DfvWdBoY', 'Content-Type': 'application/json', 'Content-Length': '59'} 
 body=b'{"email": "test-user@larissa.com", "password": "Senha@123"}' 
 </msg>
<msg time="2026-02-04T09:43:11.596883" level="INFO">POST Response : url=https://navfbtaxterxdcjjtfco.supabase.co/auth/v1/token?grant_type=password 
 status=200, reason=OK 
 headers={'Date': 'Wed, 04 Feb 2026 12:43:16 GMT', 'Content-Type': 'application/json', 'Transfer-Encoding': 'chunked', 'Connection': 'keep-alive', 'Server': 'cloudflare', 'CF-Ray': '9c8a40b28c3d27fa-QWJ', 'CF-Cache-Status': 'DYNAMIC', 'Content-Encoding': 'gzip', 'Strict-Transport-Security': 'max-age=31536000; includeSubDomains; preload', 'Vary': 'Origin, Accept-Encoding', 'X-Content-Type-Options': 'nosniff', 'sb-auth-refresh-token-prefix': 'fg5vi', 'sb-auth-session-id': '9d3e11d5-f15b-448c-9eab-e6c79a8d3b3c', 'sb-auth-user-id': 'daf507f6-92d1-43be-bef4-b3e6aace522d', 'sb-gateway-version': '1', 'sb-project-ref': 'navfbtaxterxdcjjtfco', 'sb-request-id': '019c28ad-ab9f-7b50-8030-55df23684258', 'x-envoy-attempt-count': '1', 'x-envoy-upstream-service-time': '91', 'Set-Cookie': '__cf_bm=WU49HTa5uVXF16LII11pBn6AC16CxWhXp1RlwPhfKvs-1770208996-1.0.1.1-V_lzQqT9rHR07vH4HhAB9Lhi7NormBoCAdc_GO1DdZ5nwJG5JBi9_n61d8BLX7LQGC98FTpDMzzRMfFtetvSlA1H8gcEG.Ms8Viv505yQa0; path=/; expires=Wed, 04-Feb-26 13:13:16 GMT; domain=.supabase.co; HttpOnly; Secure; SameSite=None', 'alt-svc': 'h3=":443"; ma=86400'} 
 body={"access_token":"eyJhbGciOiJIUzI1NiIsImtpZCI6IlFPTmplU0JBTUhlMTY5WXUiLCJ0eXAiOiJKV1QifQ.eyJpc3MiOiJodHRwczovL25hdmZidGF4dGVyeGRjamp0ZmNvLnN1cGFiYXNlLmNvL2F1dGgvdjEiLCJzdWIiOiJkYWY1MDdmNi05MmQxLTQzYmUtYmVmNC1iM2U2YWFjZTUyMmQiLCJhdWQiOiJhdXRoZW50aWNhdGVkIiwiZXhwIjoxNzcwMjEyNTk2LCJpYXQiOjE3NzAyMDg5OTYsImVtYWlsIjoidGVzdC11c2VyQGxhcmlzc2EuY29tIiwicGhvbmUiOiIiLCJhcHBfbWV0YWRhdGEiOnsicHJvdmlkZXIiOiJlbWFpbCIsInByb3ZpZGVycyI6WyJlbWFpbCJdfSwidXNlcl9tZXRhZGF0YSI6eyJlbWFpbF92ZXJpZmllZCI6dHJ1ZX0sInJvbGUiOiJhdXRoZW50aWNhdGVkIiwiYWFsIjoiYWFsMSIsImFtciI6W3sibWV0aG9kIjoicGFzc3dvcmQiLCJ0aW1lc3RhbXAiOjE3NzAyMDg5OTZ9XSwic2Vzc2lvbl9pZCI6IjlkM2UxMWQ1LWYxNWItNDQ4Yy05ZWFiLWU2Yzc5YThkM2IzYyIsImlzX2Fub255bW91cyI6ZmFsc2V9.8IefrtuAcIzhhe90olinEum0kEURniRQSYYqZqUswdk","token_type":"bearer","expires_in":3600,"expires_at":1770212596,"refresh_token":"fg5vianq4dis","user":{"id":"daf507f6-92d1-43be-bef4-b3e6aace522d","aud":"authenticated","role":"authenticated","email":"test-user@larissa.com","email_confirmed_at":"2025-12-31T21:05:23.799727Z","phone":"","confirmed_at":"2025-12-31T21:05:23.799727Z","last_sign_in_at":"2026-02-04T12:43:16.421761278Z","app_metadata":{"provider":"email","providers":["email"]},"user_metadata":{"email_verified":true},"identities":[{"identity_id":"27cf74dc-c003-4fe7-bda1-d3a35fd15a6d","id":"daf507f6-92d1-43be-bef4-b3e6aace522d","user_id":"daf507f6-92d1-43be-bef4-b3e6aace522d","identity_data":{"email":"test-user@larissa.com","email_verified":false,"phone_verified":false,"sub":"daf507f6-92d1-43be-bef4-b3e6aace522d"},"provider":"email","last_sign_in_at":"2025-12-31T21:05:23.793263Z","created_at":"2025-12-31T21:05:23.79334Z","updated_at":"2025-12-31T21:05:23.79334Z","email":"test-user@larissa.com"}],"created_at":"2025-12-31T21:05:23.778618Z","updated_at":"2026-02-04T12:43:16.42637Z","is_anonymous":false},"weak_password":null} 
 </msg>
<msg time="2026-02-04T09:43:11.597001" level="INFO">C:\Users\danie\AppData\Local\Programs\Python\Python314\Lib\site-packages\urllib3\connectionpool.py:1097: InsecureRequestWarning: Unverified HTTPS request is being made to host 'navfbtaxterxdcjjtfco.supabase.co'. Adding certificate verification is strongly advised. See: https://urllib3.readthedocs.io/en/latest/advanced-usage.html#tls-warnings
  warnings.warn(</msg>
<msg time="2026-02-04T09:43:11.597347" level="INFO">${resp} = &lt;Response [200]&gt;</msg>
<var>${resp}</var>
<arg>auth</arg>
<arg>url=/auth/v1/token</arg>
<arg>params=${params}</arg>
<arg>json=${body}</arg>
<arg>headers=${headers}</arg>
<doc>Sends a POST request on a previously created HTTP Session.</doc>
<status status="PASS" start="2026-02-04T09:43:11.124021" elapsed="0.473356"/>
</kw>
<kw name="Should Be Equal As Integers" owner="BuiltIn">
<msg time="2026-02-04T09:43:11.598612" level="INFO">Argument types are:
&lt;class 'int'&gt;
&lt;class 'str'&gt;</msg>
<arg>${resp.status_code}</arg>
<arg>200</arg>
<doc>Fails if objects are unequal after converting them to integers.</doc>
<status status="PASS" start="2026-02-04T09:43:11.597667" elapsed="0.001003"/>
</kw>
<kw name="Evaluate" owner="BuiltIn">
<msg time="2026-02-04T09:43:11.599649" level="INFO">&amp;{data} = { access_token=eyJhbGciOiJIUzI1NiIsImtpZCI6IlFPTmplU0JBTUhlMTY5WXUiLCJ0eXAiOiJKV1QifQ.eyJpc3MiOiJodHRwczovL25hdmZidGF4dGVyeGRjamp0ZmNvLnN1cGFiYXNlLmNvL2F1dGgvdjEiLCJzdWIiOiJkYWY1MDdmNi05MmQxLTQzYmUtYm...</msg>
<var>&amp;{data}</var>
<arg>json.loads($resp.text)</arg>
<arg>json</arg>
<doc>Evaluates the given expression in Python and returns the result.</doc>
<status status="PASS" start="2026-02-04T09:43:11.598784" elapsed="0.000909"/>
</kw>
<kw name="Get From Dictionary" owner="Collections">
<msg time="2026-02-04T09:43:11.600392" level="INFO">${jwt} = eyJhbGciOiJIUzI1NiIsImtpZCI6IlFPTmplU0JBTUhlMTY5WXUiLCJ0eXAiOiJKV1QifQ.eyJpc3MiOiJodHRwczovL25hdmZidGF4dGVyeGRjamp0ZmNvLnN1cGFiYXNlLmNvL2F1dGgvdjEiLCJzdWIiOiJkYWY1MDdmNi05MmQxLTQzYmUtYmVmNC1iM2U2YWFjZ...</msg>
<var>${jwt}</var>
<arg>${data}</arg>
<arg>access_token</arg>
<doc>Returns a value from the given ``dictionary`` based on the given ``key``.</doc>
<status status="PASS" start="2026-02-04T09:43:11.599862" elapsed="0.000572"/>
</kw>
<kw name="Set Suite Variable" owner="BuiltIn">
<msg time="2026-02-04T09:43:11.601125" level="INFO">${JWT_TOKEN} = eyJhbGciOiJIUzI1NiIsImtpZCI6IlFPTmplU0JBTUhlMTY5WXUiLCJ0eXAiOiJKV1QifQ.eyJpc3MiOiJodHRwczovL25hdmZidGF4dGVyeGRjamp0ZmNvLnN1cGFiYXNlLmNvL2F1dGgvdjEiLCJzdWIiOiJkYWY1MDdmNi05MmQxLTQzYmUtYmVmNC1iM2U2YWFjZ...</msg>
<arg>${JWT_TOKEN}</arg>
<arg>${jwt}</arg>
<doc>Makes a variable available everywhere within the scope of the current suite.</doc>
<status status="PASS" start="2026-02-04T09:43:11.600601" elapsed="0.000576"/>
</kw>
<status status="PASS" start="2026-02-04T09:43:11.120902" elapsed="0.480361"/>
</kw>
<kw name="Checar Endpoint Protegido" owner="ApiValidator">
<kw name="Set Log Level" owner="BuiltIn">
<var>${old}</var>
<arg>NONE</arg>
<doc>Sets the log threshold to the specified level.</doc>
<status status="PASS" start="2026-02-04T09:43:11.601755" elapsed="0.000509"/>
</kw>
<kw name="Create Session" owner="RequestsLibrary">
<arg>api</arg>
<arg>${API_BASE}</arg>
<arg>timeout=${TIMEOUT}</arg>
<doc>Create Session: create a HTTP session to a server</doc>
<status status="PASS" start="2026-02-04T09:43:11.602376" elapsed="0.000378"/>
</kw>
<kw name="Create Dictionary" owner="BuiltIn">
<var>&amp;{headers}</var>
<arg>Authorization</arg>
<arg>Bearer ${JWT_TOKEN}</arg>
<arg>Content-Type</arg>
<arg>application/json</arg>
<doc>Creates and returns a dictionary based on the given ``items``.</doc>
<status status="PASS" start="2026-02-04T09:43:11.602877" elapsed="0.000409"/>
</kw>
<kw name="GET On Session" owner="RequestsLibrary">
<var>${resp}</var>
<arg>api</arg>
<arg>${ENDPOINT}</arg>
<arg>headers=${headers}</arg>
<doc>Sends a GET request on a previously created HTTP Session.</doc>
<status status="PASS" start="2026-02-04T09:43:11.603400" elapsed="0.700371"/>
</kw>
<kw name="Run Keyword Unless" owner="BuiltIn">
<arg>${resp.status_code} == 200</arg>
<arg>Fail</arg>
<arg>API check falhou: ${API_BASE}${ENDPOINT} retornou ${resp.status_code}. Body: ${resp.text}</arg>
<doc>*DEPRECATED since RF 5.0. Use native IF/ELSE or `Run Keyword If` instead.*</doc>
<status status="PASS" start="2026-02-04T09:43:12.304527" elapsed="0.010513"/>
</kw>
<kw name="Set Log Level" owner="BuiltIn">
<arg>${old}</arg>
<doc>Sets the log threshold to the specified level.</doc>
<status status="PASS" start="2026-02-04T09:43:12.315779" elapsed="0.001435"/>
</kw>
<status status="PASS" start="2026-02-04T09:43:11.601440" elapsed="0.715887"/>
</kw>
<status status="PASS" start="2026-02-04T09:43:11.120389" elapsed="1.197006"/>
</kw>
<msg time="2026-02-04T09:43:12.512187" level="INFO">Starting Browser process C:\Users\danie\AppData\Local\Programs\Python\Python314\Lib\site-packages\Browser\wrapper\index.js using at 127.0.0.1:50512</msg>
<status status="PASS" start="2026-02-04T09:43:11.119748" elapsed="1.197946"/>
</test>
<doc>Validar API antes de rodar as outras suites</doc>
<status status="PASS" start="2026-02-04T09:43:09.317791" elapsed="4.377730"/>
</suite>
<status status="PASS" start="2026-02-04T09:43:09.316327" elapsed="4.384161"/>
</suite>
<suite id="s1-s2" name="Functional" source="C:\Users\danie\OneDrive\Área de Trabalho\GamesRobot\tests\functional">
<suite id="s1-s2-s1" name="Checklogin" source="C:\Users\danie\OneDrive\Área de Trabalho\GamesRobot\tests\functional\checklogin.robot">
<test id="s1-s2-s1-t1" name="Home - smoke" line="12">
<kw name="Open Website" owner="settings" type="SETUP">
<kw name="New Browser" owner="Browser">
<msg time="2026-02-04T09:43:13.717586" level="INFO">{"browser": "chromium", "headless": false, "chromiumSandbox": false, "devtools": false, "handleSIGHUP": true, "handleSIGINT": true, "handleSIGTERM": true, "slowMo": 500.0, "timeout": 30000.0, "tracesDir": "C:\\Users\\danie\\OneDrive\\\u00c1rea de Trabalho\\GamesRobot\\results\\browser\\traces\\temp\\7228fb73-dd47-4d27-a7c2-f8a1cd7893a6"}</msg>
<msg time="2026-02-04T09:43:13.960528" level="INFO">Successfully created browser with options: {"browser":"chromium","headless":false,"chromiumSandbox":false,"devtools":false,"handleSIGHUP":true,"handleSIGINT":true,"handleSIGTERM":true,"slowMo":500,"timeout":30000,"tracesDir":"C:\\Users\\danie\\OneDrive\\Área de Trabalho\\GamesRobot\\results\\browser\\traces\\temp\\7228fb73-dd47-4d27-a7c2-f8a1cd7893a6"}</msg>
<arg>chromium</arg>
<arg>headless=${HEADLESS}</arg>
<arg>slowMo=${VELOCIT}</arg>
<tag>BrowserControl</tag>
<tag>Setter</tag>
<doc>Create a new playwright Browser with specified options.</doc>
<status status="PASS" start="2026-02-04T09:43:13.716483" elapsed="0.244322"/>
</kw>
<kw name="New Context" owner="Browser">
<msg time="2026-02-04T09:43:13.963263" level="INFO">{
  "acceptDownloads": true,
  "bypassCSP": false,
  "forcedColors": "none",
  "ignoreHTTPSErrors": false,
  "javaScriptEnabled": true,
  "offline": false,
  "reducedMotion": "no-preference",
  "serviceWorkers": "allow",
  "viewport": {
    "height": 720,
    "width": 1280
  }
}</msg>
<msg time="2026-02-04T09:43:13.980524" level="INFO">Successfully created context. </msg>
<msg time="2026-02-04T09:43:13.980630" level="INFO">{'acceptDownloads': True, 'bypassCSP': False, 'forcedColors': 'none', 'ignoreHTTPSErrors': False, 'javaScriptEnabled': True, 'offline': False, 'reducedMotion': 'no-preference', 'serviceWorkers': 'allow', 'viewport': {'height': 720, 'width': 1280}}</msg>
<tag>BrowserControl</tag>
<tag>Setter</tag>
<doc>Create a new BrowserContext with specified options.</doc>
<status status="PASS" start="2026-02-04T09:43:13.961116" elapsed="0.019623"/>
</kw>
<kw name="New Page" owner="Browser">
<msg time="2026-02-04T09:43:14.868087" level="INFO">Successfully initialized new page object and opened url: https://ephemeral-alfajores-312419.netlify.app/login-register</msg>
<arg>${URL}</arg>
<tag>BrowserControl</tag>
<tag>Setter</tag>
<doc>Open a new Page.</doc>
<status status="PASS" start="2026-02-04T09:43:13.981002" elapsed="0.887346"/>
</kw>
<status status="PASS" start="2026-02-04T09:43:13.715889" elapsed="1.152634"/>
</kw>
<kw name="Invalid Login" owner="LoginPage">
<kw name="Wait For Elements State" owner="Browser">
<msg time="2026-02-04T09:43:16.256937" level="INFO">Waited for Element with selector css=input[placeholder="seu@email.com"] at state visible</msg>
<arg>css=input[placeholder="seu@email.com"]</arg>
<arg>visible</arg>
<arg>10s</arg>
<tag>PageContent</tag>
<tag>Wait</tag>
<doc>Waits for the element found by ``selector`` to satisfy state option.</doc>
<status status="PASS" start="2026-02-04T09:43:14.869514" elapsed="1.387689"/>
</kw>
<kw name="Fill Text" owner="Browser">
<msg time="2026-02-04T09:43:16.258450" level="INFO">Fills the text 'test-user@larissa.com' in the given field.</msg>
<arg>css=input[placeholder="seu@email.com"]</arg>
<arg>${INVALID_EMAIL}</arg>
<tag>PageContent</tag>
<tag>Setter</tag>
<doc>Clears and fills the given ``txt`` into the text field found by ``selector``.</doc>
<status status="PASS" start="2026-02-04T09:43:16.257511" elapsed="0.523036"/>
</kw>
<kw name="Wait For Elements State" owner="Browser">
<msg time="2026-02-04T09:43:16.787199" level="INFO">Waited for Element with selector css=input[placeholder="password"] at state visible</msg>
<arg>css=input[placeholder="password"]</arg>
<arg>visible</arg>
<arg>10s</arg>
<tag>PageContent</tag>
<tag>Wait</tag>
<doc>Waits for the element found by ``selector`` to satisfy state option.</doc>
<status status="PASS" start="2026-02-04T09:43:16.780784" elapsed="0.006564"/>
</kw>
<kw name="Fill Text" owner="Browser">
<msg time="2026-02-04T09:43:16.788234" level="INFO">Fills the text 'senha_errada_123' in the given field.</msg>
<arg>css=input[placeholder="password"]</arg>
<arg>${INVALID_PASSWORD}</arg>
<tag>PageContent</tag>
<tag>Setter</tag>
<doc>Clears and fills the given ``txt`` into the text field found by ``selector``.</doc>
<status status="PASS" start="2026-02-04T09:43:16.787561" elapsed="0.523820"/>
</kw>
<kw name="Click" owner="Browser">
<msg time="2026-02-04T09:43:17.312460" level="INFO">Clicks the element 'role=button[name="Entrar"]'.</msg>
<arg>role=button[name="Entrar"]</arg>
<tag>PageContent</tag>
<tag>Setter</tag>
<doc>Simulates mouse click on the element found by ``selector``.</doc>
<status status="PASS" start="2026-02-04T09:43:17.311703" elapsed="0.554720"/>
</kw>
<kw name="Wait For Elements State" owner="Browser">
<msg time="2026-02-04T09:43:17.871893" level="INFO">Waited for Element with selector text=/Invalid login credentials/i at state visible</msg>
<arg>text=/Invalid login credentials/i</arg>
<arg>visible</arg>
<arg>10s</arg>
<tag>PageContent</tag>
<tag>Wait</tag>
<doc>Waits for the element found by ``selector`` to satisfy state option.</doc>
<status status="PASS" start="2026-02-04T09:43:17.866638" elapsed="0.005417"/>
</kw>
<status status="PASS" start="2026-02-04T09:43:14.868999" elapsed="3.003173"/>
</kw>
<kw name="Reload" owner="Browser">
<msg time="2026-02-04T09:43:18.451651" level="INFO">Reloaded page with options: {"waitUntil": "load"}</msg>
<tag>BrowserControl</tag>
<tag>Setter</tag>
<doc>Reloads current active page.</doc>
<status status="PASS" start="2026-02-04T09:43:17.872534" elapsed="0.579290"/>
</kw>
<kw name="Wait For Elements State" owner="Browser">
<msg time="2026-02-04T09:43:18.467767" level="INFO">Waited for Element with selector css=input[placeholder="seu@email.com"] at state visible</msg>
<arg>css=input[placeholder="seu@email.com"]</arg>
<arg>visible</arg>
<arg>10s</arg>
<tag>PageContent</tag>
<tag>Wait</tag>
<doc>Waits for the element found by ``selector`` to satisfy state option.</doc>
<status status="PASS" start="2026-02-04T09:43:18.452171" elapsed="0.015850"/>
</kw>
<kw name="Login" owner="LoginPage">
<kw name="Wait For Elements State" owner="Browser">
<msg time="2026-02-04T09:43:18.475794" level="INFO">Waited for Element with selector css=input[placeholder="seu@email.com"] at state visible</msg>
<arg>css=input[placeholder="seu@email.com"]</arg>
<arg>visible</arg>
<arg>10s</arg>
<tag>PageContent</tag>
<tag>Wait</tag>
<doc>Waits for the element found by ``selector`` to satisfy state option.</doc>
<status status="PASS" start="2026-02-04T09:43:18.469037" elapsed="0.007243"/>
</kw>
<kw name="Fill Text" owner="Browser">
<msg time="2026-02-04T09:43:18.478072" level="INFO">Fills the text 'test-user@larissa.com' in the given field.</msg>
<arg>css=input[placeholder="seu@email.com"]</arg>
<arg>${EMAIL}</arg>
<tag>PageContent</tag>
<tag>Setter</tag>
<doc>Clears and fills the given ``txt`` into the text field found by ``selector``.</doc>
<status status="PASS" start="2026-02-04T09:43:18.476746" elapsed="0.536145"/>
</kw>
<kw name="Wait For Elements State" owner="Browser">
<msg time="2026-02-04T09:43:19.024895" level="INFO">Waited for Element with selector css=input[placeholder="password"] at state visible</msg>
<arg>css=input[placeholder="password"]</arg>
<arg>visible</arg>
<arg>10s</arg>
<tag>PageContent</tag>
<tag>Wait</tag>
<doc>Waits for the element found by ``selector`` to satisfy state option.</doc>
<status status="PASS" start="2026-02-04T09:43:19.013266" elapsed="0.011820"/>
</kw>
<kw name="Fill Text" owner="Browser">
<msg time="2026-02-04T09:43:19.025960" level="INFO">Fills the text 'Senha@123' in the given field.</msg>
<arg>css=input[placeholder="password"]</arg>
<arg>${PASSWORD}</arg>
<tag>PageContent</tag>
<tag>Setter</tag>
<doc>Clears and fills the given ``txt`` into the text field found by ``selector``.</doc>
<status status="PASS" start="2026-02-04T09:43:19.025300" elapsed="0.520182"/>
</kw>
<kw name="Click" owner="Browser">
<msg time="2026-02-04T09:43:19.546400" level="INFO">Clicks the element 'role=button[name="Entrar"]'.</msg>
<arg>role=button[name="Entrar"]</arg>
<tag>PageContent</tag>
<tag>Setter</tag>
<doc>Simulates mouse click on the element found by ``selector``.</doc>
<status status="PASS" start="2026-02-04T09:43:19.545728" elapsed="0.536982"/>
</kw>
<status status="PASS" start="2026-02-04T09:43:18.468485" elapsed="1.614380"/>
</kw>
<kw name="Validate Home Screen" owner="pages">
<kw name="Wait For Elements State" owner="Browser">
<msg time="2026-02-04T09:43:20.090175" level="INFO">Waited for Element with selector role=link[name="Jogarei"] at state visible</msg>
<arg>role=link[name="Jogarei"]</arg>
<arg>visible</arg>
<arg>5s</arg>
<tag>PageContent</tag>
<tag>Wait</tag>
<doc>Waits for the element found by ``selector`` to satisfy state option.</doc>
<status status="PASS" start="2026-02-04T09:43:20.083639" elapsed="0.006775"/>
</kw>
<status status="PASS" start="2026-02-04T09:43:20.083179" elapsed="0.007402"/>
</kw>
<msg time="2026-02-04T09:43:20.103364" level="INFO">Switching context to context=2b6f185b-2658-4347-9b8f-d0885c201b17 in CURRENT</msg>
<msg time="2026-02-04T09:43:20.113247" level="INFO">Successfully changed active context: context=2b6f185b-2658-4347-9b8f-d0885c201b17</msg>
<msg time="2026-02-04T09:43:20.134930" level="INFO">Successfully closed Context</msg>
<tag>smoke</tag>
<status status="PASS" start="2026-02-04T09:43:13.713546" elapsed="6.377324"/>
</test>
<status status="PASS" start="2026-02-04T09:43:13.702942" elapsed="6.433138"/>
</suite>
<suite id="s1-s2-s2" name="Flow" source="C:\Users\danie\OneDrive\Área de Trabalho\GamesRobot\tests\functional\flow.robot">
<test id="s1-s2-s2-t1" name="Add-save-complete a game" line="10">
<kw name="Open Website" owner="settings" type="SETUP">
<kw name="New Browser" owner="Browser">
<msg time="2026-02-04T09:43:20.163778" level="INFO">Switching browser to browser=4b3725cf-5b25-4db5-9244-10b4ae30205e</msg>
<msg time="2026-02-04T09:43:20.165837" level="INFO">Successfully changed active browser: browser=4b3725cf-5b25-4db5-9244-10b4ae30205e</msg>
<msg time="2026-02-04T09:43:20.166019" level="INFO">Reusing existing browser with id: browser=4b3725cf-5b25-4db5-9244-10b4ae30205e</msg>
<arg>chromium</arg>
<arg>headless=${HEADLESS}</arg>
<arg>slowMo=${VELOCIT}</arg>
<tag>BrowserControl</tag>
<tag>Setter</tag>
<doc>Create a new playwright Browser with specified options.</doc>
<status status="PASS" start="2026-02-04T09:43:20.163007" elapsed="0.003214"/>
</kw>
<kw name="New Context" owner="Browser">
<msg time="2026-02-04T09:43:20.169108" level="INFO">{
  "acceptDownloads": true,
  "bypassCSP": false,
  "forcedColors": "none",
  "ignoreHTTPSErrors": false,
  "javaScriptEnabled": true,
  "offline": false,
  "reducedMotion": "no-preference",
  "serviceWorkers": "allow",
  "viewport": {
    "height": 720,
    "width": 1280
  }
}</msg>
<msg time="2026-02-04T09:43:20.180492" level="INFO">Successfully created context. </msg>
<msg time="2026-02-04T09:43:20.180617" level="INFO">{'acceptDownloads': True, 'bypassCSP': False, 'forcedColors': 'none', 'ignoreHTTPSErrors': False, 'javaScriptEnabled': True, 'offline': False, 'reducedMotion': 'no-preference', 'serviceWorkers': 'allow', 'viewport': {'height': 720, 'width': 1280}}</msg>
<tag>BrowserControl</tag>
<tag>Setter</tag>
<doc>Create a new BrowserContext with specified options.</doc>
<status status="PASS" start="2026-02-04T09:43:20.166751" elapsed="0.013969"/>
</kw>
<kw name="New Page" owner="Browser">
<msg time="2026-02-04T09:43:21.019477" level="INFO">Successfully initialized new page object and opened url: https://ephemeral-alfajores-312419.netlify.app/login-register</msg>
<arg>${URL}</arg>
<tag>BrowserControl</tag>
<tag>Setter</tag>
<doc>Open a new Page.</doc>
<status status="PASS" start="2026-02-04T09:43:20.180951" elapsed="0.838794"/>
</kw>
<status status="PASS" start="2026-02-04T09:43:20.162428" elapsed="0.857462"/>
</kw>
<kw name="Ensure Logged In And Home" owner="settings">
<kw name="Login" owner="LoginPage">
<kw name="Wait For Elements State" owner="Browser">
<msg time="2026-02-04T09:43:22.870024" level="INFO">Waited for Element with selector css=input[placeholder="seu@email.com"] at state visible</msg>
<arg>css=input[placeholder="seu@email.com"]</arg>
<arg>visible</arg>
<arg>10s</arg>
<tag>PageContent</tag>
<tag>Wait</tag>
<doc>Waits for the element found by ``selector`` to satisfy state option.</doc>
<status status="PASS" start="2026-02-04T09:43:21.020938" elapsed="1.849264"/>
</kw>
<kw name="Fill Text" owner="Browser">
<msg time="2026-02-04T09:43:22.870978" level="INFO">Fills the text 'test-user@larissa.com' in the given field.</msg>
<arg>css=input[placeholder="seu@email.com"]</arg>
<arg>${EMAIL}</arg>
<tag>PageContent</tag>
<tag>Setter</tag>
<doc>Clears and fills the given ``txt`` into the text field found by ``selector``.</doc>
<status status="PASS" start="2026-02-04T09:43:22.870393" elapsed="0.512075"/>
</kw>
<kw name="Wait For Elements State" owner="Browser">
<msg time="2026-02-04T09:43:23.388796" level="INFO">Waited for Element with selector css=input[placeholder="password"] at state visible</msg>
<arg>css=input[placeholder="password"]</arg>
<arg>visible</arg>
<arg>10s</arg>
<tag>PageContent</tag>
<tag>Wait</tag>
<doc>Waits for the element found by ``selector`` to satisfy state option.</doc>
<status status="PASS" start="2026-02-04T09:43:23.382766" elapsed="0.006406"/>
</kw>
<kw name="Fill Text" owner="Browser">
<msg time="2026-02-04T09:43:23.390310" level="INFO">Fills the text 'Senha@123' in the given field.</msg>
<arg>css=input[placeholder="password"]</arg>
<arg>${PASSWORD}</arg>
<tag>PageContent</tag>
<tag>Setter</tag>
<doc>Clears and fills the given ``txt`` into the text field found by ``selector``.</doc>
<status status="PASS" start="2026-02-04T09:43:23.389576" elapsed="0.512709"/>
</kw>
<kw name="Click" owner="Browser">
<msg time="2026-02-04T09:43:23.903111" level="INFO">Clicks the element 'role=button[name="Entrar"]'.</msg>
<arg>role=button[name="Entrar"]</arg>
<tag>PageContent</tag>
<tag>Setter</tag>
<doc>Simulates mouse click on the element found by ``selector``.</doc>
<status status="PASS" start="2026-02-04T09:43:23.902512" elapsed="0.548182"/>
</kw>
<status status="PASS" start="2026-02-04T09:43:21.020668" elapsed="3.430158"/>
</kw>
<kw name="Validate Home Screen" owner="pages">
<kw name="Wait For Elements State" owner="Browser">
<msg time="2026-02-04T09:43:24.456260" level="INFO">Waited for Element with selector role=link[name="Jogarei"] at state visible</msg>
<arg>role=link[name="Jogarei"]</arg>
<arg>visible</arg>
<arg>5s</arg>
<tag>PageContent</tag>
<tag>Wait</tag>
<doc>Waits for the element found by ``selector`` to satisfy state option.</doc>
<status status="PASS" start="2026-02-04T09:43:24.451391" elapsed="0.005024"/>
</kw>
<status status="PASS" start="2026-02-04T09:43:24.450998" elapsed="0.005529"/>
</kw>
<status status="PASS" start="2026-02-04T09:43:21.020224" elapsed="3.436353"/>
</kw>
<kw name="Saved game page" owner="pages">
<kw name="Wait For Elements State" owner="Browser">
<msg time="2026-02-04T09:43:27.345761" level="INFO">Waited for Element with selector css=svg[data-testid="BookmarkBorderIcon"] &gt;&gt; nth=0 at state visible</msg>
<arg>css=svg[data-testid="BookmarkBorderIcon"] &gt;&gt; nth=0</arg>
<arg>visible</arg>
<arg>10s</arg>
<tag>PageContent</tag>
<tag>Wait</tag>
<doc>Waits for the element found by ``selector`` to satisfy state option.</doc>
<status status="PASS" start="2026-02-04T09:43:24.457301" elapsed="2.888663"/>
</kw>
<kw name="Set Variable" owner="BuiltIn">
<msg time="2026-02-04T09:43:27.346739" level="INFO">${btn} = css=svg[data-testid="BookmarkBorderIcon"] &gt;&gt; nth=0 &gt;&gt; xpath=ancestor::button[1]</msg>
<var>${btn}</var>
<arg>css=svg[data-testid="BookmarkBorderIcon"] &gt;&gt; nth=0 &gt;&gt; xpath=ancestor::button[1]</arg>
<doc>Returns the given values which can then be assigned to a variables.</doc>
<status status="PASS" start="2026-02-04T09:43:27.346198" elapsed="0.000579"/>
</kw>
<kw name="Set Variable" owner="BuiltIn">
<msg time="2026-02-04T09:43:27.347359" level="INFO">${card} = css=svg[data-testid="BookmarkBorderIcon"] &gt;&gt; nth=0 &gt;&gt; xpath=ancestor::button[1] &gt;&gt; xpath=ancestor::div[contains(@class,"relative")][1]</msg>
<var>${card}</var>
<arg>${btn} &gt;&gt; xpath=ancestor::div[contains(@class,"relative")][1]</arg>
<doc>Returns the given values which can then be assigned to a variables.</doc>
<status status="PASS" start="2026-02-04T09:43:27.346912" elapsed="0.000484"/>
</kw>
<kw name="Get Text" owner="Browser">
<msg time="2026-02-04T09:43:27.371399" level="INFO">Text: 'PROJECT: GORGON'</msg>
<msg time="2026-02-04T09:43:27.371591" level="INFO">${game_name} = PROJECT: GORGON</msg>
<var>${game_name}</var>
<arg>${card} &gt;&gt; css=span &gt;&gt; nth=0</arg>
<tag>Assertion</tag>
<tag>Getter</tag>
<tag>PageContent</tag>
<doc>Returns text attribute of the element found by ``selector``.</doc>
<status status="PASS" start="2026-02-04T09:43:27.347539" elapsed="0.024089"/>
</kw>
<kw name="Strip String" owner="String">
<msg time="2026-02-04T09:43:27.372299" level="INFO">${game_name} = PROJECT: GORGON</msg>
<var>${game_name}</var>
<arg>${game_name}</arg>
<doc>Remove leading and/or trailing whitespaces from the given string.</doc>
<status status="PASS" start="2026-02-04T09:43:27.371867" elapsed="0.000458"/>
</kw>
<kw name="Click" owner="Browser">
<msg time="2026-02-04T09:43:27.372881" level="INFO">Clicks the element 'css=[data-testid="BookmarkBorderIcon"] &gt;&gt; nth=0'.</msg>
<arg>css=[data-testid="BookmarkBorderIcon"] &gt;&gt; nth=0</arg>
<tag>PageContent</tag>
<tag>Setter</tag>
<doc>Simulates mouse click on the element found by ``selector``.</doc>
<status status="PASS" start="2026-02-04T09:43:27.372430" elapsed="0.732480"/>
</kw>
<kw name="Log To Console" owner="BuiltIn">
<arg>Nome do jogo clicado: ${game_name}</arg>
<doc>Logs the given message to the console.</doc>
<status status="PASS" start="2026-02-04T09:43:28.105122" elapsed="0.000607"/>
</kw>
<kw name="Click" owner="Browser">
<msg time="2026-02-04T09:43:28.106305" level="INFO">Clicks the element 'role=link[name="Jogarei"] &gt;&gt; nth=0'.</msg>
<arg>role=link[name="Jogarei"] &gt;&gt; nth=0</arg>
<tag>PageContent</tag>
<tag>Setter</tag>
<doc>Simulates mouse click on the element found by ``selector``.</doc>
<status status="PASS" start="2026-02-04T09:43:28.105860" elapsed="0.547309"/>
</kw>
<kw name="Wait For Elements State" owner="Browser">
<msg time="2026-02-04T09:43:28.659241" level="INFO">Waited for Element with selector text=PROJECT: GORGON at state visible</msg>
<arg>text=${game_name}</arg>
<arg>visible</arg>
<arg>10s</arg>
<tag>PageContent</tag>
<tag>Wait</tag>
<doc>Waits for the element found by ``selector`` to satisfy state option.</doc>
<status status="PASS" start="2026-02-04T09:43:28.653483" elapsed="0.005916"/>
</kw>
<status status="PASS" start="2026-02-04T09:43:24.456897" elapsed="4.202613"/>
</kw>
<kw name="Wait For Elements State" owner="Browser">
<msg time="2026-02-04T09:43:28.664207" level="INFO">Waited for Element with selector svg[data-testid="SportsEsportsIcon"] &gt;&gt; nth=0 at state visible</msg>
<arg>svg[data-testid="SportsEsportsIcon"] &gt;&gt; nth=0</arg>
<arg>visible</arg>
<arg>10s</arg>
<tag>PageContent</tag>
<tag>Wait</tag>
<doc>Waits for the element found by ``selector`` to satisfy state option.</doc>
<status status="PASS" start="2026-02-04T09:43:28.659874" elapsed="0.004565"/>
</kw>
<kw name="Click" owner="Browser">
<msg time="2026-02-04T09:43:28.665367" level="INFO">Clicks the element 'svg[data-testid="SportsEsportsIcon"] &gt;&gt; nth=0'.</msg>
<arg>svg[data-testid="SportsEsportsIcon"] &gt;&gt; nth=0</arg>
<tag>PageContent</tag>
<tag>Setter</tag>
<doc>Simulates mouse click on the element found by ``selector``.</doc>
<status status="PASS" start="2026-02-04T09:43:28.664762" elapsed="1.327111"/>
</kw>
<kw name="Wait For Elements State" owner="Browser">
<msg time="2026-02-04T09:43:29.998531" level="INFO">Waited for Element with selector text="Jogo movido para Jogando!" at state attached</msg>
<arg>text="Jogo movido para Jogando!"</arg>
<arg>attached</arg>
<arg>500ms</arg>
<tag>PageContent</tag>
<tag>Wait</tag>
<doc>Waits for the element found by ``selector`` to satisfy state option.</doc>
<status status="PASS" start="2026-02-04T09:43:29.992627" elapsed="0.006104"/>
</kw>
<kw name="Click page Jogando" owner="pages">
<kw name="Wait For Elements State" owner="Browser">
<msg time="2026-02-04T09:43:30.004621" level="INFO">Waited for Element with selector role=link[name="Jogando"] at state visible</msg>
<arg>role=link[name="Jogando"]</arg>
<arg>visible</arg>
<arg>10s</arg>
<tag>PageContent</tag>
<tag>Wait</tag>
<doc>Waits for the element found by ``selector`` to satisfy state option.</doc>
<status status="PASS" start="2026-02-04T09:43:29.999476" elapsed="0.005379"/>
</kw>
<kw name="Click" owner="Browser">
<msg time="2026-02-04T09:43:30.005617" level="INFO">Clicks the element 'role=link[name="Jogando"]'.</msg>
<arg>role=link[name="Jogando"]</arg>
<tag>PageContent</tag>
<tag>Setter</tag>
<doc>Simulates mouse click on the element found by ``selector``.</doc>
<status status="PASS" start="2026-02-04T09:43:30.005069" elapsed="0.536486"/>
</kw>
<status status="PASS" start="2026-02-04T09:43:29.999062" elapsed="0.542683"/>
</kw>
<kw name="Wait For Elements State" owner="Browser">
<msg time="2026-02-04T09:43:30.548568" level="INFO">Waited for Element with selector css=svg[data-testid="SportsScoreIcon"] &gt;&gt; nth=0 at state visible</msg>
<arg>css=svg[data-testid="SportsScoreIcon"] &gt;&gt; nth=0</arg>
<arg>visible</arg>
<arg>10s</arg>
<tag>PageContent</tag>
<tag>Wait</tag>
<doc>Waits for the element found by ``selector`` to satisfy state option.</doc>
<status status="PASS" start="2026-02-04T09:43:30.542076" elapsed="0.006663"/>
</kw>
<kw name="Click" owner="Browser">
<msg time="2026-02-04T09:43:30.549647" level="INFO">Clicks the element 'css=svg[data-testid="SportsScoreIcon"] &gt;&gt; nth=0'.</msg>
<arg>css=svg[data-testid="SportsScoreIcon"] &gt;&gt; nth=0</arg>
<tag>PageContent</tag>
<tag>Setter</tag>
<doc>Simulates mouse click on the element found by ``selector``.</doc>
<status status="PASS" start="2026-02-04T09:43:30.549046" elapsed="0.582271"/>
</kw>
<kw name="Wait For Elements State" owner="Browser">
<msg time="2026-02-04T09:43:31.146641" level="INFO">Waited for Element with selector role=button[name="Salvar"] at state visible</msg>
<arg>role=button[name="Salvar"]</arg>
<arg>state=visible</arg>
<arg>timeout=10s</arg>
<tag>PageContent</tag>
<tag>Wait</tag>
<doc>Waits for the element found by ``selector`` to satisfy state option.</doc>
<status status="PASS" start="2026-02-04T09:43:31.131909" elapsed="0.014993"/>
</kw>
<msg time="2026-02-04T09:43:31.161601" level="INFO">Switching context to context=7570d23d-5797-430d-91c3-13859c2911ce in CURRENT</msg>
<msg time="2026-02-04T09:43:31.167903" level="INFO">Successfully changed active context: context=7570d23d-5797-430d-91c3-13859c2911ce</msg>
<msg time="2026-02-04T09:43:31.191713" level="INFO">Successfully closed Context</msg>
<status status="PASS" start="2026-02-04T09:43:20.158909" elapsed="10.988537"/>
</test>
<status status="PASS" start="2026-02-04T09:43:20.141340" elapsed="11.051931"/>
</suite>
<suite id="s1-s2-s3" name="Games" source="C:\Users\danie\OneDrive\Área de Trabalho\GamesRobot\tests\functional\games.robot">
<test id="s1-s2-s3-t1" name="Verify Tooltip Logout and exit button" line="25">
<kw name="Open Website" owner="settings" type="SETUP">
<kw name="New Browser" owner="Browser">
<msg time="2026-02-04T09:43:31.223835" level="INFO">Switching browser to browser=4b3725cf-5b25-4db5-9244-10b4ae30205e</msg>
<msg time="2026-02-04T09:43:31.225894" level="INFO">Successfully changed active browser: browser=4b3725cf-5b25-4db5-9244-10b4ae30205e</msg>
<msg time="2026-02-04T09:43:31.226108" level="INFO">Reusing existing browser with id: browser=4b3725cf-5b25-4db5-9244-10b4ae30205e</msg>
<arg>chromium</arg>
<arg>headless=${HEADLESS}</arg>
<arg>slowMo=${VELOCIT}</arg>
<tag>BrowserControl</tag>
<tag>Setter</tag>
<doc>Create a new playwright Browser with specified options.</doc>
<status status="PASS" start="2026-02-04T09:43:31.222901" elapsed="0.003293"/>
</kw>
<kw name="New Context" owner="Browser">
<msg time="2026-02-04T09:43:31.228231" level="INFO">{
  "acceptDownloads": true,
  "bypassCSP": false,
  "forcedColors": "none",
  "ignoreHTTPSErrors": false,
  "javaScriptEnabled": true,
  "offline": false,
  "reducedMotion": "no-preference",
  "serviceWorkers": "allow",
  "viewport": {
    "height": 720,
    "width": 1280
  }
}</msg>
<msg time="2026-02-04T09:43:31.238653" level="INFO">Successfully created context. </msg>
<msg time="2026-02-04T09:43:31.238746" level="INFO">{'acceptDownloads': True, 'bypassCSP': False, 'forcedColors': 'none', 'ignoreHTTPSErrors': False, 'javaScriptEnabled': True, 'offline': False, 'reducedMotion': 'no-preference', 'serviceWorkers': 'allow', 'viewport': {'height': 720, 'width': 1280}}</msg>
<tag>BrowserControl</tag>
<tag>Setter</tag>
<doc>Create a new BrowserContext with specified options.</doc>
<status status="PASS" start="2026-02-04T09:43:31.226488" elapsed="0.012332"/>
</kw>
<kw name="New Page" owner="Browser">
<msg time="2026-02-04T09:43:32.083883" level="INFO">Successfully initialized new page object and opened url: https://ephemeral-alfajores-312419.netlify.app/login-register</msg>
<arg>${URL}</arg>
<tag>BrowserControl</tag>
<tag>Setter</tag>
<doc>Open a new Page.</doc>
<status status="PASS" start="2026-02-04T09:43:31.239021" elapsed="0.845069"/>
</kw>
<status status="PASS" start="2026-02-04T09:43:31.222279" elapsed="0.861922"/>
</kw>
<kw name="Ensure Logged In And Home" owner="settings">
<kw name="Login" owner="LoginPage">
<kw name="Wait For Elements State" owner="Browser">
<msg time="2026-02-04T09:43:33.459564" level="INFO">Waited for Element with selector css=input[placeholder="seu@email.com"] at state visible</msg>
<arg>css=input[placeholder="seu@email.com"]</arg>
<arg>visible</arg>
<arg>10s</arg>
<tag>PageContent</tag>
<tag>Wait</tag>
<doc>Waits for the element found by ``selector`` to satisfy state option.</doc>
<status status="PASS" start="2026-02-04T09:43:32.085766" elapsed="1.374057"/>
</kw>
<kw name="Fill Text" owner="Browser">
<msg time="2026-02-04T09:43:33.460999" level="INFO">Fills the text 'test-user@larissa.com' in the given field.</msg>
<arg>css=input[placeholder="seu@email.com"]</arg>
<arg>${EMAIL}</arg>
<tag>PageContent</tag>
<tag>Setter</tag>
<doc>Clears and fills the given ``txt`` into the text field found by ``selector``.</doc>
<status status="PASS" start="2026-02-04T09:43:33.460101" elapsed="0.528350"/>
</kw>
<kw name="Wait For Elements State" owner="Browser">
<msg time="2026-02-04T09:43:33.993991" level="INFO">Waited for Element with selector css=input[placeholder="password"] at state visible</msg>
<arg>css=input[placeholder="password"]</arg>
<arg>visible</arg>
<arg>10s</arg>
<tag>PageContent</tag>
<tag>Wait</tag>
<doc>Waits for the element found by ``selector`` to satisfy state option.</doc>
<status status="PASS" start="2026-02-04T09:43:33.988686" elapsed="0.005529"/>
</kw>
<kw name="Fill Text" owner="Browser">
<msg time="2026-02-04T09:43:33.995152" level="INFO">Fills the text 'Senha@123' in the given field.</msg>
<arg>css=input[placeholder="password"]</arg>
<arg>${PASSWORD}</arg>
<tag>PageContent</tag>
<tag>Setter</tag>
<doc>Clears and fills the given ``txt`` into the text field found by ``selector``.</doc>
<status status="PASS" start="2026-02-04T09:43:33.994445" elapsed="0.509712"/>
</kw>
<kw name="Click" owner="Browser">
<msg time="2026-02-04T09:43:34.505114" level="INFO">Clicks the element 'role=button[name="Entrar"]'.</msg>
<arg>role=button[name="Entrar"]</arg>
<tag>PageContent</tag>
<tag>Setter</tag>
<doc>Simulates mouse click on the element found by ``selector``.</doc>
<status status="PASS" start="2026-02-04T09:43:34.504464" elapsed="0.539013"/>
</kw>
<status status="PASS" start="2026-02-04T09:43:32.085421" elapsed="2.958291"/>
</kw>
<kw name="Validate Home Screen" owner="pages">
<kw name="Wait For Elements State" owner="Browser">
<msg time="2026-02-04T09:43:35.059640" level="INFO">Waited for Element with selector role=link[name="Jogarei"] at state visible</msg>
<arg>role=link[name="Jogarei"]</arg>
<arg>visible</arg>
<arg>5s</arg>
<tag>PageContent</tag>
<tag>Wait</tag>
<doc>Waits for the element found by ``selector`` to satisfy state option.</doc>
<status status="PASS" start="2026-02-04T09:43:35.046190" elapsed="0.013711"/>
</kw>
<status status="PASS" start="2026-02-04T09:43:35.044038" elapsed="0.016033"/>
</kw>
<status status="PASS" start="2026-02-04T09:43:32.084692" elapsed="2.975464"/>
</kw>
<kw name="Wait For Elements State" owner="Browser">
<msg time="2026-02-04T09:43:35.394229" level="INFO">Waited for Element with selector css=input[placeholder*="Pesquise"] at state visible</msg>
<arg>css=input[placeholder*="Pesquise"]</arg>
<arg>visible</arg>
<arg>10s</arg>
<tag>PageContent</tag>
<tag>Wait</tag>
<doc>Waits for the element found by ``selector`` to satisfy state option.</doc>
<status status="PASS" start="2026-02-04T09:43:35.060501" elapsed="0.333923"/>
</kw>
<kw name="Hover" owner="Browser">
<arg>text="Sair"</arg>
<tag>PageContent</tag>
<tag>Setter</tag>
<doc>Moves the virtual mouse and scrolls to the element found by ``selector``.</doc>
<status status="PASS" start="2026-02-04T09:43:35.394754" elapsed="0.534526"/>
</kw>
<kw name="Wait For Elements State" owner="Browser">
<msg time="2026-02-04T09:43:35.936671" level="INFO">Waited for Element with selector text="Sair" at state visible</msg>
<arg>text="Sair"</arg>
<arg>visible</arg>
<arg>5s</arg>
<tag>PageContent</tag>
<tag>Wait</tag>
<doc>Waits for the element found by ``selector`` to satisfy state option.</doc>
<status status="PASS" start="2026-02-04T09:43:35.929792" elapsed="0.007195"/>
</kw>
<kw name="Click" owner="Browser">
<msg time="2026-02-04T09:43:35.938115" level="INFO">Clicks the element 'text="Sair"'.</msg>
<arg>text="Sair"</arg>
<tag>PageContent</tag>
<tag>Setter</tag>
<doc>Simulates mouse click on the element found by ``selector``.</doc>
<status status="PASS" start="2026-02-04T09:43:35.937415" elapsed="0.532621"/>
</kw>
<kw name="Get Url" owner="Browser">
<msg time="2026-02-04T09:43:36.473212" level="INFO">${current_url} = https://ephemeral-alfajores-312419.netlify.app/login</msg>
<var>${current_url}</var>
<tag>Assertion</tag>
<tag>Getter</tag>
<tag>PageContent</tag>
<doc>Returns the current URL.</doc>
<status status="PASS" start="2026-02-04T09:43:36.470815" elapsed="0.002433"/>
</kw>
<kw name="Should Contain" owner="BuiltIn">
<arg>${current_url}</arg>
<arg>/login</arg>
<doc>Fails if ``container`` does not contain ``item`` one or more times.</doc>
<status status="PASS" start="2026-02-04T09:43:36.473544" elapsed="0.001337"/>
</kw>
<msg time="2026-02-04T09:43:36.733327" level="INFO">Switching context to context=b0100cd8-f5df-43c2-ae1a-39f2bfa2cb47 in CURRENT</msg>
<msg time="2026-02-04T09:43:36.739733" level="INFO">Successfully changed active context: context=b0100cd8-f5df-43c2-ae1a-39f2bfa2cb47</msg>
<msg time="2026-02-04T09:43:36.757467" level="INFO">Successfully closed Context</msg>
<status status="PASS" start="2026-02-04T09:43:31.219547" elapsed="5.256123"/>
</test>
<test id="s1-s2-s3-t2" name="Search Games" line="35">
<kw name="Open Website" owner="settings" type="SETUP">
<kw name="New Browser" owner="Browser">
<msg time="2026-02-04T09:43:36.762569" level="INFO">Switching browser to browser=4b3725cf-5b25-4db5-9244-10b4ae30205e</msg>
<msg time="2026-02-04T09:43:36.763887" level="INFO">Successfully changed active browser: browser=4b3725cf-5b25-4db5-9244-10b4ae30205e</msg>
<msg time="2026-02-04T09:43:36.763950" level="INFO">Reusing existing browser with id: browser=4b3725cf-5b25-4db5-9244-10b4ae30205e</msg>
<arg>chromium</arg>
<arg>headless=${HEADLESS}</arg>
<arg>slowMo=${VELOCIT}</arg>
<tag>BrowserControl</tag>
<tag>Setter</tag>
<doc>Create a new playwright Browser with specified options.</doc>
<status status="PASS" start="2026-02-04T09:43:36.761826" elapsed="0.002177"/>
</kw>
<kw name="New Context" owner="Browser">
<msg time="2026-02-04T09:43:36.765458" level="INFO">{
  "acceptDownloads": true,
  "bypassCSP": false,
  "forcedColors": "none",
  "ignoreHTTPSErrors": false,
  "javaScriptEnabled": true,
  "offline": false,
  "reducedMotion": "no-preference",
  "serviceWorkers": "allow",
  "viewport": {
    "height": 720,
    "width": 1280
  }
}</msg>
<msg time="2026-02-04T09:43:36.788627" level="INFO">Successfully created context. </msg>
<msg time="2026-02-04T09:43:36.788751" level="INFO">{'acceptDownloads': True, 'bypassCSP': False, 'forcedColors': 'none', 'ignoreHTTPSErrors': False, 'javaScriptEnabled': True, 'offline': False, 'reducedMotion': 'no-preference', 'serviceWorkers': 'allow', 'viewport': {'height': 720, 'width': 1280}}</msg>
<tag>BrowserControl</tag>
<tag>Setter</tag>
<doc>Create a new BrowserContext with specified options.</doc>
<status status="PASS" start="2026-02-04T09:43:36.764163" elapsed="0.024698"/>
</kw>
<kw name="New Page" owner="Browser">
<msg time="2026-02-04T09:43:37.634346" level="INFO">Successfully initialized new page object and opened url: https://ephemeral-alfajores-312419.netlify.app/login-register</msg>
<arg>${URL}</arg>
<tag>BrowserControl</tag>
<tag>Setter</tag>
<doc>Open a new Page.</doc>
<status status="PASS" start="2026-02-04T09:43:36.789173" elapsed="0.845395"/>
</kw>
<status status="PASS" start="2026-02-04T09:43:36.761219" elapsed="0.873458"/>
</kw>
<kw name="Ensure Logged In And Home" owner="settings">
<kw name="Login" owner="LoginPage">
<kw name="Wait For Elements State" owner="Browser">
<msg time="2026-02-04T09:43:39.490747" level="INFO">Waited for Element with selector css=input[placeholder="seu@email.com"] at state visible</msg>
<arg>css=input[placeholder="seu@email.com"]</arg>
<arg>visible</arg>
<arg>10s</arg>
<tag>PageContent</tag>
<tag>Wait</tag>
<doc>Waits for the element found by ``selector`` to satisfy state option.</doc>
<status status="PASS" start="2026-02-04T09:43:37.635816" elapsed="1.855127"/>
</kw>
<kw name="Fill Text" owner="Browser">
<msg time="2026-02-04T09:43:39.492030" level="INFO">Fills the text 'test-user@larissa.com' in the given field.</msg>
<arg>css=input[placeholder="seu@email.com"]</arg>
<arg>${EMAIL}</arg>
<tag>PageContent</tag>
<tag>Setter</tag>
<doc>Clears and fills the given ``txt`` into the text field found by ``selector``.</doc>
<status status="PASS" start="2026-02-04T09:43:39.491154" elapsed="0.517932"/>
</kw>
<kw name="Wait For Elements State" owner="Browser">
<msg time="2026-02-04T09:43:40.015791" level="INFO">Waited for Element with selector css=input[placeholder="password"] at state visible</msg>
<arg>css=input[placeholder="password"]</arg>
<arg>visible</arg>
<arg>10s</arg>
<tag>PageContent</tag>
<tag>Wait</tag>
<doc>Waits for the element found by ``selector`` to satisfy state option.</doc>
<status status="PASS" start="2026-02-04T09:43:40.009498" elapsed="0.006531"/>
</kw>
<kw name="Fill Text" owner="Browser">
<msg time="2026-02-04T09:43:40.017045" level="INFO">Fills the text 'Senha@123' in the given field.</msg>
<arg>css=input[placeholder="password"]</arg>
<arg>${PASSWORD}</arg>
<tag>PageContent</tag>
<tag>Setter</tag>
<doc>Clears and fills the given ``txt`` into the text field found by ``selector``.</doc>
<status status="PASS" start="2026-02-04T09:43:40.016263" elapsed="0.520406"/>
</kw>
<kw name="Click" owner="Browser">
<msg time="2026-02-04T09:43:40.537512" level="INFO">Clicks the element 'role=button[name="Entrar"]'.</msg>
<arg>role=button[name="Entrar"]</arg>
<tag>PageContent</tag>
<tag>Setter</tag>
<doc>Simulates mouse click on the element found by ``selector``.</doc>
<status status="PASS" start="2026-02-04T09:43:40.536893" elapsed="0.552740"/>
</kw>
<status status="PASS" start="2026-02-04T09:43:37.635542" elapsed="3.454270"/>
</kw>
<kw name="Validate Home Screen" owner="pages">
<kw name="Wait For Elements State" owner="Browser">
<msg time="2026-02-04T09:43:41.105109" level="INFO">Waited for Element with selector role=link[name="Jogarei"] at state visible</msg>
<arg>role=link[name="Jogarei"]</arg>
<arg>visible</arg>
<arg>5s</arg>
<tag>PageContent</tag>
<tag>Wait</tag>
<doc>Waits for the element found by ``selector`` to satisfy state option.</doc>
<status status="PASS" start="2026-02-04T09:43:41.090538" elapsed="0.014911"/>
</kw>
<status status="PASS" start="2026-02-04T09:43:41.090041" elapsed="0.015596"/>
</kw>
<status status="PASS" start="2026-02-04T09:43:37.635027" elapsed="3.470696"/>
</kw>
<kw name="Wait For Elements State" owner="Browser">
<msg time="2026-02-04T09:43:41.406575" level="INFO">Waited for Element with selector css=input[placeholder*="Pesquise"] at state visible</msg>
<arg>css=input[placeholder*="Pesquise"]</arg>
<arg>visible</arg>
<arg>10s</arg>
<tag>PageContent</tag>
<tag>Wait</tag>
<doc>Waits for the element found by ``selector`` to satisfy state option.</doc>
<status status="PASS" start="2026-02-04T09:43:41.106061" elapsed="0.300753"/>
</kw>
<kw name="Fill Text" owner="Browser">
<msg time="2026-02-04T09:43:41.407935" level="INFO">Fills the text 'Cyberpunk 2077' in the given field.</msg>
<arg>css=input[placeholder*="Pesquise"]</arg>
<arg>${SEARCH}</arg>
<tag>PageContent</tag>
<tag>Setter</tag>
<doc>Clears and fills the given ``txt`` into the text field found by ``selector``.</doc>
<status status="PASS" start="2026-02-04T09:43:41.407178" elapsed="0.517439"/>
</kw>
<kw name="Press Keys" owner="Browser">
<arg>css=input[placeholder*="Pesquise"]</arg>
<arg>Enter</arg>
<tag>PageContent</tag>
<tag>Setter</tag>
<doc>Types the given key combination into element found by ``selector``.</doc>
<status status="PASS" start="2026-02-04T09:43:41.925118" elapsed="0.520148"/>
</kw>
<kw name="Wait For Elements State" owner="Browser">
<msg time="2026-02-04T09:43:43.791441" level="INFO">Waited for Element with selector css=img[alt*="Cyberpunk"] &gt;&gt; nth=0 at state visible</msg>
<arg>css=img[alt*="Cyberpunk"] &gt;&gt; nth=0</arg>
<arg>visible</arg>
<arg>10s</arg>
<tag>PageContent</tag>
<tag>Wait</tag>
<doc>Waits for the element found by ``selector`` to satisfy state option.</doc>
<status status="PASS" start="2026-02-04T09:43:42.445666" elapsed="1.346042"/>
</kw>
<kw name="Get Element Count" owner="Browser">
<msg time="2026-02-04T09:43:43.801235" level="INFO">${count} = 10</msg>
<var>${count}</var>
<arg>css=img[alt*="Cyberpunk"]</arg>
<tag>Assertion</tag>
<tag>Getter</tag>
<tag>PageContent</tag>
<doc>Returns the count of elements found with ``selector``.</doc>
<status status="PASS" start="2026-02-04T09:43:43.792146" elapsed="0.009145"/>
</kw>
<kw name="Should Be True" owner="BuiltIn">
<arg>${count} &gt; 0</arg>
<doc>Fails if the given condition is not true.</doc>
<status status="PASS" start="2026-02-04T09:43:43.801636" elapsed="0.000584"/>
</kw>
<kw name="Log To Console" owner="BuiltIn">
<arg>\n[SEARCH] Cards encontrados: ${count}\n</arg>
<doc>Logs the given message to the console.</doc>
<status status="PASS" start="2026-02-04T09:43:43.802376" elapsed="0.000402"/>
</kw>
<msg time="2026-02-04T09:43:43.816398" level="INFO">Switching context to context=5577e2bc-bfac-46db-9e3f-b181888d403c in CURRENT</msg>
<msg time="2026-02-04T09:43:43.822554" level="INFO">Successfully changed active context: context=5577e2bc-bfac-46db-9e3f-b181888d403c</msg>
<msg time="2026-02-04T09:43:43.845614" level="INFO">Successfully closed Context</msg>
<tag>smoke</tag>
<status status="PASS" start="2026-02-04T09:43:36.758561" elapsed="7.044461"/>
</test>
<test id="s1-s2-s3-t3" name="Search Nonexistent Game" line="46">
<kw name="Open Website" owner="settings" type="SETUP">
<kw name="New Browser" owner="Browser">
<msg time="2026-02-04T09:43:43.850938" level="INFO">Switching browser to browser=4b3725cf-5b25-4db5-9244-10b4ae30205e</msg>
<msg time="2026-02-04T09:43:43.852925" level="INFO">Successfully changed active browser: browser=4b3725cf-5b25-4db5-9244-10b4ae30205e</msg>
<msg time="2026-02-04T09:43:43.853074" level="INFO">Reusing existing browser with id: browser=4b3725cf-5b25-4db5-9244-10b4ae30205e</msg>
<arg>chromium</arg>
<arg>headless=${HEADLESS}</arg>
<arg>slowMo=${VELOCIT}</arg>
<tag>BrowserControl</tag>
<tag>Setter</tag>
<doc>Create a new playwright Browser with specified options.</doc>
<status status="PASS" start="2026-02-04T09:43:43.850149" elapsed="0.003007"/>
</kw>
<kw name="New Context" owner="Browser">
<msg time="2026-02-04T09:43:43.857167" level="INFO">{
  "acceptDownloads": true,
  "bypassCSP": false,
  "forcedColors": "none",
  "ignoreHTTPSErrors": false,
  "javaScriptEnabled": true,
  "offline": false,
  "reducedMotion": "no-preference",
  "serviceWorkers": "allow",
  "viewport": {
    "height": 720,
    "width": 1280
  }
}</msg>
<msg time="2026-02-04T09:43:43.876849" level="INFO">Successfully created context. </msg>
<msg time="2026-02-04T09:43:43.877021" level="INFO">{'acceptDownloads': True, 'bypassCSP': False, 'forcedColors': 'none', 'ignoreHTTPSErrors': False, 'javaScriptEnabled': True, 'offline': False, 'reducedMotion': 'no-preference', 'serviceWorkers': 'allow', 'viewport': {'height': 720, 'width': 1280}}</msg>
<tag>BrowserControl</tag>
<tag>Setter</tag>
<doc>Create a new BrowserContext with specified options.</doc>
<status status="PASS" start="2026-02-04T09:43:43.853469" elapsed="0.023697"/>
</kw>
<kw name="New Page" owner="Browser">
<msg time="2026-02-04T09:43:44.801676" level="INFO">Successfully initialized new page object and opened url: https://ephemeral-alfajores-312419.netlify.app/login-register</msg>
<arg>${URL}</arg>
<tag>BrowserControl</tag>
<tag>Setter</tag>
<doc>Open a new Page.</doc>
<status status="PASS" start="2026-02-04T09:43:43.877566" elapsed="0.924421"/>
</kw>
<status status="PASS" start="2026-02-04T09:43:43.849669" elapsed="0.952464"/>
</kw>
<kw name="Ensure Logged In And Home" owner="settings">
<kw name="Login" owner="LoginPage">
<kw name="Wait For Elements State" owner="Browser">
<msg time="2026-02-04T09:43:46.647614" level="INFO">Waited for Element with selector css=input[placeholder="seu@email.com"] at state visible</msg>
<arg>css=input[placeholder="seu@email.com"]</arg>
<arg>visible</arg>
<arg>10s</arg>
<tag>PageContent</tag>
<tag>Wait</tag>
<doc>Waits for the element found by ``selector`` to satisfy state option.</doc>
<status status="PASS" start="2026-02-04T09:43:44.803377" elapsed="1.844914"/>
</kw>
<kw name="Fill Text" owner="Browser">
<msg time="2026-02-04T09:43:46.650685" level="INFO">Fills the text 'test-user@larissa.com' in the given field.</msg>
<arg>css=input[placeholder="seu@email.com"]</arg>
<arg>${EMAIL}</arg>
<tag>PageContent</tag>
<tag>Setter</tag>
<doc>Clears and fills the given ``txt`` into the text field found by ``selector``.</doc>
<status status="PASS" start="2026-02-04T09:43:46.649202" elapsed="0.520492"/>
</kw>
<kw name="Wait For Elements State" owner="Browser">
<msg time="2026-02-04T09:43:47.175844" level="INFO">Waited for Element with selector css=input[placeholder="password"] at state visible</msg>
<arg>css=input[placeholder="password"]</arg>
<arg>visible</arg>
<arg>10s</arg>
<tag>PageContent</tag>
<tag>Wait</tag>
<doc>Waits for the element found by ``selector`` to satisfy state option.</doc>
<status status="PASS" start="2026-02-04T09:43:47.170170" elapsed="0.005876"/>
</kw>
<kw name="Fill Text" owner="Browser">
<msg time="2026-02-04T09:43:47.177130" level="INFO">Fills the text 'Senha@123' in the given field.</msg>
<arg>css=input[placeholder="password"]</arg>
<arg>${PASSWORD}</arg>
<tag>PageContent</tag>
<tag>Setter</tag>
<doc>Clears and fills the given ``txt`` into the text field found by ``selector``.</doc>
<status status="PASS" start="2026-02-04T09:43:47.176305" elapsed="0.518296"/>
</kw>
<kw name="Click" owner="Browser">
<msg time="2026-02-04T09:43:47.695762" level="INFO">Clicks the element 'role=button[name="Entrar"]'.</msg>
<arg>role=button[name="Entrar"]</arg>
<tag>PageContent</tag>
<tag>Setter</tag>
<doc>Simulates mouse click on the element found by ``selector``.</doc>
<status status="PASS" start="2026-02-04T09:43:47.694934" elapsed="0.566124"/>
</kw>
<status status="PASS" start="2026-02-04T09:43:44.803023" elapsed="3.458192"/>
</kw>
<kw name="Validate Home Screen" owner="pages">
<kw name="Wait For Elements State" owner="Browser">
<msg time="2026-02-04T09:43:49.098403" level="INFO">Waited for Element with selector role=link[name="Jogarei"] at state visible</msg>
<arg>role=link[name="Jogarei"]</arg>
<arg>visible</arg>
<arg>5s</arg>
<tag>PageContent</tag>
<tag>Wait</tag>
<doc>Waits for the element found by ``selector`` to satisfy state option.</doc>
<status status="PASS" start="2026-02-04T09:43:48.261860" elapsed="0.836795"/>
</kw>
<status status="PASS" start="2026-02-04T09:43:48.261417" elapsed="0.837391"/>
</kw>
<status status="PASS" start="2026-02-04T09:43:44.802513" elapsed="4.296364"/>
</kw>
<kw name="Wait For Elements State" owner="Browser">
<msg time="2026-02-04T09:43:49.108188" level="INFO">Waited for Element with selector css=input[placeholder*="Pesquise"] at state visible</msg>
<arg>css=input[placeholder*="Pesquise"]</arg>
<arg>visible</arg>
<arg>10s</arg>
<tag>PageContent</tag>
<tag>Wait</tag>
<doc>Waits for the element found by ``selector`` to satisfy state option.</doc>
<status status="PASS" start="2026-02-04T09:43:49.099244" elapsed="0.009168"/>
</kw>
<kw name="Fill Text" owner="Browser">
<msg time="2026-02-04T09:43:49.109442" level="INFO">Fills the text 'asdfghjklqwerty12345' in the given field.</msg>
<arg>css=input[placeholder*="Pesquise"]</arg>
<arg>${INVALID_SEARCH}</arg>
<tag>PageContent</tag>
<tag>Setter</tag>
<doc>Clears and fills the given ``txt`` into the text field found by ``selector``.</doc>
<status status="PASS" start="2026-02-04T09:43:49.108771" elapsed="0.512828"/>
</kw>
<kw name="Press Keys" owner="Browser">
<arg>css=input[placeholder*="Pesquise"]</arg>
<arg>Enter</arg>
<tag>PageContent</tag>
<tag>Setter</tag>
<doc>Types the given key combination into element found by ``selector``.</doc>
<status status="PASS" start="2026-02-04T09:43:49.622460" elapsed="0.526776"/>
</kw>
<kw name="Wait For Elements State" owner="Browser">
<msg time="2026-02-04T09:43:53.520429" level="INFO">Waited for Element with selector css=[data-testid="empty-state-message"] at state visible</msg>
<arg>css=[data-testid="empty-state-message"]</arg>
<arg>visible</arg>
<arg>10s</arg>
<tag>PageContent</tag>
<tag>Wait</tag>
<doc>Waits for the element found by ``selector`` to satisfy state option.</doc>
<status status="PASS" start="2026-02-04T09:43:50.149837" elapsed="3.370782"/>
</kw>
<msg time="2026-02-04T09:43:53.531100" level="INFO">Switching context to context=cdb6b41f-eef9-4632-9065-3a69e0fbef49 in CURRENT</msg>
<msg time="2026-02-04T09:43:53.541699" level="INFO">Successfully changed active context: context=cdb6b41f-eef9-4632-9065-3a69e0fbef49</msg>
<msg time="2026-02-04T09:43:53.554999" level="INFO">Successfully closed Context</msg>
<status status="PASS" start="2026-02-04T09:43:43.846686" elapsed="9.674222"/>
</test>
<test id="s1-s2-s3-t4" name="Randomness Message Game Noexistent" line="54">
<kw name="Open Website" owner="settings" type="SETUP">
<kw name="New Browser" owner="Browser">
<msg time="2026-02-04T09:43:53.560987" level="INFO">Switching browser to browser=4b3725cf-5b25-4db5-9244-10b4ae30205e</msg>
<msg time="2026-02-04T09:43:53.563224" level="INFO">Successfully changed active browser: browser=4b3725cf-5b25-4db5-9244-10b4ae30205e</msg>
<msg time="2026-02-04T09:43:53.563491" level="INFO">Reusing existing browser with id: browser=4b3725cf-5b25-4db5-9244-10b4ae30205e</msg>
<arg>chromium</arg>
<arg>headless=${HEADLESS}</arg>
<arg>slowMo=${VELOCIT}</arg>
<tag>BrowserControl</tag>
<tag>Setter</tag>
<doc>Create a new playwright Browser with specified options.</doc>
<status status="PASS" start="2026-02-04T09:43:53.560025" elapsed="0.003578"/>
</kw>
<kw name="New Context" owner="Browser">
<msg time="2026-02-04T09:43:53.567656" level="INFO">{
  "acceptDownloads": true,
  "bypassCSP": false,
  "forcedColors": "none",
  "ignoreHTTPSErrors": false,
  "javaScriptEnabled": true,
  "offline": false,
  "reducedMotion": "no-preference",
  "serviceWorkers": "allow",
  "viewport": {
    "height": 720,
    "width": 1280
  }
}</msg>
<msg time="2026-02-04T09:43:53.586585" level="INFO">Successfully created context. </msg>
<msg time="2026-02-04T09:43:53.586705" level="INFO">{'acceptDownloads': True, 'bypassCSP': False, 'forcedColors': 'none', 'ignoreHTTPSErrors': False, 'javaScriptEnabled': True, 'offline': False, 'reducedMotion': 'no-preference', 'serviceWorkers': 'allow', 'viewport': {'height': 720, 'width': 1280}}</msg>
<tag>BrowserControl</tag>
<tag>Setter</tag>
<doc>Create a new BrowserContext with specified options.</doc>
<status status="PASS" start="2026-02-04T09:43:53.563999" elapsed="0.022794"/>
</kw>
<kw name="New Page" owner="Browser">
<msg time="2026-02-04T09:43:54.406953" level="INFO">Successfully initialized new page object and opened url: https://ephemeral-alfajores-312419.netlify.app/login-register</msg>
<arg>${URL}</arg>
<tag>BrowserControl</tag>
<tag>Setter</tag>
<doc>Open a new Page.</doc>
<status status="PASS" start="2026-02-04T09:43:53.587030" elapsed="0.820135"/>
</kw>
<status status="PASS" start="2026-02-04T09:43:53.559345" elapsed="0.847937"/>
</kw>
<kw name="Login" owner="LoginPage">
<kw name="Wait For Elements State" owner="Browser">
<msg time="2026-02-04T09:43:56.245341" level="INFO">Waited for Element with selector css=input[placeholder="seu@email.com"] at state visible</msg>
<arg>css=input[placeholder="seu@email.com"]</arg>
<arg>visible</arg>
<arg>10s</arg>
<tag>PageContent</tag>
<tag>Wait</tag>
<doc>Waits for the element found by ``selector`` to satisfy state option.</doc>
<status status="PASS" start="2026-02-04T09:43:54.408080" elapsed="1.837499"/>
</kw>
<kw name="Fill Text" owner="Browser">
<msg time="2026-02-04T09:43:56.246418" level="INFO">Fills the text 'test-user@larissa.com' in the given field.</msg>
<arg>css=input[placeholder="seu@email.com"]</arg>
<arg>${EMAIL}</arg>
<tag>PageContent</tag>
<tag>Setter</tag>
<doc>Clears and fills the given ``txt`` into the text field found by ``selector``.</doc>
<status status="PASS" start="2026-02-04T09:43:56.245796" elapsed="0.514279"/>
</kw>
<kw name="Wait For Elements State" owner="Browser">
<msg time="2026-02-04T09:43:56.765354" level="INFO">Waited for Element with selector css=input[placeholder="password"] at state visible</msg>
<arg>css=input[placeholder="password"]</arg>
<arg>visible</arg>
<arg>10s</arg>
<tag>PageContent</tag>
<tag>Wait</tag>
<doc>Waits for the element found by ``selector`` to satisfy state option.</doc>
<status status="PASS" start="2026-02-04T09:43:56.760296" elapsed="0.005254"/>
</kw>
<kw name="Fill Text" owner="Browser">
<msg time="2026-02-04T09:43:56.766334" level="INFO">Fills the text 'Senha@123' in the given field.</msg>
<arg>css=input[placeholder="password"]</arg>
<arg>${PASSWORD}</arg>
<tag>PageContent</tag>
<tag>Setter</tag>
<doc>Clears and fills the given ``txt`` into the text field found by ``selector``.</doc>
<status status="PASS" start="2026-02-04T09:43:56.765745" elapsed="0.524000"/>
</kw>
<kw name="Click" owner="Browser">
<msg time="2026-02-04T09:43:57.290598" level="INFO">Clicks the element 'role=button[name="Entrar"]'.</msg>
<arg>role=button[name="Entrar"]</arg>
<tag>PageContent</tag>
<tag>Setter</tag>
<doc>Simulates mouse click on the element found by ``selector``.</doc>
<status status="PASS" start="2026-02-04T09:43:57.290019" elapsed="0.539936"/>
</kw>
<status status="PASS" start="2026-02-04T09:43:54.407669" elapsed="3.422509"/>
</kw>
<kw name="Create List" owner="BuiltIn">
<msg time="2026-02-04T09:43:57.831502" level="INFO">@{seen} = [ ]</msg>
<var>@{seen}</var>
<doc>Returns a list containing given items.</doc>
<status status="PASS" start="2026-02-04T09:43:57.830731" elapsed="0.000814"/>
</kw>
<for flavor="IN RANGE">
<iter>
<kw name="Wait For Elements State" owner="Browser">
<msg time="2026-02-04T09:43:58.148529" level="INFO">Waited for Element with selector css=input[placeholder*="Pesquise"] at state visible</msg>
<arg>${SEARCH_INPUT}</arg>
<arg>visible</arg>
<arg>10s</arg>
<tag>PageContent</tag>
<tag>Wait</tag>
<doc>Waits for the element found by ``selector`` to satisfy state option.</doc>
<status status="PASS" start="2026-02-04T09:43:57.832734" elapsed="0.316031"/>
</kw>
<kw name="Fill Text" owner="Browser">
<msg time="2026-02-04T09:43:58.149708" level="INFO">Fills the text 'asdfghjklqwerty12345-0' in the given field.</msg>
<arg>${SEARCH_INPUT}</arg>
<arg>${INVALID_BASE}-${i}</arg>
<tag>PageContent</tag>
<tag>Setter</tag>
<doc>Clears and fills the given ``txt`` into the text field found by ``selector``.</doc>
<status status="PASS" start="2026-02-04T09:43:58.148998" elapsed="0.516055"/>
</kw>
<kw name="Press Keys" owner="Browser">
<arg>${SEARCH_INPUT}</arg>
<arg>Enter</arg>
<tag>PageContent</tag>
<tag>Setter</tag>
<doc>Types the given key combination into element found by ``selector``.</doc>
<status status="PASS" start="2026-02-04T09:43:58.665348" elapsed="0.514429"/>
</kw>
<kw name="Wait For Elements State" owner="Browser">
<msg time="2026-02-04T09:44:01.019662" level="INFO">Waited for Element with selector css=[data-testid="empty-state-message"] at state visible</msg>
<arg>${EMPTY_STATE}</arg>
<arg>visible</arg>
<arg>10s</arg>
<tag>PageContent</tag>
<tag>Wait</tag>
<doc>Waits for the element found by ``selector`` to satisfy state option.</doc>
<status status="PASS" start="2026-02-04T09:43:59.180009" elapsed="1.839855"/>
</kw>
<kw name="Get Text" owner="Browser">
<msg time="2026-02-04T09:44:01.044064" level="INFO">Text: 'GAME OVER! ESSE JOGO NÃO APARECEU POR AQUI.'</msg>
<msg time="2026-02-04T09:44:01.044257" level="INFO">${txt} = GAME OVER! ESSE JOGO NÃO APARECEU POR AQUI.</msg>
<var>${txt}</var>
<arg>${EMPTY_STATE}</arg>
<tag>Assertion</tag>
<tag>Getter</tag>
<tag>PageContent</tag>
<doc>Returns text attribute of the element found by ``selector``.</doc>
<status status="PASS" start="2026-02-04T09:44:01.020146" elapsed="0.024143"/>
</kw>
<kw name="Strip String" owner="String">
<msg time="2026-02-04T09:44:01.044905" level="INFO">${txt} = GAME OVER! ESSE JOGO NÃO APARECEU POR AQUI.</msg>
<var>${txt}</var>
<arg>${txt}</arg>
<doc>Remove leading and/or trailing whitespaces from the given string.</doc>
<status status="PASS" start="2026-02-04T09:44:01.044485" elapsed="0.000447"/>
</kw>
<kw name="Convert To Lower Case" owner="String">
<msg time="2026-02-04T09:44:01.045296" level="INFO">${txt} = game over! esse jogo não apareceu por aqui.</msg>
<var>${txt}</var>
<arg>${txt}</arg>
<doc>Converts string to lower case.</doc>
<status status="PASS" start="2026-02-04T09:44:01.045048" elapsed="0.000275"/>
</kw>
<kw name="Replace String" owner="String">
<msg time="2026-02-04T09:44:01.045995" level="INFO">${txt} = game over! esse jogo não apareceu por aqui.</msg>
<var>${txt}</var>
<arg>${txt}</arg>
<arg>…</arg>
<arg>...</arg>
<doc>Replaces ``search_for`` in the given ``string`` with ``replace_with``.</doc>
<status status="PASS" start="2026-02-04T09:44:01.045421" elapsed="0.000619"/>
</kw>
<kw name="Run Keyword And Return Status" owner="BuiltIn">
<kw name="Should Contain" owner="BuiltIn">
<arg>${txt}</arg>
<arg>game over</arg>
<doc>Fails if ``container`` does not contain ``item`` one or more times.</doc>
<status status="PASS" start="2026-02-04T09:44:01.046716" elapsed="0.000406"/>
</kw>
<msg time="2026-02-04T09:44:01.047214" level="INFO">${is_gameover} = True</msg>
<var>${is_gameover}</var>
<arg>Should Contain</arg>
<arg>${txt}</arg>
<arg>game over</arg>
<doc>Runs the specified keyword and returns the status as a Boolean value.</doc>
<status status="PASS" start="2026-02-04T09:44:01.046228" elapsed="0.001009"/>
</kw>
<kw name="Run Keyword And Return Status" owner="BuiltIn">
<kw name="Should Contain" owner="BuiltIn">
<msg time="2026-02-04T09:44:01.048096" level="FAIL">'game over! esse jogo não apareceu por aqui.' does not contain 'procuramos'</msg>
<arg>${txt}</arg>
<arg>procuramos</arg>
<doc>Fails if ``container`` does not contain ``item`` one or more times.</doc>
<status status="FAIL" start="2026-02-04T09:44:01.047684" elapsed="0.000592">'game over! esse jogo não apareceu por aqui.' does not contain 'procuramos'</status>
</kw>
[...]
<arg>text="Jogo removido da lista."</arg>
<arg>visible</arg>
<arg>10s</arg>
<tag>PageContent</tag>
<tag>Wait</tag>
<doc>Waits for the element found by ``selector`` to satisfy state option.</doc>
<status status="PASS" start="2026-02-04T09:45:35.325482" elapsed="0.009425"/>
</kw>
<msg time="2026-02-04T09:45:35.346919" level="INFO">Switching context to context=947c9628-ebe9-4051-baee-b9e4d5ab71e2 in CURRENT</msg>
<msg time="2026-02-04T09:45:35.352794" level="INFO">Successfully changed active context: context=947c9628-ebe9-4051-baee-b9e4d5ab71e2</msg>
<msg time="2026-02-04T09:45:35.370934" level="INFO">Successfully closed Context</msg>
<status status="PASS" start="2026-02-04T09:45:28.621752" elapsed="6.713475"/>
</test>
<test id="s1-s2-s5-t2" name="Validate feedback jogando" line="19">
<kw name="Open Website" owner="settings" type="SETUP">
<kw name="New Browser" owner="Browser">
<msg time="2026-02-04T09:45:35.375003" level="INFO">Switching browser to browser=4b3725cf-5b25-4db5-9244-10b4ae30205e</msg>
<msg time="2026-02-04T09:45:35.376596" level="INFO">Successfully changed active browser: browser=4b3725cf-5b25-4db5-9244-10b4ae30205e</msg>
<msg time="2026-02-04T09:45:35.376685" level="INFO">Reusing existing browser with id: browser=4b3725cf-5b25-4db5-9244-10b4ae30205e</msg>
<arg>chromium</arg>
<arg>headless=${HEADLESS}</arg>
<arg>slowMo=${VELOCIT}</arg>
<tag>BrowserControl</tag>
<tag>Setter</tag>
<doc>Create a new playwright Browser with specified options.</doc>
<status status="PASS" start="2026-02-04T09:45:35.374234" elapsed="0.002519"/>
</kw>
<kw name="New Context" owner="Browser">
<msg time="2026-02-04T09:45:35.378184" level="INFO">{
  "acceptDownloads": true,
  "bypassCSP": false,
  "forcedColors": "none",
  "ignoreHTTPSErrors": false,
  "javaScriptEnabled": true,
  "offline": false,
  "reducedMotion": "no-preference",
  "serviceWorkers": "allow",
  "viewport": {
    "height": 720,
    "width": 1280
  }
}</msg>
<msg time="2026-02-04T09:45:35.392018" level="INFO">Successfully created context. </msg>
<msg time="2026-02-04T09:45:35.392244" level="INFO">{'acceptDownloads': True, 'bypassCSP': False, 'forcedColors': 'none', 'ignoreHTTPSErrors': False, 'javaScriptEnabled': True, 'offline': False, 'reducedMotion': 'no-preference', 'serviceWorkers': 'allow', 'viewport': {'height': 720, 'width': 1280}}</msg>
<tag>BrowserControl</tag>
<tag>Setter</tag>
<doc>Create a new BrowserContext with specified options.</doc>
<status status="PASS" start="2026-02-04T09:45:35.376967" elapsed="0.015403"/>
</kw>
<kw name="New Page" owner="Browser">
<msg time="2026-02-04T09:45:36.230428" level="INFO">Successfully initialized new page object and opened url: https://ephemeral-alfajores-312419.netlify.app/login-register</msg>
<arg>${URL}</arg>
<tag>BrowserControl</tag>
<tag>Setter</tag>
<doc>Open a new Page.</doc>
<status status="PASS" start="2026-02-04T09:45:35.392705" elapsed="0.837916"/>
</kw>
<status status="PASS" start="2026-02-04T09:45:35.373734" elapsed="0.856995"/>
</kw>
<kw name="Ensure Logged In And Home" owner="settings">
<kw name="Login" owner="LoginPage">
<kw name="Wait For Elements State" owner="Browser">
<msg time="2026-02-04T09:45:38.084778" level="INFO">Waited for Element with selector css=input[placeholder="seu@email.com"] at state visible</msg>
<arg>css=input[placeholder="seu@email.com"]</arg>
<arg>visible</arg>
<arg>10s</arg>
<tag>PageContent</tag>
<tag>Wait</tag>
<doc>Waits for the element found by ``selector`` to satisfy state option.</doc>
<status status="PASS" start="2026-02-04T09:45:36.232180" elapsed="1.852767"/>
</kw>
<kw name="Fill Text" owner="Browser">
<msg time="2026-02-04T09:45:38.085751" level="INFO">Fills the text 'test-user@larissa.com' in the given field.</msg>
<arg>css=input[placeholder="seu@email.com"]</arg>
<arg>${EMAIL}</arg>
<tag>PageContent</tag>
<tag>Setter</tag>
<doc>Clears and fills the given ``txt`` into the text field found by ``selector``.</doc>
<status status="PASS" start="2026-02-04T09:45:38.085166" elapsed="0.515781"/>
</kw>
<kw name="Wait For Elements State" owner="Browser">
<msg time="2026-02-04T09:45:38.605961" level="INFO">Waited for Element with selector css=input[placeholder="password"] at state visible</msg>
<arg>css=input[placeholder="password"]</arg>
<arg>visible</arg>
<arg>10s</arg>
<tag>PageContent</tag>
<tag>Wait</tag>
<doc>Waits for the element found by ``selector`` to satisfy state option.</doc>
<status status="PASS" start="2026-02-04T09:45:38.601166" elapsed="0.004962"/>
</kw>
<kw name="Fill Text" owner="Browser">
<msg time="2026-02-04T09:45:38.606930" level="INFO">Fills the text 'Senha@123' in the given field.</msg>
<arg>css=input[placeholder="password"]</arg>
<arg>${PASSWORD}</arg>
<tag>PageContent</tag>
<tag>Setter</tag>
<doc>Clears and fills the given ``txt`` into the text field found by ``selector``.</doc>
<status status="PASS" start="2026-02-04T09:45:38.606332" elapsed="0.515937"/>
</kw>
<kw name="Click" owner="Browser">
<msg time="2026-02-04T09:45:39.123080" level="INFO">Clicks the element 'role=button[name="Entrar"]'.</msg>
<arg>role=button[name="Entrar"]</arg>
<tag>PageContent</tag>
<tag>Setter</tag>
<doc>Simulates mouse click on the element found by ``selector``.</doc>
<status status="PASS" start="2026-02-04T09:45:39.122508" elapsed="0.562541"/>
</kw>
<status status="PASS" start="2026-02-04T09:45:36.231866" elapsed="3.453337"/>
</kw>
<kw name="Validate Home Screen" owner="pages">
<kw name="Wait For Elements State" owner="Browser">
<msg time="2026-02-04T09:45:39.704060" level="INFO">Waited for Element with selector role=link[name="Jogarei"] at state visible</msg>
<arg>role=link[name="Jogarei"]</arg>
<arg>visible</arg>
<arg>5s</arg>
<tag>PageContent</tag>
<tag>Wait</tag>
<doc>Waits for the element found by ``selector`` to satisfy state option.</doc>
<status status="PASS" start="2026-02-04T09:45:39.685875" elapsed="0.018378"/>
</kw>
<status status="PASS" start="2026-02-04T09:45:39.685392" elapsed="0.019179"/>
</kw>
<status status="PASS" start="2026-02-04T09:45:36.231193" elapsed="3.473441"/>
</kw>
<kw name="Click page Jogarei" owner="pages">
<kw name="Wait For Elements State" owner="Browser">
<msg time="2026-02-04T09:45:39.721741" level="INFO">Waited for Element with selector role=link[name="Jogarei"] at state visible</msg>
<arg>role=link[name="Jogarei"]</arg>
<arg>visible</arg>
<arg>10s</arg>
<tag>PageContent</tag>
<tag>Wait</tag>
<doc>Waits for the element found by ``selector`` to satisfy state option.</doc>
<status status="PASS" start="2026-02-04T09:45:39.705597" elapsed="0.016414"/>
</kw>
<kw name="Click" owner="Browser">
<msg time="2026-02-04T09:45:39.723280" level="INFO">Clicks the element 'role=link[name="Jogarei"]'.</msg>
<arg>role=link[name="Jogarei"]</arg>
<tag>PageContent</tag>
<tag>Setter</tag>
<doc>Simulates mouse click on the element found by ``selector``.</doc>
<status status="PASS" start="2026-02-04T09:45:39.722341" elapsed="0.559445"/>
</kw>
<status status="PASS" start="2026-02-04T09:45:39.705018" elapsed="0.576914"/>
</kw>
<kw name="Wait For Elements State" owner="Browser">
<msg time="2026-02-04T09:45:40.376040" level="INFO">Waited for Element with selector svg[data-testid="SportsEsportsIcon"] &gt;&gt; nth=0 at state visible</msg>
<arg>svg[data-testid="SportsEsportsIcon"] &gt;&gt; nth=0</arg>
<arg>visible</arg>
<arg>10s</arg>
<tag>PageContent</tag>
<tag>Wait</tag>
<doc>Waits for the element found by ``selector`` to satisfy state option.</doc>
<status status="PASS" start="2026-02-04T09:45:40.282308" elapsed="0.093970"/>
</kw>
<kw name="Click" owner="Browser">
<msg time="2026-02-04T09:45:40.377685" level="INFO">Clicks the element 'svg[data-testid="SportsEsportsIcon"] &gt;&gt; nth=0'.</msg>
<arg>svg[data-testid="SportsEsportsIcon"] &gt;&gt; nth=0</arg>
<tag>PageContent</tag>
<tag>Setter</tag>
<doc>Simulates mouse click on the element found by ``selector``.</doc>
<status status="PASS" start="2026-02-04T09:45:40.376619" elapsed="1.344062"/>
</kw>
<kw name="Wait For Elements State" owner="Browser">
<msg time="2026-02-04T09:45:41.727154" level="INFO">Waited for Element with selector text="Jogo movido para Jogando!" at state attached</msg>
<arg>text="Jogo movido para Jogando!"</arg>
<arg>attached</arg>
<arg>5s</arg>
<tag>PageContent</tag>
<tag>Wait</tag>
<doc>Waits for the element found by ``selector`` to satisfy state option.</doc>
<status status="PASS" start="2026-02-04T09:45:41.721010" elapsed="0.006289"/>
</kw>
<msg time="2026-02-04T09:45:41.737743" level="INFO">Switching context to context=10db011e-ab04-4108-913e-e8d5ccadd813 in CURRENT</msg>
<msg time="2026-02-04T09:45:41.744925" level="INFO">Successfully changed active context: context=10db011e-ab04-4108-913e-e8d5ccadd813</msg>
<msg time="2026-02-04T09:45:41.758555" level="INFO">Successfully closed Context</msg>
<status status="PASS" start="2026-02-04T09:45:35.371814" elapsed="6.355739"/>
</test>
<test id="s1-s2-s5-t3" name="Verify game in playing list" line="26">
<kw name="Open Website" owner="settings" type="SETUP">
<kw name="New Browser" owner="Browser">
<msg time="2026-02-04T09:45:41.765624" level="INFO">Switching browser to browser=4b3725cf-5b25-4db5-9244-10b4ae30205e</msg>
<msg time="2026-02-04T09:45:41.767724" level="INFO">Successfully changed active browser: browser=4b3725cf-5b25-4db5-9244-10b4ae30205e</msg>
<msg time="2026-02-04T09:45:41.767903" level="INFO">Reusing existing browser with id: browser=4b3725cf-5b25-4db5-9244-10b4ae30205e</msg>
<arg>chromium</arg>
<arg>headless=${HEADLESS}</arg>
<arg>slowMo=${VELOCIT}</arg>
<tag>BrowserControl</tag>
<tag>Setter</tag>
<doc>Create a new playwright Browser with specified options.</doc>
<status status="PASS" start="2026-02-04T09:45:41.764788" elapsed="0.003195"/>
</kw>
<kw name="New Context" owner="Browser">
<msg time="2026-02-04T09:45:41.770161" level="INFO">{
  "acceptDownloads": true,
  "bypassCSP": false,
  "forcedColors": "none",
  "ignoreHTTPSErrors": false,
  "javaScriptEnabled": true,
  "offline": false,
  "reducedMotion": "no-preference",
  "serviceWorkers": "allow",
  "viewport": {
    "height": 720,
    "width": 1280
  }
}</msg>
<msg time="2026-02-04T09:45:41.785345" level="INFO">Successfully created context. </msg>
<msg time="2026-02-04T09:45:41.785453" level="INFO">{'acceptDownloads': True, 'bypassCSP': False, 'forcedColors': 'none', 'ignoreHTTPSErrors': False, 'javaScriptEnabled': True, 'offline': False, 'reducedMotion': 'no-preference', 'serviceWorkers': 'allow', 'viewport': {'height': 720, 'width': 1280}}</msg>
<tag>BrowserControl</tag>
<tag>Setter</tag>
<doc>Create a new BrowserContext with specified options.</doc>
<status status="PASS" start="2026-02-04T09:45:41.768255" elapsed="0.017274"/>
</kw>
<kw name="New Page" owner="Browser">
<msg time="2026-02-04T09:45:42.633191" level="INFO">Successfully initialized new page object and opened url: https://ephemeral-alfajores-312419.netlify.app/login-register</msg>
<arg>${URL}</arg>
<tag>BrowserControl</tag>
<tag>Setter</tag>
<doc>Open a new Page.</doc>
<status status="PASS" start="2026-02-04T09:45:41.785764" elapsed="0.847636"/>
</kw>
<status status="PASS" start="2026-02-04T09:45:41.764204" elapsed="0.869317"/>
</kw>
<kw name="Ensure Logged In And Home" owner="settings">
<kw name="Login" owner="LoginPage">
<kw name="Wait For Elements State" owner="Browser">
<msg time="2026-02-04T09:45:44.480684" level="INFO">Waited for Element with selector css=input[placeholder="seu@email.com"] at state visible</msg>
<arg>css=input[placeholder="seu@email.com"]</arg>
<arg>visible</arg>
<arg>10s</arg>
<tag>PageContent</tag>
<tag>Wait</tag>
<doc>Waits for the element found by ``selector`` to satisfy state option.</doc>
<status status="PASS" start="2026-02-04T09:45:42.634694" elapsed="1.846178"/>
</kw>
<kw name="Fill Text" owner="Browser">
<msg time="2026-02-04T09:45:44.481648" level="INFO">Fills the text 'test-user@larissa.com' in the given field.</msg>
<arg>css=input[placeholder="seu@email.com"]</arg>
<arg>${EMAIL}</arg>
<tag>PageContent</tag>
<tag>Setter</tag>
<doc>Clears and fills the given ``txt`` into the text field found by ``selector``.</doc>
<status status="PASS" start="2026-02-04T09:45:44.481062" elapsed="0.518412"/>
</kw>
<kw name="Wait For Elements State" owner="Browser">
<msg time="2026-02-04T09:45:45.004735" level="INFO">Waited for Element with selector css=input[placeholder="password"] at state visible</msg>
<arg>css=input[placeholder="password"]</arg>
<arg>visible</arg>
<arg>10s</arg>
<tag>PageContent</tag>
<tag>Wait</tag>
<doc>Waits for the element found by ``selector`` to satisfy state option.</doc>
<status status="PASS" start="2026-02-04T09:45:44.999723" elapsed="0.005138"/>
</kw>
<kw name="Fill Text" owner="Browser">
<msg time="2026-02-04T09:45:45.005889" level="INFO">Fills the text 'Senha@123' in the given field.</msg>
<arg>css=input[placeholder="password"]</arg>
<arg>${PASSWORD}</arg>
<tag>PageContent</tag>
<tag>Setter</tag>
<doc>Clears and fills the given ``txt`` into the text field found by ``selector``.</doc>
<status status="PASS" start="2026-02-04T09:45:45.005051" elapsed="0.508479"/>
</kw>
<kw name="Click" owner="Browser">
<msg time="2026-02-04T09:45:45.514331" level="INFO">Clicks the element 'role=button[name="Entrar"]'.</msg>
<arg>role=button[name="Entrar"]</arg>
<tag>PageContent</tag>
<tag>Setter</tag>
<doc>Simulates mouse click on the element found by ``selector``.</doc>
<status status="PASS" start="2026-02-04T09:45:45.513756" elapsed="0.532743"/>
</kw>
<status status="PASS" start="2026-02-04T09:45:42.634381" elapsed="3.412280"/>
</kw>
<kw name="Validate Home Screen" owner="pages">
<kw name="Wait For Elements State" owner="Browser">
<msg time="2026-02-04T09:45:46.060305" level="INFO">Waited for Element with selector role=link[name="Jogarei"] at state visible</msg>
<arg>role=link[name="Jogarei"]</arg>
<arg>visible</arg>
<arg>5s</arg>
<tag>PageContent</tag>
<tag>Wait</tag>
<doc>Waits for the element found by ``selector`` to satisfy state option.</doc>
<status status="PASS" start="2026-02-04T09:45:46.047349" elapsed="0.013127"/>
</kw>
<status status="PASS" start="2026-02-04T09:45:46.046887" elapsed="0.013704"/>
</kw>
<status status="PASS" start="2026-02-04T09:45:42.633872" elapsed="3.426769"/>
</kw>
<kw name="Click page Jogarei" owner="pages">
<kw name="Wait For Elements State" owner="Browser">
<msg time="2026-02-04T09:45:46.067873" level="INFO">Waited for Element with selector role=link[name="Jogarei"] at state visible</msg>
<arg>role=link[name="Jogarei"]</arg>
<arg>visible</arg>
<arg>10s</arg>
<tag>PageContent</tag>
<tag>Wait</tag>
<doc>Waits for the element found by ``selector`` to satisfy state option.</doc>
<status status="PASS" start="2026-02-04T09:45:46.062463" elapsed="0.005686"/>
</kw>
<kw name="Click" owner="Browser">
<msg time="2026-02-04T09:45:46.069221" level="INFO">Clicks the element 'role=link[name="Jogarei"]'.</msg>
<arg>role=link[name="Jogarei"]</arg>
<tag>PageContent</tag>
<tag>Setter</tag>
<doc>Simulates mouse click on the element found by ``selector``.</doc>
<status status="PASS" start="2026-02-04T09:45:46.068416" elapsed="0.552956"/>
</kw>
<status status="PASS" start="2026-02-04T09:45:46.061501" elapsed="0.560002"/>
</kw>
<kw name="Wait For Elements State" owner="Browser">
<msg time="2026-02-04T09:45:46.649672" level="INFO">Waited for Element with selector css=svg[data-testid="SportsEsportsIcon"] &gt;&gt; nth=0 at state visible</msg>
<arg>css=svg[data-testid="SportsEsportsIcon"] &gt;&gt; nth=0</arg>
<arg>visible</arg>
<arg>10s</arg>
<tag>PageContent</tag>
<tag>Wait</tag>
<doc>Waits for the element found by ``selector`` to satisfy state option.</doc>
<status status="PASS" start="2026-02-04T09:45:46.621760" elapsed="0.028111"/>
</kw>
<kw name="Click" owner="Browser">
<msg time="2026-02-04T09:45:46.652232" level="INFO">Clicks the element 'css=svg[data-testid="SportsEsportsIcon"] &gt;&gt; nth=0'.</msg>
<arg>css=svg[data-testid="SportsEsportsIcon"] &gt;&gt; nth=0</arg>
<tag>PageContent</tag>
<tag>Setter</tag>
<doc>Simulates mouse click on the element found by ``selector``.</doc>
<status status="PASS" start="2026-02-04T09:45:46.650662" elapsed="1.362479"/>
</kw>
<kw name="Wait For Elements State" owner="Browser">
<msg time="2026-02-04T09:45:48.021758" level="INFO">Waited for Element with selector text="Jogo movido para Jogando!" at state attached</msg>
<arg>text="Jogo movido para Jogando!"</arg>
<arg>attached</arg>
<arg>5s</arg>
<tag>PageContent</tag>
<tag>Wait</tag>
<doc>Waits for the element found by ``selector`` to satisfy state option.</doc>
<status status="PASS" start="2026-02-04T09:45:48.013614" elapsed="0.008317"/>
</kw>
<kw name="Click page Jogando" owner="pages">
<kw name="Wait For Elements State" owner="Browser">
<msg time="2026-02-04T09:45:48.028234" level="INFO">Waited for Element with selector role=link[name="Jogando"] at state visible</msg>
<arg>role=link[name="Jogando"]</arg>
<arg>visible</arg>
<arg>10s</arg>
<tag>PageContent</tag>
<tag>Wait</tag>
<doc>Waits for the element found by ``selector`` to satisfy state option.</doc>
<status status="PASS" start="2026-02-04T09:45:48.022646" elapsed="0.005725"/>
</kw>
<kw name="Click" owner="Browser">
<msg time="2026-02-04T09:45:48.029173" level="INFO">Clicks the element 'role=link[name="Jogando"]'.</msg>
<arg>role=link[name="Jogando"]</arg>
<tag>PageContent</tag>
<tag>Setter</tag>
<doc>Simulates mouse click on the element found by ``selector``.</doc>
<status status="PASS" start="2026-02-04T09:45:48.028571" elapsed="0.546669"/>
</kw>
<status status="PASS" start="2026-02-04T09:45:48.022251" elapsed="0.553198"/>
</kw>
<kw name="Wait For Elements State" owner="Browser">
<msg time="2026-02-04T09:45:48.584242" level="INFO">Waited for Element with selector svg[data-testid="PauseOutlinedIcon"] &gt;&gt; nth=0 at state visible</msg>
<arg>svg[data-testid="PauseOutlinedIcon"] &gt;&gt; nth=0</arg>
<arg>visible</arg>
<arg>10s</arg>
<tag>PageContent</tag>
<tag>Wait</tag>
<doc>Waits for the element found by ``selector`` to satisfy state option.</doc>
<status status="PASS" start="2026-02-04T09:45:48.575910" elapsed="0.008514"/>
</kw>
<msg time="2026-02-04T09:45:48.593927" level="INFO">Switching context to context=df1a529f-4124-42d2-9576-811547958f5a in CURRENT</msg>
<msg time="2026-02-04T09:45:48.599379" level="INFO">Successfully changed active context: context=df1a529f-4124-42d2-9576-811547958f5a</msg>
<msg time="2026-02-04T09:45:48.616360" level="INFO">Successfully closed Context</msg>
<status status="PASS" start="2026-02-04T09:45:41.759627" elapsed="6.825066"/>
</test>
<status status="PASS" start="2026-02-04T09:45:28.609432" elapsed="20.007811"/>
</suite>
<status status="PASS" start="2026-02-04T09:43:13.701249" elapsed="154.921107"/>
</suite>
<status status="PASS" start="2026-02-04T09:43:09.284340" elapsed="159.338930"/>
</suite>
<statistics>
<total>
<stat pass="19" fail="0" skip="0">All Tests</stat>
</total>
<tag>
<stat pass="2" fail="0" skip="0">smoke</stat>
</tag>
<suite>
<stat name="Tests" id="s1" pass="19" fail="0" skip="0">Tests</stat>
<stat name="Api" id="s1-s1" pass="1" fail="0" skip="0">Tests.Api</stat>
<stat name="Testapi" id="s1-s1-s1" pass="1" fail="0" skip="0">Tests.Api.Testapi</stat>
<stat name="Functional" id="s1-s2" pass="18" fail="0" skip="0">Tests.Functional</stat>
<stat name="Checklogin" id="s1-s2-s1" pass="1" fail="0" skip="0">Tests.Functional.Checklogin</stat>
<stat name="Flow" id="s1-s2-s2" pass="1" fail="0" skip="0">Tests.Functional.Flow</stat>
<stat name="Games" id="s1-s2-s3" pass="7" fail="0" skip="0">Tests.Functional.Games</stat>
<stat name="Jogando" id="s1-s2-s4" pass="6" fail="0" skip="0">Tests.Functional.Jogando</stat>
<stat name="Jogarei" id="s1-s2-s5" pass="3" fail="0" skip="0">Tests.Functional.Jogarei</stat>
</suite>
</statistics>
<errors>
<msg time="2026-02-04T09:43:11.117507" level="WARN">Keyword 'BuiltIn.Run Keyword Unless' is deprecated. </msg>
<msg time="2026-02-04T09:43:12.304959" level="WARN">Keyword 'BuiltIn.Run Keyword Unless' is deprecated. </msg>
</errors>
</robot>
