<?xml version="1.0" encoding="UTF-8"?>
<robot generator="Robot 7.4.1 (Python 3.14.2 on win32)" generated="2026-01-28T15:01:44.801413" rpa="false" schemaversion="5">
<suite id="s1" name="Tests" source="C:\Users\danie\OneDrive\Área de Trabalho\GamesRobot\Tests">
<suite id="s1-s1" name="Api" source="C:\Users\danie\OneDrive\Área de Trabalho\GamesRobot\Tests\api">
<suite id="s1-s1-s1" name="Testapi" source="C:\Users\danie\OneDrive\Área de Trabalho\GamesRobot\Tests\api\Testapi.robot">
<kw name="Suite Setup Seguro" owner="validarAPI" type="SETUP">
<kw name="Login Supabase via API" owner="validarAPI">
<kw name="Create Session" owner="RequestsLibrary">
<msg time="2026-01-28T15:01:45.137538" level="INFO">Creating Session using : alias=auth, url=https://navfbtaxterxdcjjtfco.supabase.co, headers={},                     cookies={}, auth=None, timeout=5, proxies=None, verify=False,                     debug=0 </msg>
<arg>auth</arg>
<arg>${SUPABASE_AUTH_BASE}</arg>
<arg>timeout=${TIMEOUT}</arg>
<doc>Create Session: create a HTTP session to a server</doc>
<status status="PASS" start="2026-01-28T15:01:45.137240" elapsed="0.000473"/>
</kw>
<kw name="Create Dictionary" owner="BuiltIn">
<msg time="2026-01-28T15:01:45.138465" level="INFO">&amp;{headers} = { apikey=eyJhbGciOiJIUzI1NiIsInR5cCI6IkpXVCJ9.eyJpc3MiOiJzdXBhYmFzZSIsInJlZiI6Im5hdmZidGF4dGVyeGRjamp0ZmNvIiwicm9sZSI6ImFub24iLCJpYXQiOjE3NjU2MzkyMTYsImV4cCI6MjA4MTIxNTIxNn0.XBsD-fLoZuL2HJPYuFn5bQVZjd...</msg>
<var>&amp;{headers}</var>
<arg>apikey=${ANON_KEY}</arg>
<arg>Authorization=Bearer ${ANON_KEY}</arg>
<arg>Content-Type=application/json</arg>
<doc>Creates and returns a dictionary based on the given ``items``.</doc>
<status status="PASS" start="2026-01-28T15:01:45.137867" elapsed="0.000631"/>
</kw>
<kw name="Create Dictionary" owner="BuiltIn">
<msg time="2026-01-28T15:01:45.139005" level="INFO">&amp;{body} = { email=test-user@larissa.com | password=Senha@123 }</msg>
<var>&amp;{body}</var>
<arg>email=${EMAIL}</arg>
<arg>password=${PASSWORD}</arg>
<doc>Creates and returns a dictionary based on the given ``items``.</doc>
<status status="PASS" start="2026-01-28T15:01:45.138621" elapsed="0.000410"/>
</kw>
<kw name="Create Dictionary" owner="BuiltIn">
<msg time="2026-01-28T15:01:45.139438" level="INFO">&amp;{params} = { grant_type=password }</msg>
<var>&amp;{params}</var>
<arg>grant_type=password</arg>
<doc>Creates and returns a dictionary based on the given ``items``.</doc>
<status status="PASS" start="2026-01-28T15:01:45.139139" elapsed="0.000324"/>
</kw>
<kw name="POST On Session" owner="RequestsLibrary">
<msg time="2026-01-28T15:01:45.575613" level="INFO">POST Request : url=https://navfbtaxterxdcjjtfco.supabase.co/auth/v1/token?grant_type=password 
 path_url=/auth/v1/token?grant_type=password 
 headers={'User-Agent': 'python-requests/2.32.5', 'Accept-Encoding': 'gzip, deflate, zstd', 'Accept': '*/*', 'Connection': 'keep-alive', 'apikey': 'eyJhbGciOiJIUzI1NiIsInR5cCI6IkpXVCJ9.eyJpc3MiOiJzdXBhYmFzZSIsInJlZiI6Im5hdmZidGF4dGVyeGRjamp0ZmNvIiwicm9sZSI6ImFub24iLCJpYXQiOjE3NjU2MzkyMTYsImV4cCI6MjA4MTIxNTIxNn0.XBsD-fLoZuL2HJPYuFn5bQVZjd-ql9bvKF0DfvWdBoY', 'Authorization': 'Bearer eyJhbGciOiJIUzI1NiIsInR5cCI6IkpXVCJ9.eyJpc3MiOiJzdXBhYmFzZSIsInJlZiI6Im5hdmZidGF4dGVyeGRjamp0ZmNvIiwicm9sZSI6ImFub24iLCJpYXQiOjE3NjU2MzkyMTYsImV4cCI6MjA4MTIxNTIxNn0.XBsD-fLoZuL2HJPYuFn5bQVZjd-ql9bvKF0DfvWdBoY', 'Content-Type': 'application/json', 'Content-Length': '59'} 
 body=b'{"email": "test-user@larissa.com", "password": "Senha@123"}' 
 </msg>
<msg time="2026-01-28T15:01:45.575739" level="INFO">POST Response : url=https://navfbtaxterxdcjjtfco.supabase.co/auth/v1/token?grant_type=password 
 status=200, reason=OK 
 headers={'Date': 'Wed, 28 Jan 2026 18:01:47 GMT', 'Content-Type': 'application/json', 'Transfer-Encoding': 'chunked', 'Connection': 'keep-alive', 'Server': 'cloudflare', 'CF-Ray': '9c5265a52989f202-GRU', 'CF-Cache-Status': 'DYNAMIC', 'Content-Encoding': 'gzip', 'Strict-Transport-Security': 'max-age=31536000; includeSubDomains; preload', 'Vary': 'Origin, Accept-Encoding', 'X-Content-Type-Options': 'nosniff', 'sb-auth-refresh-token-prefix': 'q7qxa', 'sb-auth-session-id': '910dbf2c-1051-4c73-ae8b-883cd08e5132', 'sb-auth-user-id': 'daf507f6-92d1-43be-bef4-b3e6aace522d', 'sb-gateway-version': '1', 'sb-project-ref': 'navfbtaxterxdcjjtfco', 'sb-request-id': '019c05c4-c33f-75d6-9c20-44da77599448', 'x-envoy-attempt-count': '1', 'x-envoy-upstream-service-time': '92', 'Set-Cookie': '__cf_bm=2wcrlJbClSKHfNE7ZrL0kgCzDgl2faZfujEBWa7uooI-1769623307-1.0.1.1-ubXRNEuEqMwhlisj_7qC.5JV2pdq0O8rW89GK1TYFPBbj7y451zTGr1F6prrV70kWLqigEpMO7CYegd_mtoJiSTfcstsN5.Y3iYpdY7c7dc; path=/; expires=Wed, 28-Jan-26 18:31:47 GMT; domain=.supabase.co; HttpOnly; Secure; SameSite=None', 'alt-svc': 'h3=":443"; ma=86400'} 
 body={"access_token":"eyJhbGciOiJIUzI1NiIsImtpZCI6IlFPTmplU0JBTUhlMTY5WXUiLCJ0eXAiOiJKV1QifQ.eyJpc3MiOiJodHRwczovL25hdmZidGF4dGVyeGRjamp0ZmNvLnN1cGFiYXNlLmNvL2F1dGgvdjEiLCJzdWIiOiJkYWY1MDdmNi05MmQxLTQzYmUtYmVmNC1iM2U2YWFjZTUyMmQiLCJhdWQiOiJhdXRoZW50aWNhdGVkIiwiZXhwIjoxNzY5NjI2OTA3LCJpYXQiOjE3Njk2MjMzMDcsImVtYWlsIjoidGVzdC11c2VyQGxhcmlzc2EuY29tIiwicGhvbmUiOiIiLCJhcHBfbWV0YWRhdGEiOnsicHJvdmlkZXIiOiJlbWFpbCIsInByb3ZpZGVycyI6WyJlbWFpbCJdfSwidXNlcl9tZXRhZGF0YSI6eyJlbWFpbF92ZXJpZmllZCI6dHJ1ZX0sInJvbGUiOiJhdXRoZW50aWNhdGVkIiwiYWFsIjoiYWFsMSIsImFtciI6W3sibWV0aG9kIjoicGFzc3dvcmQiLCJ0aW1lc3RhbXAiOjE3Njk2MjMzMDd9XSwic2Vzc2lvbl9pZCI6IjkxMGRiZjJjLTEwNTEtNGM3My1hZThiLTg4M2NkMDhlNTEzMiIsImlzX2Fub255bW91cyI6ZmFsc2V9.IdjINIwr5TJRqGdf8Rai9sHtymyhI_mCFjaH1DX2HlY","token_type":"bearer","expires_in":3600,"expires_at":1769626907,"refresh_token":"q7qxaxxgyxn2","user":{"id":"daf507f6-92d1-43be-bef4-b3e6aace522d","aud":"authenticated","role":"authenticated","email":"test-user@larissa.com","email_confirmed_at":"2025-12-31T21:05:23.799727Z","phone":"","confirmed_at":"2025-12-31T21:05:23.799727Z","last_sign_in_at":"2026-01-28T18:01:47.234625562Z","app_metadata":{"provider":"email","providers":["email"]},"user_metadata":{"email_verified":true},"identities":[{"identity_id":"27cf74dc-c003-4fe7-bda1-d3a35fd15a6d","id":"daf507f6-92d1-43be-bef4-b3e6aace522d","user_id":"daf507f6-92d1-43be-bef4-b3e6aace522d","identity_data":{"email":"test-user@larissa.com","email_verified":false,"phone_verified":false,"sub":"daf507f6-92d1-43be-bef4-b3e6aace522d"},"provider":"email","last_sign_in_at":"2025-12-31T21:05:23.793263Z","created_at":"2025-12-31T21:05:23.79334Z","updated_at":"2025-12-31T21:05:23.79334Z","email":"test-user@larissa.com"}],"created_at":"2025-12-31T21:05:23.778618Z","updated_at":"2026-01-28T18:01:47.236938Z","is_anonymous":false},"weak_password":null} 
 </msg>
<msg time="2026-01-28T15:01:45.575819" level="INFO">C:\Users\danie\AppData\Local\Programs\Python\Python314\Lib\site-packages\urllib3\connectionpool.py:1097: InsecureRequestWarning: Unverified HTTPS request is being made to host 'navfbtaxterxdcjjtfco.supabase.co'. Adding certificate verification is strongly advised. See: https://urllib3.readthedocs.io/en/latest/advanced-usage.html#tls-warnings
  warnings.warn(</msg>
<msg time="2026-01-28T15:01:45.576130" level="INFO">${resp} = &lt;Response [200]&gt;</msg>
<var>${resp}</var>
<arg>auth</arg>
<arg>url=/auth/v1/token</arg>
<arg>params=${params}</arg>
<arg>json=${body}</arg>
<arg>headers=${headers}</arg>
<doc>Sends a POST request on a previously created HTTP Session.</doc>
<status status="PASS" start="2026-01-28T15:01:45.139560" elapsed="0.436621"/>
</kw>
<kw name="Should Be Equal As Integers" owner="BuiltIn">
<msg time="2026-01-28T15:01:45.577155" level="INFO">Argument types are:
&lt;class 'int'&gt;
&lt;class 'str'&gt;</msg>
<arg>${resp.status_code}</arg>
<arg>200</arg>
<doc>Fails if objects are unequal after converting them to integers.</doc>
<status status="PASS" start="2026-01-28T15:01:45.576387" elapsed="0.000829"/>
</kw>
<kw name="Evaluate" owner="BuiltIn">
<msg time="2026-01-28T15:01:45.578151" level="INFO">&amp;{data} = { access_token=eyJhbGciOiJIUzI1NiIsImtpZCI6IlFPTmplU0JBTUhlMTY5WXUiLCJ0eXAiOiJKV1QifQ.eyJpc3MiOiJodHRwczovL25hdmZidGF4dGVyeGRjamp0ZmNvLnN1cGFiYXNlLmNvL2F1dGgvdjEiLCJzdWIiOiJkYWY1MDdmNi05MmQxLTQzYmUtYm...</msg>
<var>&amp;{data}</var>
<arg>json.loads($resp.text)</arg>
<arg>json</arg>
<doc>Evaluates the given expression in Python and returns the result.</doc>
<status status="PASS" start="2026-01-28T15:01:45.577340" elapsed="0.000875"/>
</kw>
<kw name="Get From Dictionary" owner="Collections">
<msg time="2026-01-28T15:01:45.578776" level="INFO">${jwt} = eyJhbGciOiJIUzI1NiIsImtpZCI6IlFPTmplU0JBTUhlMTY5WXUiLCJ0eXAiOiJKV1QifQ.eyJpc3MiOiJodHRwczovL25hdmZidGF4dGVyeGRjamp0ZmNvLnN1cGFiYXNlLmNvL2F1dGgvdjEiLCJzdWIiOiJkYWY1MDdmNi05MmQxLTQzYmUtYmVmNC1iM2U2YWFjZ...</msg>
<var>${jwt}</var>
<arg>${data}</arg>
<arg>access_token</arg>
<doc>Returns a value from the given ``dictionary`` based on the given ``key``.</doc>
<status status="PASS" start="2026-01-28T15:01:45.578398" elapsed="0.000411"/>
</kw>
<kw name="Set Suite Variable" owner="BuiltIn">
<msg time="2026-01-28T15:01:45.579307" level="INFO">${JWT_TOKEN} = eyJhbGciOiJIUzI1NiIsImtpZCI6IlFPTmplU0JBTUhlMTY5WXUiLCJ0eXAiOiJKV1QifQ.eyJpc3MiOiJodHRwczovL25hdmZidGF4dGVyeGRjamp0ZmNvLnN1cGFiYXNlLmNvL2F1dGgvdjEiLCJzdWIiOiJkYWY1MDdmNi05MmQxLTQzYmUtYmVmNC1iM2U2YWFjZ...</msg>
<arg>${JWT_TOKEN}</arg>
<arg>${jwt}</arg>
<doc>Makes a variable available everywhere within the scope of the current suite.</doc>
<status status="PASS" start="2026-01-28T15:01:45.578934" elapsed="0.000413"/>
</kw>
<status status="PASS" start="2026-01-28T15:01:45.136561" elapsed="0.442857"/>
</kw>
<kw name="Checar Endpoint Protegido" owner="validarAPI">
<kw name="Set Log Level" owner="BuiltIn">
<var>${old}</var>
<arg>NONE</arg>
<doc>Sets the log threshold to the specified level.</doc>
<status status="PASS" start="2026-01-28T15:01:45.579785" elapsed="0.000385"/>
</kw>
<kw name="Create Session" owner="RequestsLibrary">
<arg>api</arg>
<arg>${API_BASE}</arg>
<arg>timeout=${TIMEOUT}</arg>
<doc>Create Session: create a HTTP session to a server</doc>
<status status="PASS" start="2026-01-28T15:01:45.580273" elapsed="0.000338"/>
</kw>
<kw name="Create Dictionary" owner="BuiltIn">
<var>&amp;{headers}</var>
<arg>Authorization</arg>
<arg>Bearer ${JWT_TOKEN}</arg>
<arg>Content-Type</arg>
<arg>application/json</arg>
<doc>Creates and returns a dictionary based on the given ``items``.</doc>
<status status="PASS" start="2026-01-28T15:01:45.580720" elapsed="0.000369"/>
</kw>
<kw name="GET On Session" owner="RequestsLibrary">
<var>${resp}</var>
<arg>api</arg>
<arg>${ENDPOINT}</arg>
<arg>headers=${headers}</arg>
<doc>Sends a GET request on a previously created HTTP Session.</doc>
<status status="PASS" start="2026-01-28T15:01:45.581196" elapsed="0.776355"/>
</kw>
<kw name="Run Keyword Unless" owner="BuiltIn">
<arg>${resp.status_code} == 200</arg>
<arg>Fail</arg>
<arg>API check falhou: ${API_BASE}${ENDPOINT} retornou ${resp.status_code}. Body: ${resp.text}</arg>
<doc>*DEPRECATED since RF 5.0. Use native IF/ELSE or `Run Keyword If` instead.*</doc>
<status status="PASS" start="2026-01-28T15:01:46.357755" elapsed="0.000831"/>
</kw>
<kw name="Set Log Level" owner="BuiltIn">
<arg>${old}</arg>
<doc>Sets the log threshold to the specified level.</doc>
<status status="PASS" start="2026-01-28T15:01:46.358692" elapsed="0.000409"/>
</kw>
<status status="PASS" start="2026-01-28T15:01:45.579566" elapsed="0.779606"/>
</kw>
<status status="PASS" start="2026-01-28T15:01:45.136197" elapsed="1.223025"/>
</kw>
<test id="s1-s1-s1-t1" name="API - endpoint protegido responde 200" line="9">
<kw name="Suite Setup Seguro" owner="validarAPI">
<kw name="Login Supabase via API" owner="validarAPI">
<kw name="Create Session" owner="RequestsLibrary">
<msg time="2026-01-28T15:01:46.360762" level="INFO">Creating Session using : alias=auth, url=https://navfbtaxterxdcjjtfco.supabase.co, headers={},                     cookies={}, auth=None, timeout=5, proxies=None, verify=False,                     debug=0 </msg>
<arg>auth</arg>
<arg>${SUPABASE_AUTH_BASE}</arg>
<arg>timeout=${TIMEOUT}</arg>
<doc>Create Session: create a HTTP session to a server</doc>
<status status="PASS" start="2026-01-28T15:01:46.360498" elapsed="0.000397"/>
</kw>
<kw name="Create Dictionary" owner="BuiltIn">
<msg time="2026-01-28T15:01:46.361462" level="INFO">&amp;{headers} = { apikey=eyJhbGciOiJIUzI1NiIsInR5cCI6IkpXVCJ9.eyJpc3MiOiJzdXBhYmFzZSIsInJlZiI6Im5hdmZidGF4dGVyeGRjamp0ZmNvIiwicm9sZSI6ImFub24iLCJpYXQiOjE3NjU2MzkyMTYsImV4cCI6MjA4MTIxNTIxNn0.XBsD-fLoZuL2HJPYuFn5bQVZjd...</msg>
<var>&amp;{headers}</var>
<arg>apikey=${ANON_KEY}</arg>
<arg>Authorization=Bearer ${ANON_KEY}</arg>
<arg>Content-Type=application/json</arg>
<doc>Creates and returns a dictionary based on the given ``items``.</doc>
<status status="PASS" start="2026-01-28T15:01:46.361015" elapsed="0.000475"/>
</kw>
<kw name="Create Dictionary" owner="BuiltIn">
<msg time="2026-01-28T15:01:46.361962" level="INFO">&amp;{body} = { email=test-user@larissa.com | password=Senha@123 }</msg>
<var>&amp;{body}</var>
<arg>email=${EMAIL}</arg>
<arg>password=${PASSWORD}</arg>
<doc>Creates and returns a dictionary based on the given ``items``.</doc>
<status status="PASS" start="2026-01-28T15:01:46.361596" elapsed="0.000392"/>
</kw>
<kw name="Create Dictionary" owner="BuiltIn">
<msg time="2026-01-28T15:01:46.362382" level="INFO">&amp;{params} = { grant_type=password }</msg>
<var>&amp;{params}</var>
<arg>grant_type=password</arg>
<doc>Creates and returns a dictionary based on the given ``items``.</doc>
<status status="PASS" start="2026-01-28T15:01:46.362087" elapsed="0.000321"/>
</kw>
<kw name="POST On Session" owner="RequestsLibrary">
<msg time="2026-01-28T15:01:47.080116" level="INFO">POST Request : url=https://navfbtaxterxdcjjtfco.supabase.co/auth/v1/token?grant_type=password 
 path_url=/auth/v1/token?grant_type=password 
 headers={'User-Agent': 'python-requests/2.32.5', 'Accept-Encoding': 'gzip, deflate, zstd', 'Accept': '*/*', 'Connection': 'keep-alive', 'apikey': 'eyJhbGciOiJIUzI1NiIsInR5cCI6IkpXVCJ9.eyJpc3MiOiJzdXBhYmFzZSIsInJlZiI6Im5hdmZidGF4dGVyeGRjamp0ZmNvIiwicm9sZSI6ImFub24iLCJpYXQiOjE3NjU2MzkyMTYsImV4cCI6MjA4MTIxNTIxNn0.XBsD-fLoZuL2HJPYuFn5bQVZjd-ql9bvKF0DfvWdBoY', 'Authorization': 'Bearer eyJhbGciOiJIUzI1NiIsInR5cCI6IkpXVCJ9.eyJpc3MiOiJzdXBhYmFzZSIsInJlZiI6Im5hdmZidGF4dGVyeGRjamp0ZmNvIiwicm9sZSI6ImFub24iLCJpYXQiOjE3NjU2MzkyMTYsImV4cCI6MjA4MTIxNTIxNn0.XBsD-fLoZuL2HJPYuFn5bQVZjd-ql9bvKF0DfvWdBoY', 'Content-Type': 'application/json', 'Content-Length': '59'} 
 body=b'{"email": "test-user@larissa.com", "password": "Senha@123"}' 
 </msg>
<msg time="2026-01-28T15:01:47.080210" level="INFO">POST Response : url=https://navfbtaxterxdcjjtfco.supabase.co/auth/v1/token?grant_type=password 
 status=200, reason=OK 
 headers={'Date': 'Wed, 28 Jan 2026 18:01:48 GMT', 'Content-Type': 'application/json', 'Transfer-Encoding': 'chunked', 'Connection': 'keep-alive', 'Server': 'cloudflare', 'CF-Ray': '9c5265ac9ee7e9c5-GRU', 'CF-Cache-Status': 'DYNAMIC', 'Content-Encoding': 'gzip', 'Strict-Transport-Security': 'max-age=31536000; includeSubDomains; preload', 'Vary': 'Origin, Accept-Encoding', 'X-Content-Type-Options': 'nosniff', 'sb-auth-refresh-token-prefix': 'eo6u3', 'sb-auth-session-id': 'e1448b26-43b2-4402-9f82-9d985d4c15bf', 'sb-auth-user-id': 'daf507f6-92d1-43be-bef4-b3e6aace522d', 'sb-gateway-version': '1', 'sb-project-ref': 'navfbtaxterxdcjjtfco', 'sb-request-id': '019c05c4-c7e9-71ef-873c-56cd873ec4ba', 'x-envoy-attempt-count': '1', 'x-envoy-upstream-service-time': '94', 'Set-Cookie': '__cf_bm=ujrhKF25vV8ZKYDqCO6uSwswGkYVxkiUlkVXdI8pX7I-1769623308-1.0.1.1-4sgtsct6.EcRkcn6TBhAVFkgWFi_KPnpp7p9gQdOuMFiN47Do4KEDiCCGi4sExegP3Cm7OPzrZ9F6PxV4sMBWTP.9Dwtw3YhpxMPs7t3skI; path=/; expires=Wed, 28-Jan-26 18:31:48 GMT; domain=.supabase.co; HttpOnly; Secure; SameSite=None', 'alt-svc': 'h3=":443"; ma=86400'} 
 body={"access_token":"eyJhbGciOiJIUzI1NiIsImtpZCI6IlFPTmplU0JBTUhlMTY5WXUiLCJ0eXAiOiJKV1QifQ.eyJpc3MiOiJodHRwczovL25hdmZidGF4dGVyeGRjamp0ZmNvLnN1cGFiYXNlLmNvL2F1dGgvdjEiLCJzdWIiOiJkYWY1MDdmNi05MmQxLTQzYmUtYmVmNC1iM2U2YWFjZTUyMmQiLCJhdWQiOiJhdXRoZW50aWNhdGVkIiwiZXhwIjoxNzY5NjI2OTA4LCJpYXQiOjE3Njk2MjMzMDgsImVtYWlsIjoidGVzdC11c2VyQGxhcmlzc2EuY29tIiwicGhvbmUiOiIiLCJhcHBfbWV0YWRhdGEiOnsicHJvdmlkZXIiOiJlbWFpbCIsInByb3ZpZGVycyI6WyJlbWFpbCJdfSwidXNlcl9tZXRhZGF0YSI6eyJlbWFpbF92ZXJpZmllZCI6dHJ1ZX0sInJvbGUiOiJhdXRoZW50aWNhdGVkIiwiYWFsIjoiYWFsMSIsImFtciI6W3sibWV0aG9kIjoicGFzc3dvcmQiLCJ0aW1lc3RhbXAiOjE3Njk2MjMzMDh9XSwic2Vzc2lvbl9pZCI6ImUxNDQ4YjI2LTQzYjItNDQwMi05ZjgyLTlkOTg1ZDRjMTViZiIsImlzX2Fub255bW91cyI6ZmFsc2V9.0P4WqBhO9DOBBbqE1uO71cai3J09dh796PqfP7tz8Zs","token_type":"bearer","expires_in":3600,"expires_at":1769626908,"refresh_token":"eo6u3eahi6dp","user":{"id":"daf507f6-92d1-43be-bef4-b3e6aace522d","aud":"authenticated","role":"authenticated","email":"test-user@larissa.com","email_confirmed_at":"2025-12-31T21:05:23.799727Z","phone":"","confirmed_at":"2025-12-31T21:05:23.799727Z","last_sign_in_at":"2026-01-28T18:01:48.731573836Z","app_metadata":{"provider":"email","providers":["email"]},"user_metadata":{"email_verified":true},"identities":[{"identity_id":"27cf74dc-c003-4fe7-bda1-d3a35fd15a6d","id":"daf507f6-92d1-43be-bef4-b3e6aace522d","user_id":"daf507f6-92d1-43be-bef4-b3e6aace522d","identity_data":{"email":"test-user@larissa.com","email_verified":false,"phone_verified":false,"sub":"daf507f6-92d1-43be-bef4-b3e6aace522d"},"provider":"email","last_sign_in_at":"2025-12-31T21:05:23.793263Z","created_at":"2025-12-31T21:05:23.79334Z","updated_at":"2025-12-31T21:05:23.79334Z","email":"test-user@larissa.com"}],"created_at":"2025-12-31T21:05:23.778618Z","updated_at":"2026-01-28T18:01:48.734382Z","is_anonymous":false},"weak_password":null} 
 </msg>
<msg time="2026-01-28T15:01:47.080300" level="INFO">C:\Users\danie\AppData\Local\Programs\Python\Python314\Lib\site-packages\urllib3\connectionpool.py:1097: InsecureRequestWarning: Unverified HTTPS request is being made to host 'navfbtaxterxdcjjtfco.supabase.co'. Adding certificate verification is strongly advised. See: https://urllib3.readthedocs.io/en/latest/advanced-usage.html#tls-warnings
  warnings.warn(</msg>
<msg time="2026-01-28T15:01:47.080696" level="INFO">${resp} = &lt;Response [200]&gt;</msg>
<var>${resp}</var>
<arg>auth</arg>
<arg>url=/auth/v1/token</arg>
<arg>params=${params}</arg>
<arg>json=${body}</arg>
<arg>headers=${headers}</arg>
<doc>Sends a POST request on a previously created HTTP Session.</doc>
<status status="PASS" start="2026-01-28T15:01:46.362503" elapsed="0.718250"/>
</kw>
<kw name="Should Be Equal As Integers" owner="BuiltIn">
<msg time="2026-01-28T15:01:47.081792" level="INFO">Argument types are:
&lt;class 'int'&gt;
&lt;class 'str'&gt;</msg>
<arg>${resp.status_code}</arg>
<arg>200</arg>
<doc>Fails if objects are unequal after converting them to integers.</doc>
<status status="PASS" start="2026-01-28T15:01:47.080966" elapsed="0.000894"/>
</kw>
<kw name="Evaluate" owner="BuiltIn">
<msg time="2026-01-28T15:01:47.082630" level="INFO">&amp;{data} = { access_token=eyJhbGciOiJIUzI1NiIsImtpZCI6IlFPTmplU0JBTUhlMTY5WXUiLCJ0eXAiOiJKV1QifQ.eyJpc3MiOiJodHRwczovL25hdmZidGF4dGVyeGRjamp0ZmNvLnN1cGFiYXNlLmNvL2F1dGgvdjEiLCJzdWIiOiJkYWY1MDdmNi05MmQxLTQzYmUtYm...</msg>
<var>&amp;{data}</var>
<arg>json.loads($resp.text)</arg>
<arg>json</arg>
<doc>Evaluates the given expression in Python and returns the result.</doc>
<status status="PASS" start="2026-01-28T15:01:47.081966" elapsed="0.000708"/>
</kw>
<kw name="Get From Dictionary" owner="Collections">
<msg time="2026-01-28T15:01:47.083173" level="INFO">${jwt} = eyJhbGciOiJIUzI1NiIsImtpZCI6IlFPTmplU0JBTUhlMTY5WXUiLCJ0eXAiOiJKV1QifQ.eyJpc3MiOiJodHRwczovL25hdmZidGF4dGVyeGRjamp0ZmNvLnN1cGFiYXNlLmNvL2F1dGgvdjEiLCJzdWIiOiJkYWY1MDdmNi05MmQxLTQzYmUtYmVmNC1iM2U2YWFjZ...</msg>
<var>${jwt}</var>
<arg>${data}</arg>
<arg>access_token</arg>
<doc>Returns a value from the given ``dictionary`` based on the given ``key``.</doc>
<status status="PASS" start="2026-01-28T15:01:47.082853" elapsed="0.000346"/>
</kw>
<kw name="Set Suite Variable" owner="BuiltIn">
<msg time="2026-01-28T15:01:47.083675" level="INFO">${JWT_TOKEN} = eyJhbGciOiJIUzI1NiIsImtpZCI6IlFPTmplU0JBTUhlMTY5WXUiLCJ0eXAiOiJKV1QifQ.eyJpc3MiOiJodHRwczovL25hdmZidGF4dGVyeGRjamp0ZmNvLnN1cGFiYXNlLmNvL2F1dGgvdjEiLCJzdWIiOiJkYWY1MDdmNi05MmQxLTQzYmUtYmVmNC1iM2U2YWFjZ...</msg>
<arg>${JWT_TOKEN}</arg>
<arg>${jwt}</arg>
<doc>Makes a variable available everywhere within the scope of the current suite.</doc>
<status status="PASS" start="2026-01-28T15:01:47.083307" elapsed="0.000406"/>
</kw>
<status status="PASS" start="2026-01-28T15:01:46.360233" elapsed="0.723545"/>
</kw>
<kw name="Checar Endpoint Protegido" owner="validarAPI">
<kw name="Set Log Level" owner="BuiltIn">
<var>${old}</var>
<arg>NONE</arg>
<doc>Sets the log threshold to the specified level.</doc>
<status status="PASS" start="2026-01-28T15:01:47.084171" elapsed="0.000371"/>
</kw>
<kw name="Create Session" owner="RequestsLibrary">
<arg>api</arg>
<arg>${API_BASE}</arg>
<arg>timeout=${TIMEOUT}</arg>
<doc>Create Session: create a HTTP session to a server</doc>
<status status="PASS" start="2026-01-28T15:01:47.084638" elapsed="0.000312"/>
</kw>
<kw name="Create Dictionary" owner="BuiltIn">
<var>&amp;{headers}</var>
<arg>Authorization</arg>
<arg>Bearer ${JWT_TOKEN}</arg>
<arg>Content-Type</arg>
<arg>application/json</arg>
<doc>Creates and returns a dictionary based on the given ``items``.</doc>
<status status="PASS" start="2026-01-28T15:01:47.085053" elapsed="0.000348"/>
</kw>
<kw name="GET On Session" owner="RequestsLibrary">
<var>${resp}</var>
<arg>api</arg>
<arg>${ENDPOINT}</arg>
<arg>headers=${headers}</arg>
<doc>Sends a GET request on a previously created HTTP Session.</doc>
<status status="PASS" start="2026-01-28T15:01:47.085504" elapsed="8.027382"/>
</kw>
<kw name="Run Keyword Unless" owner="BuiltIn">
<arg>${resp.status_code} == 200</arg>
<arg>Fail</arg>
<arg>API check falhou: ${API_BASE}${ENDPOINT} retornou ${resp.status_code}. Body: ${resp.text}</arg>
<doc>*DEPRECATED since RF 5.0. Use native IF/ELSE or `Run Keyword If` instead.*</doc>
<status status="PASS" start="2026-01-28T15:01:55.113116" elapsed="0.001201"/>
</kw>
<kw name="Set Log Level" owner="BuiltIn">
<arg>${old}</arg>
<doc>Sets the log threshold to the specified level.</doc>
<status status="PASS" start="2026-01-28T15:01:55.114470" elapsed="0.000426"/>
</kw>
<status status="PASS" start="2026-01-28T15:01:47.083914" elapsed="8.031049"/>
</kw>
<status status="PASS" start="2026-01-28T15:01:46.359834" elapsed="8.755183"/>
</kw>
<msg time="2026-01-28T15:01:55.263997" level="INFO">Starting Browser process C:\Users\danie\AppData\Local\Programs\Python\Python314\Lib\site-packages\Browser\wrapper\index.js using at 127.0.0.1:61786</msg>
<status status="PASS" start="2026-01-28T15:01:46.359286" elapsed="8.755896"/>
</test>
<doc>Validar API antes de rodar as outras suites</doc>
<status status="PASS" start="2026-01-28T15:01:44.837391" elapsed="11.587837"/>
</suite>
<status status="PASS" start="2026-01-28T15:01:44.836306" elapsed="11.593699"/>
</suite>
<suite id="s1-s2" name="Pages" source="C:\Users\danie\OneDrive\Área de Trabalho\GamesRobot\Tests\pages">
<suite id="s1-s2-s1" name="Checklogin" source="C:\Users\danie\OneDrive\Área de Trabalho\GamesRobot\Tests\pages\checklogin.robot">
<test id="s1-s2-s1-t1" name="Home - smoke" line="12">
<kw name="Open Website" owner="settings" type="SETUP">
<kw name="New Browser" owner="Browser">
<msg time="2026-01-28T15:01:56.446315" level="INFO">{"browser": "chromium", "headless": false, "chromiumSandbox": false, "devtools": false, "handleSIGHUP": true, "handleSIGINT": true, "handleSIGTERM": true, "slowMo": 500.0, "timeout": 30000.0, "tracesDir": "C:\\Users\\danie\\OneDrive\\\u00c1rea de Trabalho\\GamesRobot\\results\\run\\browser\\traces\\temp\\cfc575ea-a02b-45e4-af67-3ac17221f5c9"}</msg>
<msg time="2026-01-28T15:01:56.681828" level="INFO">Successfully created browser with options: {"browser":"chromium","headless":false,"chromiumSandbox":false,"devtools":false,"handleSIGHUP":true,"handleSIGINT":true,"handleSIGTERM":true,"slowMo":500,"timeout":30000,"tracesDir":"C:\\Users\\danie\\OneDrive\\Área de Trabalho\\GamesRobot\\results\\run\\browser\\traces\\temp\\cfc575ea-a02b-45e4-af67-3ac17221f5c9"}</msg>
<arg>chromium</arg>
<arg>headless=${HEADLESS}</arg>
<arg>slowMo=${VELOCIT}</arg>
<tag>BrowserControl</tag>
<tag>Setter</tag>
<doc>Create a new playwright Browser with specified options.</doc>
<status status="PASS" start="2026-01-28T15:01:56.445313" elapsed="0.236796"/>
</kw>
<kw name="New Context" owner="Browser">
<msg time="2026-01-28T15:01:56.684591" level="INFO">{
  "acceptDownloads": true,
  "bypassCSP": false,
  "forcedColors": "none",
  "ignoreHTTPSErrors": false,
  "javaScriptEnabled": true,
  "offline": false,
  "reducedMotion": "no-preference",
  "serviceWorkers": "allow",
  "viewport": {
    "height": 720,
    "width": 1280
  }
}</msg>
<msg time="2026-01-28T15:01:56.700919" level="INFO">Successfully created context. </msg>
<msg time="2026-01-28T15:01:56.701031" level="INFO">{'acceptDownloads': True, 'bypassCSP': False, 'forcedColors': 'none', 'ignoreHTTPSErrors': False, 'javaScriptEnabled': True, 'offline': False, 'reducedMotion': 'no-preference', 'serviceWorkers': 'allow', 'viewport': {'height': 720, 'width': 1280}}</msg>
<tag>BrowserControl</tag>
<tag>Setter</tag>
<doc>Create a new BrowserContext with specified options.</doc>
<status status="PASS" start="2026-01-28T15:01:56.682410" elapsed="0.018716"/>
</kw>
<kw name="New Page" owner="Browser">
<msg time="2026-01-28T15:01:59.499834" level="INFO">Successfully initialized new page object and opened url: http://192.168.0.21:5173/login</msg>
<arg>${URL}</arg>
<tag>BrowserControl</tag>
<tag>Setter</tag>
<doc>Open a new Page.</doc>
<status status="PASS" start="2026-01-28T15:01:56.701365" elapsed="2.798659"/>
</kw>
<status status="PASS" start="2026-01-28T15:01:56.444752" elapsed="3.055398"/>
</kw>
<kw name="Invalid Login" owner="realizarlogin">
<kw name="Wait For Elements State" owner="Browser">
<msg time="2026-01-28T15:02:00.349922" level="INFO">Waited for Element with selector css=input[placeholder="seu@email.com"] at state visible</msg>
<arg>css=input[placeholder="seu@email.com"]</arg>
<arg>visible</arg>
<arg>10s</arg>
<tag>PageContent</tag>
<tag>Wait</tag>
<doc>Waits for the element found by ``selector`` to satisfy state option.</doc>
<status status="PASS" start="2026-01-28T15:01:59.500910" elapsed="0.849226"/>
</kw>
<kw name="Fill Text" owner="Browser">
<msg time="2026-01-28T15:02:00.351092" level="INFO">Fills the text 'test-user@larissa.com' in the given field.</msg>
<arg>css=input[placeholder="seu@email.com"]</arg>
<arg>${INVALID_EMAIL}</arg>
<tag>PageContent</tag>
<tag>Setter</tag>
<doc>Clears and fills the given ``txt`` into the text field found by ``selector``.</doc>
<status status="PASS" start="2026-01-28T15:02:00.350374" elapsed="0.518687"/>
</kw>
<kw name="Wait For Elements State" owner="Browser">
<msg time="2026-01-28T15:02:00.904821" level="INFO">Waited for Element with selector css=input[placeholder="password"] at state visible</msg>
<arg>css=input[placeholder="password"]</arg>
<arg>visible</arg>
<arg>10s</arg>
<tag>PageContent</tag>
<tag>Wait</tag>
<doc>Waits for the element found by ``selector`` to satisfy state option.</doc>
<status status="PASS" start="2026-01-28T15:02:00.869281" elapsed="0.035701"/>
</kw>
<kw name="Fill Text" owner="Browser">
<msg time="2026-01-28T15:02:00.905708" level="INFO">Fills the text 'senha_errada_123' in the given field.</msg>
<arg>css=input[placeholder="password"]</arg>
<arg>${INVALID_PASSWORD}</arg>
<tag>PageContent</tag>
<tag>Setter</tag>
<doc>Clears and fills the given ``txt`` into the text field found by ``selector``.</doc>
<status status="PASS" start="2026-01-28T15:02:00.905177" elapsed="0.513818"/>
</kw>
<kw name="Click" owner="Browser">
<msg time="2026-01-28T15:02:01.419773" level="INFO">Clicks the element 'role=button[name="Entrar"]'.</msg>
<arg>role=button[name="Entrar"]</arg>
<tag>PageContent</tag>
<tag>Setter</tag>
<doc>Simulates mouse click on the element found by ``selector``.</doc>
<status status="PASS" start="2026-01-28T15:02:01.419224" elapsed="0.547745"/>
</kw>
<kw name="Wait For Elements State" owner="Browser">
<msg time="2026-01-28T15:02:01.971904" level="INFO">Waited for Element with selector text=/Invalid login credentials/i at state visible</msg>
<arg>text=/Invalid login credentials/i</arg>
<arg>visible</arg>
<arg>10s</arg>
<tag>PageContent</tag>
<tag>Wait</tag>
<doc>Waits for the element found by ``selector`` to satisfy state option.</doc>
<status status="PASS" start="2026-01-28T15:02:01.967191" elapsed="0.004871"/>
</kw>
<status status="PASS" start="2026-01-28T15:01:59.500506" elapsed="2.471665"/>
</kw>
<kw name="Reload" owner="Browser">
<msg time="2026-01-28T15:02:02.541271" level="INFO">Reloaded page with options: {"waitUntil": "load"}</msg>
<tag>BrowserControl</tag>
<tag>Setter</tag>
<doc>Reloads current active page.</doc>
<status status="PASS" start="2026-01-28T15:02:01.972410" elapsed="0.569033"/>
</kw>
<kw name="Wait For Elements State" owner="Browser">
<msg time="2026-01-28T15:02:02.554960" level="INFO">Waited for Element with selector css=input[placeholder="seu@email.com"] at state visible</msg>
<arg>css=input[placeholder="seu@email.com"]</arg>
<arg>visible</arg>
<arg>10s</arg>
<tag>PageContent</tag>
<tag>Wait</tag>
<doc>Waits for the element found by ``selector`` to satisfy state option.</doc>
<status status="PASS" start="2026-01-28T15:02:02.541745" elapsed="0.013384"/>
</kw>
<kw name="Login" owner="realizarlogin">
<kw name="Wait For Elements State" owner="Browser">
<msg time="2026-01-28T15:02:02.560123" level="INFO">Waited for Element with selector css=input[placeholder="seu@email.com"] at state visible</msg>
<arg>css=input[placeholder="seu@email.com"]</arg>
<arg>visible</arg>
<arg>10s</arg>
<tag>PageContent</tag>
<tag>Wait</tag>
<doc>Waits for the element found by ``selector`` to satisfy state option.</doc>
<status status="PASS" start="2026-01-28T15:02:02.555881" elapsed="0.004402"/>
</kw>
<kw name="Fill Text" owner="Browser">
<msg time="2026-01-28T15:02:02.561041" level="INFO">Fills the text 'test-user@larissa.com' in the given field.</msg>
<arg>css=input[placeholder="seu@email.com"]</arg>
<arg>${EMAIL}</arg>
<tag>PageContent</tag>
<tag>Setter</tag>
<doc>Clears and fills the given ``txt`` into the text field found by ``selector``.</doc>
<status status="PASS" start="2026-01-28T15:02:02.560470" elapsed="0.508756"/>
</kw>
<kw name="Wait For Elements State" owner="Browser">
<msg time="2026-01-28T15:02:13.073087" level="INFO">Keyword 'Take Screenshot  fail-screenshot-{index}' could not be run on failure:
Error: Tried to take screenshot, but no page was open.</msg>
<msg time="2026-01-28T15:02:13.073194" level="INFO">See also file:///C:/Users/danie/OneDrive/%C3%81rea%20de%20Trabalho/GamesRobot/results/run/playwright-log.txt for additional details.</msg>
<msg time="2026-01-28T15:02:13.073497" level="FAIL">Error: Could not find active page</msg>
<arg>css=input[placeholder="password"]</arg>
<arg>visible</arg>
<arg>10s</arg>
<tag>PageContent</tag>
<tag>Wait</tag>
<doc>Waits for the element found by ``selector`` to satisfy state option.</doc>
<status status="FAIL" start="2026-01-28T15:02:03.069457" elapsed="10.084873">Error: Could not find active page</status>
</kw>
<kw name="Fill Text" owner="Browser">
<arg>css=input[placeholder="password"]</arg>
<arg>${PASSWORD}</arg>
<tag>PageContent</tag>
<tag>Setter</tag>
<doc>Clears and fills the given ``txt`` into the text field found by ``selector``.</doc>
<status status="NOT RUN" start="2026-01-28T15:02:13.154544" elapsed="0.000134"/>
</kw>
<kw name="Click" owner="Browser">
<arg>role=button[name="Entrar"]</arg>
<tag>PageContent</tag>
<tag>Setter</tag>
<doc>Simulates mouse click on the element found by ``selector``.</doc>
<status status="NOT RUN" start="2026-01-28T15:02:13.154786" elapsed="0.000086"/>
</kw>
<status status="FAIL" start="2026-01-28T15:02:02.555478" elapsed="10.599518">Error: Could not find active page</status>
</kw>
<kw name="Validate Home Screen" owner="pages">
<status status="NOT RUN" start="2026-01-28T15:02:13.155281" elapsed="0.000131"/>
</kw>
<msg time="2026-01-28T15:02:13.159098" level="INFO">Switching context to context=8d105572-5ccf-48ef-a7b3-8cd660906142 in CURRENT</msg>
<msg time="2026-01-28T15:02:13.160441" level="INFO">Successfully changed active context: context=8d105572-5ccf-48ef-a7b3-8cd660906142</msg>
<msg time="2026-01-28T15:02:13.165756" level="INFO">Successfully closed Context</msg>
<tag>smoke</tag>
<status status="FAIL" start="2026-01-28T15:01:56.442617" elapsed="16.713008">Error: Could not find active page</status>
</test>
<status status="FAIL" start="2026-01-28T15:01:56.432281" elapsed="16.734407"/>
</suite>
<suite id="s1-s2-s2" name="Flow" source="C:\Users\danie\OneDrive\Área de Trabalho\GamesRobot\Tests\pages\flow.robot">
<test id="s1-s2-s2-t1" name="Add-save-complete a game" line="12">
<kw name="Open Website" owner="settings" type="SETUP">
<kw name="New Browser" owner="Browser">
<msg time="2026-01-28T15:02:13.180409" level="INFO">Switching browser to browser=1e6cb6d5-bf0f-49b4-b74a-632584a72f40</msg>
<msg time="2026-01-28T15:02:13.181314" level="INFO">Successfully changed active browser: browser=1e6cb6d5-bf0f-49b4-b74a-632584a72f40</msg>
<msg time="2026-01-28T15:02:13.181438" level="INFO">Reusing existing browser with id: browser=1e6cb6d5-bf0f-49b4-b74a-632584a72f40</msg>
<arg>chromium</arg>
<arg>headless=${HEADLESS}</arg>
<arg>slowMo=${VELOCIT}</arg>
<tag>BrowserControl</tag>
<tag>Setter</tag>
<doc>Create a new playwright Browser with specified options.</doc>
<status status="PASS" start="2026-01-28T15:02:13.179837" elapsed="0.001665"/>
</kw>
<kw name="New Context" owner="Browser">
<msg time="2026-01-28T15:02:13.183213" level="INFO">{
  "acceptDownloads": true,
  "bypassCSP": false,
  "forcedColors": "none",
  "ignoreHTTPSErrors": false,
  "javaScriptEnabled": true,
  "offline": false,
  "reducedMotion": "no-preference",
  "serviceWorkers": "allow",
  "viewport": {
    "height": 720,
    "width": 1280
  }
}</msg>
<msg time="2026-01-28T15:02:13.190104" level="INFO">Successfully created context. </msg>
<msg time="2026-01-28T15:02:13.190185" level="INFO">{'acceptDownloads': True, 'bypassCSP': False, 'forcedColors': 'none', 'ignoreHTTPSErrors': False, 'javaScriptEnabled': True, 'offline': False, 'reducedMotion': 'no-preference', 'serviceWorkers': 'allow', 'viewport': {'height': 720, 'width': 1280}}</msg>
<tag>BrowserControl</tag>
<tag>Setter</tag>
<doc>Create a new BrowserContext with specified options.</doc>
<status status="PASS" start="2026-01-28T15:02:13.181738" elapsed="0.008519"/>
</kw>
<kw name="New Page" owner="Browser">
<msg time="2026-01-28T15:02:15.044810" level="INFO">Keyword 'Take Screenshot  fail-screenshot-{index}' could not be run on failure:
Error: Tried to take screenshot, but no page was open.</msg>
<msg time="2026-01-28T15:02:15.044913" level="INFO">See also file:///C:/Users/danie/OneDrive/%C3%81rea%20de%20Trabalho/GamesRobot/results/run/playwright-log.txt for additional details.</msg>
<msg time="2026-01-28T15:02:15.045021" level="FAIL">Error: page.goto: Target page, context or browser has been closed
Call log:
  - navigating to "http://192.168.0.21:5173/login", waiting until "load"
</msg>
<arg>${URL}</arg>
<tag>BrowserControl</tag>
<tag>Setter</tag>
<doc>Open a new Page.</doc>
<status status="FAIL" start="2026-01-28T15:02:13.190447" elapsed="1.875016">Error: page.goto: Target page, context or browser has been closed
Call log:
  - navigating to "http://192.168.0.21:5173/login", waiting until "load"
</status>
</kw>
<status status="FAIL" start="2026-01-28T15:02:13.179508" elapsed="1.886163">Error: page.goto: Target page, context or browser has been closed
Call log:
  - navigating to "http://192.168.0.21:5173/login", waiting until "load"
</status>
</kw>
<msg time="2026-01-28T15:02:15.069698" level="INFO">Switching context to context=81cd4016-c8ef-4710-af74-856a118821e5 in CURRENT</msg>
<msg time="2026-01-28T15:02:15.070970" level="INFO">Successfully changed active context: context=81cd4016-c8ef-4710-af74-856a118821e5</msg>
<msg time="2026-01-28T15:02:15.075183" level="INFO">Successfully closed Context</msg>
<status status="FAIL" start="2026-01-28T15:02:13.178546" elapsed="1.887419">Setup failed:
Error: page.goto: Target page, context or browser has been closed
Call log:
  - navigating to "http://192.168.0.21:5173/login", waiting until "load"
</status>
</test>
<status status="FAIL" start="2026-01-28T15:02:13.169655" elapsed="1.906479"/>
</suite>
<suite id="s1-s2-s3" name="Games" source="C:\Users\danie\OneDrive\Área de Trabalho\GamesRobot\Tests\pages\games.robot">
<test id="s1-s2-s3-t1" name="Verify Tooltip Logout and exit button" line="23">
<kw name="Open Website" owner="settings" type="SETUP">
<kw name="New Browser" owner="Browser">
<msg time="2026-01-28T15:02:15.092026" level="INFO">Switching browser to browser=1e6cb6d5-bf0f-49b4-b74a-632584a72f40</msg>
<msg time="2026-01-28T15:02:15.092875" level="INFO">Successfully changed active browser: browser=1e6cb6d5-bf0f-49b4-b74a-632584a72f40</msg>
<msg time="2026-01-28T15:02:15.092940" level="INFO">Reusing existing browser with id: browser=1e6cb6d5-bf0f-49b4-b74a-632584a72f40</msg>
<arg>chromium</arg>
<arg>headless=${HEADLESS}</arg>
<arg>slowMo=${VELOCIT}</arg>
<tag>BrowserControl</tag>
<tag>Setter</tag>
<doc>Create a new playwright Browser with specified options.</doc>
<status status="PASS" start="2026-01-28T15:02:15.091411" elapsed="0.001598"/>
</kw>
<kw name="New Context" owner="Browser">
<msg time="2026-01-28T15:02:15.094846" level="INFO">{
  "acceptDownloads": true,
  "bypassCSP": false,
  "forcedColors": "none",
  "ignoreHTTPSErrors": false,
  "javaScriptEnabled": true,
  "offline": false,
  "reducedMotion": "no-preference",
  "serviceWorkers": "allow",
  "viewport": {
    "height": 720,
    "width": 1280
  }
}</msg>
<msg time="2026-01-28T15:02:15.101230" level="INFO">Successfully created context. </msg>
<msg time="2026-01-28T15:02:15.101324" level="INFO">{'acceptDownloads': True, 'bypassCSP': False, 'forcedColors': 'none', 'ignoreHTTPSErrors': False, 'javaScriptEnabled': True, 'offline': False, 'reducedMotion': 'no-preference', 'serviceWorkers': 'allow', 'viewport': {'height': 720, 'width': 1280}}</msg>
<tag>BrowserControl</tag>
<tag>Setter</tag>
<doc>Create a new BrowserContext with specified options.</doc>
<status status="PASS" start="2026-01-28T15:02:15.093191" elapsed="0.008224"/>
</kw>
<kw name="New Page" owner="Browser">
<msg time="2026-01-28T15:02:16.972935" level="INFO">Keyword 'Take Screenshot  fail-screenshot-{index}' could not be run on failure:
Error: Tried to take screenshot, but no page was open.</msg>
<msg time="2026-01-28T15:02:16.973027" level="INFO">See also file:///C:/Users/danie/OneDrive/%C3%81rea%20de%20Trabalho/GamesRobot/results/run/playwright-log.txt for additional details.</msg>
<msg time="2026-01-28T15:02:16.973126" level="FAIL">Error: page.goto: Target page, context or browser has been closed
Call log:
  - navigating to "http://192.168.0.21:5173/login", waiting until "load"
</msg>
<arg>${URL}</arg>
<tag>BrowserControl</tag>
<tag>Setter</tag>
<doc>Open a new Page.</doc>
<status status="FAIL" start="2026-01-28T15:02:15.101645" elapsed="1.873173">Error: page.goto: Target page, context or browser has been closed
Call log:
  - navigating to "http://192.168.0.21:5173/login", waiting until "load"
</status>
</kw>
<status status="FAIL" start="2026-01-28T15:02:15.090976" elapsed="1.883983">Error: page.goto: Target page, context or browser has been closed
Call log:
  - navigating to "http://192.168.0.21:5173/login", waiting until "load"
</status>
</kw>
<msg time="2026-01-28T15:02:16.979495" level="INFO">Switching context to context=c2454ede-7a26-4a8c-9b8c-37319c02b302 in CURRENT</msg>
<msg time="2026-01-28T15:02:16.980718" level="INFO">Successfully changed active context: context=c2454ede-7a26-4a8c-9b8c-37319c02b302</msg>
<msg time="2026-01-28T15:02:16.985119" level="INFO">Successfully closed Context</msg>
<status status="FAIL" start="2026-01-28T15:02:15.089568" elapsed="1.885745">Setup failed:
Error: page.goto: Target page, context or browser has been closed
Call log:
  - navigating to "http://192.168.0.21:5173/login", waiting until "load"
</status>
</test>
<test id="s1-s2-s3-t2" name="Search Games" line="34">
<kw name="Open Website" owner="settings" type="SETUP">
<kw name="New Browser" owner="Browser">
<msg time="2026-01-28T15:02:16.988540" level="INFO">Switching browser to browser=1e6cb6d5-bf0f-49b4-b74a-632584a72f40</msg>
<msg time="2026-01-28T15:02:16.989825" level="INFO">Successfully changed active browser: browser=1e6cb6d5-bf0f-49b4-b74a-632584a72f40</msg>
<msg time="2026-01-28T15:02:16.989952" level="INFO">Reusing existing browser with id: browser=1e6cb6d5-bf0f-49b4-b74a-632584a72f40</msg>
<arg>chromium</arg>
<arg>headless=${HEADLESS}</arg>
<arg>slowMo=${VELOCIT}</arg>
<tag>BrowserControl</tag>
<tag>Setter</tag>
<doc>Create a new playwright Browser with specified options.</doc>
<status status="PASS" start="2026-01-28T15:02:16.987587" elapsed="0.002423"/>
</kw>
<kw name="New Context" owner="Browser">
<msg time="2026-01-28T15:02:16.991570" level="INFO">{
  "acceptDownloads": true,
  "bypassCSP": false,
  "forcedColors": "none",
  "ignoreHTTPSErrors": false,
  "javaScriptEnabled": true,
  "offline": false,
  "reducedMotion": "no-preference",
  "serviceWorkers": "allow",
  "viewport": {
    "height": 720,
    "width": 1280
  }
}</msg>
<msg time="2026-01-28T15:02:16.997786" level="INFO">Successfully created context. </msg>
<msg time="2026-01-28T15:02:16.997872" level="INFO">{'acceptDownloads': True, 'bypassCSP': False, 'forcedColors': 'none', 'ignoreHTTPSErrors': False, 'javaScriptEnabled': True, 'offline': False, 'reducedMotion': 'no-preference', 'serviceWorkers': 'allow', 'viewport': {'height': 720, 'width': 1280}}</msg>
<tag>BrowserControl</tag>
<tag>Setter</tag>
<doc>Create a new BrowserContext with specified options.</doc>
<status status="PASS" start="2026-01-28T15:02:16.990204" elapsed="0.007766"/>
</kw>
<kw name="New Page" owner="Browser">
<msg time="2026-01-28T15:02:20.166619" level="INFO">Keyword 'Take Screenshot  fail-screenshot-{index}' could not be run on failure:
Error: Tried to take screenshot, but no page was open.</msg>
<msg time="2026-01-28T15:02:20.166709" level="INFO">See also file:///C:/Users/danie/OneDrive/%C3%81rea%20de%20Trabalho/GamesRobot/results/run/playwright-log.txt for additional details.</msg>
<msg time="2026-01-28T15:02:20.166805" level="FAIL">Error: page.goto: Target page, context or browser has been closed
Call log:
  - navigating to "http://192.168.0.21:5173/login", waiting until "load"
</msg>
<arg>${URL}</arg>
<tag>BrowserControl</tag>
<tag>Setter</tag>
<doc>Open a new Page.</doc>
<status status="FAIL" start="2026-01-28T15:02:16.998170" elapsed="3.170225">Error: page.goto: Target page, context or browser has been closed
Call log:
  - navigating to "http://192.168.0.21:5173/login", waiting until "load"
</status>
</kw>
<status status="FAIL" start="2026-01-28T15:02:16.987198" elapsed="3.181335">Error: page.goto: Target page, context or browser has been closed
Call log:
  - navigating to "http://192.168.0.21:5173/login", waiting until "load"
</status>
</kw>
<msg time="2026-01-28T15:02:20.171562" level="INFO">Switching context to context=375d1e2f-823b-41c1-85a6-7f713ec1db93 in CURRENT</msg>
<msg time="2026-01-28T15:02:20.173121" level="INFO">Successfully changed active context: context=375d1e2f-823b-41c1-85a6-7f713ec1db93</msg>
<msg time="2026-01-28T15:02:20.176739" level="INFO">Successfully closed Context</msg>
<tag>smoke</tag>
<status status="FAIL" start="2026-01-28T15:02:16.985854" elapsed="3.182907">Setup failed:
Error: page.goto: Target page, context or browser has been closed
Call log:
  - navigating to "http://192.168.0.21:5173/login", waiting until "load"
</status>
</test>
<test id="s1-s2-s3-t3" name="Search Nonexistent Game" line="45">
<kw name="Open Website" owner="settings" type="SETUP">
<kw name="New Browser" owner="Browser">
<msg time="2026-01-28T15:02:20.180355" level="INFO">Switching browser to browser=1e6cb6d5-bf0f-49b4-b74a-632584a72f40</msg>
<msg time="2026-01-28T15:02:20.181681" level="INFO">Successfully changed active browser: browser=1e6cb6d5-bf0f-49b4-b74a-632584a72f40</msg>
<msg time="2026-01-28T15:02:20.181811" level="INFO">Reusing existing browser with id: browser=1e6cb6d5-bf0f-49b4-b74a-632584a72f40</msg>
<arg>chromium</arg>
<arg>headless=${HEADLESS}</arg>
<arg>slowMo=${VELOCIT}</arg>
<tag>BrowserControl</tag>
<tag>Setter</tag>
<doc>Create a new playwright Browser with specified options.</doc>
<status status="PASS" start="2026-01-28T15:02:20.179614" elapsed="0.002258"/>
</kw>
<kw name="New Context" owner="Browser">
<msg time="2026-01-28T15:02:20.183549" level="INFO">{
  "acceptDownloads": true,
  "bypassCSP": false,
  "forcedColors": "none",
  "ignoreHTTPSErrors": false,
  "javaScriptEnabled": true,
  "offline": false,
  "reducedMotion": "no-preference",
  "serviceWorkers": "allow",
  "viewport": {
    "height": 720,
    "width": 1280
  }
}</msg>
<msg time="2026-01-28T15:02:20.189281" level="INFO">Successfully created context. </msg>
<msg time="2026-01-28T15:02:20.189389" level="INFO">{'acceptDownloads': True, 'bypassCSP': False, 'forcedColors': 'none', 'ignoreHTTPSErrors': False, 'javaScriptEnabled': True, 'offline': False, 'reducedMotion': 'no-preference', 'serviceWorkers': 'allow', 'viewport': {'height': 720, 'width': 1280}}</msg>
<tag>BrowserControl</tag>
<tag>Setter</tag>
<doc>Create a new BrowserContext with specified options.</doc>
<status status="PASS" start="2026-01-28T15:02:20.182066" elapsed="0.007417"/>
</kw>
<kw name="New Page" owner="Browser">
<msg time="2026-01-28T15:02:21.526691" level="INFO">Keyword 'Take Screenshot  fail-screenshot-{index}' could not be run on failure:
Error: Tried to take screenshot, but no page was open.</msg>
<msg time="2026-01-28T15:02:21.526797" level="INFO">See also file:///C:/Users/danie/OneDrive/%C3%81rea%20de%20Trabalho/GamesRobot/results/run/playwright-log.txt for additional details.</msg>
<msg time="2026-01-28T15:02:21.526900" level="FAIL">Error: page.goto: Target page, context or browser has been closed
Call log:
  - navigating to "http://192.168.0.21:5173/login", waiting until "load"
</msg>
<arg>${URL}</arg>
<tag>BrowserControl</tag>
<tag>Setter</tag>
<doc>Open a new Page.</doc>
<status status="FAIL" start="2026-01-28T15:02:20.189758" elapsed="1.339081">Error: page.goto: Target page, context or browser has been closed
Call log:
  - navigating to "http://192.168.0.21:5173/login", waiting until "load"
</status>
</kw>
<status status="FAIL" start="2026-01-28T15:02:20.179111" elapsed="1.349952">Error: page.goto: Target page, context or browser has been closed
Call log:
  - navigating to "http://192.168.0.21:5173/login", waiting until "load"
</status>
</kw>
<msg time="2026-01-28T15:02:21.532342" level="INFO">Switching context to context=e07f48cd-6519-46e0-be8b-0c08f55cc390 in CURRENT</msg>
<msg time="2026-01-28T15:02:21.533920" level="INFO">Successfully changed active context: context=e07f48cd-6519-46e0-be8b-0c08f55cc390</msg>
<msg time="2026-01-28T15:02:21.538457" level="INFO">Successfully closed Context</msg>
<status status="FAIL" start="2026-01-28T15:02:20.177519" elapsed="1.351792">Setup failed:
Error: page.goto: Target page, context or browser has been closed
Call log:
  - navigating to "http://192.168.0.21:5173/login", waiting until "load"
</status>
</test>
<test id="s1-s2-s3-t4" name="Randomness Message Game Noexistent" line="53">
<kw name="Open Website" owner="settings" type="SETUP">
<kw name="New Browser" owner="Browser">
<msg time="2026-01-28T15:02:21.542351" level="INFO">Switching browser to browser=1e6cb6d5-bf0f-49b4-b74a-632584a72f40</msg>
<msg time="2026-01-28T15:02:21.543477" level="INFO">Successfully changed active browser: browser=1e6cb6d5-bf0f-49b4-b74a-632584a72f40</msg>
<msg time="2026-01-28T15:02:21.543598" level="INFO">Reusing existing browser with id: browser=1e6cb6d5-bf0f-49b4-b74a-632584a72f40</msg>
<arg>chromium</arg>
<arg>headless=${HEADLESS}</arg>
<arg>slowMo=${VELOCIT}</arg>
<tag>BrowserControl</tag>
<tag>Setter</tag>
<doc>Create a new playwright Browser with specified options.</doc>
<status status="PASS" start="2026-01-28T15:02:21.541748" elapsed="0.001910"/>
</kw>
<kw name="New Context" owner="Browser">
<msg time="2026-01-28T15:02:21.545643" level="INFO">{
  "acceptDownloads": true,
  "bypassCSP": false,
  "forcedColors": "none",
  "ignoreHTTPSErrors": false,
  "javaScriptEnabled": true,
  "offline": false,
  "reducedMotion": "no-preference",
  "serviceWorkers": "allow",
  "viewport": {
    "height": 720,
    "width": 1280
  }
}</msg>
<msg time="2026-01-28T15:02:21.552093" level="INFO">Successfully created context. </msg>
<msg time="2026-01-28T15:02:21.552179" level="INFO">{'acceptDownloads': True, 'bypassCSP': False, 'forcedColors': 'none', 'ignoreHTTPSErrors': False, 'javaScriptEnabled': True, 'offline': False, 'reducedMotion': 'no-preference', 'serviceWorkers': 'allow', 'viewport': {'height': 720, 'width': 1280}}</msg>
<tag>BrowserControl</tag>
<tag>Setter</tag>
<doc>Create a new BrowserContext with specified options.</doc>
<status status="PASS" start="2026-01-28T15:02:21.543861" elapsed="0.008389"/>
</kw>
<kw name="New Page" owner="Browser">
<msg time="2026-01-28T15:02:23.322633" level="INFO">Keyword 'Take Screenshot  fail-screenshot-{index}' could not be run on failure:
Error: Tried to take screenshot, but no page was open.</msg>
<msg time="2026-01-28T15:02:23.322730" level="INFO">See also file:///C:/Users/danie/OneDrive/%C3%81rea%20de%20Trabalho/GamesRobot/results/run/playwright-log.txt for additional details.</msg>
<msg time="2026-01-28T15:02:23.322833" level="FAIL">Error: page.goto: Target page, context or browser has been closed
Call log:
  - navigating to "http://192.168.0.21:5173/login", waiting until "load"
</msg>
<arg>${URL}</arg>
<tag>BrowserControl</tag>
<tag>Setter</tag>
<doc>Open a new Page.</doc>
<status status="FAIL" start="2026-01-28T15:02:21.552441" elapsed="1.772183">Error: page.goto: Target page, context or browser has been closed
Call log:
  - navigating to "http://192.168.0.21:5173/login", waiting until "load"
</status>
</kw>
<status status="FAIL" start="2026-01-28T15:02:21.541313" elapsed="1.783458">Error: page.goto: Target page, context or browser has been closed
Call log:
  - navigating to "http://192.168.0.21:5173/login", waiting until "load"
</status>
</kw>
<msg time="2026-01-28T15:02:23.328013" level="INFO">Switching context to context=8b0dad81-5890-4b1b-bd89-f7be5e6a6f4e in CURRENT</msg>
<msg time="2026-01-28T15:02:23.329465" level="INFO">Successfully changed active context: context=8b0dad81-5890-4b1b-bd89-f7be5e6a6f4e</msg>
<msg time="2026-01-28T15:02:23.333118" level="INFO">Successfully closed Context</msg>
<status status="FAIL" start="2026-01-28T15:02:21.539343" elapsed="1.785653">Setup failed:
Error: page.goto: Target page, context or browser has been closed
Call log:
  - navigating to "http://192.168.0.21:5173/login", waiting until "load"
</status>
</test>
<test id="s1-s2-s3-t5" name="Verify save button game" line="92">
<kw name="Open Website" owner="settings" type="SETUP">
<kw name="New Browser" owner="Browser">
<msg time="2026-01-28T15:02:23.336639" level="INFO">Switching browser to browser=1e6cb6d5-bf0f-49b4-b74a-632584a72f40</msg>
<msg time="2026-01-28T15:02:23.337416" level="INFO">Successfully changed active browser: browser=1e6cb6d5-bf0f-49b4-b74a-632584a72f40</msg>
<msg time="2026-01-28T15:02:23.337500" level="INFO">Reusing existing browser with id: browser=1e6cb6d5-bf0f-49b4-b74a-632584a72f40</msg>
<arg>chromium</arg>
<arg>headless=${HEADLESS}</arg>
<arg>slowMo=${VELOCIT}</arg>
<tag>BrowserControl</tag>
<tag>Setter</tag>
<doc>Create a new playwright Browser with specified options.</doc>
<status status="PASS" start="2026-01-28T15:02:23.336035" elapsed="0.001522"/>
</kw>
<kw name="New Context" owner="Browser">
<msg time="2026-01-28T15:02:23.339160" level="INFO">{
  "acceptDownloads": true,
  "bypassCSP": false,
  "forcedColors": "none",
  "ignoreHTTPSErrors": false,
  "javaScriptEnabled": true,
  "offline": false,
  "reducedMotion": "no-preference",
  "serviceWorkers": "allow",
  "viewport": {
    "height": 720,
    "width": 1280
  }
}</msg>
<msg time="2026-01-28T15:02:23.345063" level="INFO">Successfully created context. </msg>
<msg time="2026-01-28T15:02:23.345149" level="INFO">{'acceptDownloads': True, 'bypassCSP': False, 'forcedColors': 'none', 'ignoreHTTPSErrors': False, 'javaScriptEnabled': True, 'offline': False, 'reducedMotion': 'no-preference', 'serviceWorkers': 'allow', 'viewport': {'height': 720, 'width': 1280}}</msg>
<tag>BrowserControl</tag>
<tag>Setter</tag>
<doc>Create a new BrowserContext with specified options.</doc>
<status status="PASS" start="2026-01-28T15:02:23.337739" elapsed="0.007481"/>
</kw>
<kw name="New Page" owner="Browser">
<msg time="2026-01-28T15:02:24.254022" level="INFO">Keyword 'Take Screenshot  fail-screenshot-{index}' could not be run on failure:
Error: Tried to take screenshot, but no page was open.</msg>
<msg time="2026-01-28T15:02:24.254114" level="INFO">See also file:///C:/Users/danie/OneDrive/%C3%81rea%20de%20Trabalho/GamesRobot/results/run/playwright-log.txt for additional details.</msg>
<msg time="2026-01-28T15:02:24.254210" level="FAIL">Error: page.goto: Target page, context or browser has been closed
Call log:
  - navigating to "http://192.168.0.21:5173/login", waiting until "load"
</msg>
<arg>${URL}</arg>
<tag>BrowserControl</tag>
<tag>Setter</tag>
<doc>Open a new Page.</doc>
<status status="FAIL" start="2026-01-28T15:02:23.345418" elapsed="0.910370">Error: page.goto: Target page, context or browser has been closed
Call log:
  - navigating to "http://192.168.0.21:5173/login", waiting until "load"
</status>
</kw>
<status status="FAIL" start="2026-01-28T15:02:23.335602" elapsed="0.920345">Error: page.goto: Target page, context or browser has been closed
Call log:
  - navigating to "http://192.168.0.21:5173/login", waiting until "load"
</status>
</kw>
<msg time="2026-01-28T15:02:24.259758" level="INFO">Switching context to context=8ed0667b-2893-407d-8eca-7c7c97ce1220 in CURRENT</msg>
<msg time="2026-01-28T15:02:24.262320" level="INFO">Successfully changed active context: context=8ed0667b-2893-407d-8eca-7c7c97ce1220</msg>
<msg time="2026-01-28T15:02:24.266665" level="INFO">Successfully closed Context</msg>
<status status="FAIL" start="2026-01-28T15:02:23.333830" elapsed="0.922479">Setup failed:
Error: page.goto: Target page, context or browser has been closed
Call log:
  - navigating to "http://192.168.0.21:5173/login", waiting until "load"
</status>
</test>
<test id="s1-s2-s3-t6" name="Validate Click Card Game" line="96">
<kw name="Open Website" owner="settings" type="SETUP">
<kw name="New Browser" owner="Browser">
<msg time="2026-01-28T15:02:24.270344" level="INFO">Switching browser to browser=1e6cb6d5-bf0f-49b4-b74a-632584a72f40</msg>
<msg time="2026-01-28T15:02:24.271381" level="INFO">Successfully changed active browser: browser=1e6cb6d5-bf0f-49b4-b74a-632584a72f40</msg>
<msg time="2026-01-28T15:02:24.271460" level="INFO">Reusing existing browser with id: browser=1e6cb6d5-bf0f-49b4-b74a-632584a72f40</msg>
<arg>chromium</arg>
<arg>headless=${HEADLESS}</arg>
<arg>slowMo=${VELOCIT}</arg>
<tag>BrowserControl</tag>
<tag>Setter</tag>
<doc>Create a new playwright Browser with specified options.</doc>
<status status="PASS" start="2026-01-28T15:02:24.269739" elapsed="0.001785"/>
</kw>
<kw name="New Context" owner="Browser">
<msg time="2026-01-28T15:02:24.273407" level="INFO">{
  "acceptDownloads": true,
  "bypassCSP": false,
  "forcedColors": "none",
  "ignoreHTTPSErrors": false,
  "javaScriptEnabled": true,
  "offline": false,
  "reducedMotion": "no-preference",
  "serviceWorkers": "allow",
  "viewport": {
    "height": 720,
    "width": 1280
  }
}</msg>
<msg time="2026-01-28T15:02:24.278991" level="INFO">Successfully created context. </msg>
<msg time="2026-01-28T15:02:24.279083" level="INFO">{'acceptDownloads': True, 'bypassCSP': False, 'forcedColors': 'none', 'ignoreHTTPSErrors': False, 'javaScriptEnabled': True, 'offline': False, 'reducedMotion': 'no-preference', 'serviceWorkers': 'allow', 'viewport': {'height': 720, 'width': 1280}}</msg>
<tag>BrowserControl</tag>
<tag>Setter</tag>
<doc>Create a new BrowserContext with specified options.</doc>
<status status="PASS" start="2026-01-28T15:02:24.271715" elapsed="0.007436"/>
</kw>
<kw name="New Page" owner="Browser">
<msg time="2026-01-28T15:02:25.114880" level="INFO">Keyword 'Take Screenshot  fail-screenshot-{index}' could not be run on failure:
Error: Tried to take screenshot, but no page was open.</msg>
<msg time="2026-01-28T15:02:25.114971" level="INFO">See also file:///C:/Users/danie/OneDrive/%C3%81rea%20de%20Trabalho/GamesRobot/results/run/playwright-log.txt for additional details.</msg>
<msg time="2026-01-28T15:02:25.115065" level="FAIL">Error: page.goto: Target page, context or browser has been closed
Call log:
  - navigating to "http://192.168.0.21:5173/login", waiting until "load"
</msg>
<arg>${URL}</arg>
<tag>BrowserControl</tag>
<tag>Setter</tag>
<doc>Open a new Page.</doc>
<status status="FAIL" start="2026-01-28T15:02:24.279342" elapsed="0.837273">Error: page.goto: Target page, context or browser has been closed
Call log:
  - navigating to "http://192.168.0.21:5173/login", waiting until "load"
</status>
</kw>
<status status="FAIL" start="2026-01-28T15:02:24.269312" elapsed="0.847438">Error: page.goto: Target page, context or browser has been closed
Call log:
  - navigating to "http://192.168.0.21:5173/login", waiting until "load"
</status>
</kw>
<msg time="2026-01-28T15:02:25.120524" level="INFO">Switching context to context=0d8043b1-7ef3-4e39-b7ff-eec5e69d6d11 in CURRENT</msg>
<msg time="2026-01-28T15:02:25.122197" level="INFO">Successfully changed active context: context=0d8043b1-7ef3-4e39-b7ff-eec5e69d6d11</msg>
<msg time="2026-01-28T15:02:25.126744" level="INFO">Successfully closed Context</msg>
<status status="FAIL" start="2026-01-28T15:02:24.267504" elapsed="0.849484">Setup failed:
Error: page.goto: Target page, context or browser has been closed
Call log:
  - navigating to "http://192.168.0.21:5173/login", waiting until "load"
</status>
</test>
<test id="s1-s2-s3-t7" name="Validate saved game page" line="100">
<kw name="Open Website" owner="settings" type="SETUP">
<kw name="New Browser" owner="Browser">
<msg time="2026-01-28T15:02:25.130057" level="INFO">Switching browser to browser=1e6cb6d5-bf0f-49b4-b74a-632584a72f40</msg>
<msg time="2026-01-28T15:02:25.130976" level="INFO">Successfully changed active browser: browser=1e6cb6d5-bf0f-49b4-b74a-632584a72f40</msg>
<msg time="2026-01-28T15:02:25.131097" level="INFO">Reusing existing browser with id: browser=1e6cb6d5-bf0f-49b4-b74a-632584a72f40</msg>
<arg>chromium</arg>
<arg>headless=${HEADLESS}</arg>
<arg>slowMo=${VELOCIT}</arg>
<tag>BrowserControl</tag>
<tag>Setter</tag>
<doc>Create a new playwright Browser with specified options.</doc>
<status status="PASS" start="2026-01-28T15:02:25.129414" elapsed="0.001743"/>
</kw>
<kw name="New Context" owner="Browser">
<msg time="2026-01-28T15:02:25.132842" level="INFO">{
  "acceptDownloads": true,
  "bypassCSP": false,
  "forcedColors": "none",
  "ignoreHTTPSErrors": false,
  "javaScriptEnabled": true,
  "offline": false,
  "reducedMotion": "no-preference",
  "serviceWorkers": "allow",
  "viewport": {
    "height": 720,
    "width": 1280
  }
}</msg>
<msg time="2026-01-28T15:02:25.139091" level="INFO">Successfully created context. </msg>
<msg time="2026-01-28T15:02:25.139176" level="INFO">{'acceptDownloads': True, 'bypassCSP': False, 'forcedColors': 'none', 'ignoreHTTPSErrors': False, 'javaScriptEnabled': True, 'offline': False, 'reducedMotion': 'no-preference', 'serviceWorkers': 'allow', 'viewport': {'height': 720, 'width': 1280}}</msg>
<tag>BrowserControl</tag>
<tag>Setter</tag>
<doc>Create a new BrowserContext with specified options.</doc>
<status status="PASS" start="2026-01-28T15:02:25.131349" elapsed="0.007895"/>
</kw>
<kw name="New Page" owner="Browser">
<msg time="2026-01-28T15:02:25.983076" level="INFO">Keyword 'Take Screenshot  fail-screenshot-{index}' could not be run on failure:
Error: Tried to take screenshot, but no page was open.</msg>
<msg time="2026-01-28T15:02:25.983167" level="INFO">See also file:///C:/Users/danie/OneDrive/%C3%81rea%20de%20Trabalho/GamesRobot/results/run/playwright-log.txt for additional details.</msg>
<msg time="2026-01-28T15:02:25.983264" level="FAIL">Error: page.goto: Target page, context or browser has been closed
Call log:
  - navigating to "http://192.168.0.21:5173/login", waiting until "load"
</msg>
<arg>${URL}</arg>
<tag>BrowserControl</tag>
<tag>Setter</tag>
<doc>Open a new Page.</doc>
<status status="FAIL" start="2026-01-28T15:02:25.139442" elapsed="0.845455">Error: page.goto: Target page, context or browser has been closed
Call log:
  - navigating to "http://192.168.0.21:5173/login", waiting until "load"
</status>
</kw>
<status status="FAIL" start="2026-01-28T15:02:25.128952" elapsed="0.856092">Error: page.goto: Target page, context or browser has been closed
Call log:
  - navigating to "http://192.168.0.21:5173/login", waiting until "load"
</status>
</kw>
<msg time="2026-01-28T15:02:25.988075" level="INFO">Switching context to context=08815ca5-a8f3-4f33-8ff8-5c22e4e68a7a in CURRENT</msg>
<msg time="2026-01-28T15:02:25.989235" level="INFO">Successfully changed active context: context=08815ca5-a8f3-4f33-8ff8-5c22e4e68a7a</msg>
<msg time="2026-01-28T15:02:25.993028" level="INFO">Successfully closed Context</msg>
<status status="FAIL" start="2026-01-28T15:02:25.127442" elapsed="0.857829">Setup failed:
Error: page.goto: Target page, context or browser has been closed
Call log:
  - navigating to "http://192.168.0.21:5173/login", waiting until "load"
</status>
</test>
<status status="FAIL" start="2026-01-28T15:02:15.079859" elapsed="10.913985"/>
</suite>
<suite id="s1-s2-s4" name="Jogando" source="C:\Users\danie\OneDrive\Área de Trabalho\GamesRobot\Tests\pages\jogando.robot">
<test id="s1-s2-s4-t1" name="Validate feedback pause game" line="34">
<kw name="Open Website" owner="settings" type="SETUP">
<kw name="New Browser" owner="Browser">
<msg time="2026-01-28T15:02:26.008911" level="INFO">Switching browser to browser=1e6cb6d5-bf0f-49b4-b74a-632584a72f40</msg>
<msg time="2026-01-28T15:02:26.009963" level="INFO">Successfully changed active browser: browser=1e6cb6d5-bf0f-49b4-b74a-632584a72f40</msg>
<msg time="2026-01-28T15:02:26.010084" level="INFO">Reusing existing browser with id: browser=1e6cb6d5-bf0f-49b4-b74a-632584a72f40</msg>
<arg>chromium</arg>
<arg>headless=${HEADLESS}</arg>
<arg>slowMo=${VELOCIT}</arg>
<tag>BrowserControl</tag>
<tag>Setter</tag>
<doc>Create a new playwright Browser with specified options.</doc>
<status status="PASS" start="2026-01-28T15:02:26.008315" elapsed="0.001829"/>
</kw>
<kw name="New Context" owner="Browser">
<msg time="2026-01-28T15:02:26.011628" level="INFO">{
  "acceptDownloads": true,
  "bypassCSP": false,
  "forcedColors": "none",
  "ignoreHTTPSErrors": false,
  "javaScriptEnabled": true,
  "offline": false,
  "reducedMotion": "no-preference",
  "serviceWorkers": "allow",
  "viewport": {
    "height": 720,
    "width": 1280
  }
}</msg>
<msg time="2026-01-28T15:02:26.017664" level="INFO">Successfully created context. </msg>
<msg time="2026-01-28T15:02:26.017751" level="INFO">{'acceptDownloads': True, 'bypassCSP': False, 'forcedColors': 'none', 'ignoreHTTPSErrors': False, 'javaScriptEnabled': True, 'offline': False, 'reducedMotion': 'no-preference', 'serviceWorkers': 'allow', 'viewport': {'height': 720, 'width': 1280}}</msg>
<tag>BrowserControl</tag>
<tag>Setter</tag>
<doc>Create a new BrowserContext with specified options.</doc>
<status status="PASS" start="2026-01-28T15:02:26.010344" elapsed="0.007473"/>
</kw>
<kw name="New Page" owner="Browser">
<msg time="2026-01-28T15:02:26.893043" level="INFO">Keyword 'Take Screenshot  fail-screenshot-{index}' could not be run on failure:
Error: Tried to take screenshot, but no page was open.</msg>
<msg time="2026-01-28T15:02:26.893133" level="INFO">See also file:///C:/Users/danie/OneDrive/%C3%81rea%20de%20Trabalho/GamesRobot/results/run/playwright-log.txt for additional details.</msg>
<msg time="2026-01-28T15:02:26.893225" level="FAIL">Error: page.goto: Target page, context or browser has been closed
Call log:
  - navigating to "http://192.168.0.21:5173/login", waiting until "load"
</msg>
<arg>${URL}</arg>
<tag>BrowserControl</tag>
<tag>Setter</tag>
<doc>Open a new Page.</doc>
<status status="FAIL" start="2026-01-28T15:02:26.018005" elapsed="0.876773">Error: page.goto: Target page, context or browser has been closed
Call log:
  - navigating to "http://192.168.0.21:5173/login", waiting until "load"
</status>
</kw>
<status status="FAIL" start="2026-01-28T15:02:26.007884" elapsed="0.887030">Error: page.goto: Target page, context or browser has been closed
Call log:
  - navigating to "http://192.168.0.21:5173/login", waiting until "load"
</status>
</kw>
<msg time="2026-01-28T15:02:26.898441" level="INFO">Switching context to context=d1c32d0d-8de1-4e28-ac3d-c867977c4e7b in CURRENT</msg>
<msg time="2026-01-28T15:02:26.899565" level="INFO">Successfully changed active context: context=d1c32d0d-8de1-4e28-ac3d-c867977c4e7b</msg>
<msg time="2026-01-28T15:02:26.903873" level="INFO">Successfully closed Context</msg>
<status status="FAIL" start="2026-01-28T15:02:26.005897" elapsed="0.889266">Setup failed:
Error: page.goto: Target page, context or browser has been closed
Call log:
  - navigating to "http://192.168.0.21:5173/login", waiting until "load"
</status>
</test>
<test id="s1-s2-s4-t2" name="Validate modal stats" line="42">
<kw name="Open Website" owner="settings" type="SETUP">
<kw name="New Browser" owner="Browser">
<msg time="2026-01-28T15:02:26.907065" level="INFO">Switching browser to browser=1e6cb6d5-bf0f-49b4-b74a-632584a72f40</msg>
<msg time="2026-01-28T15:02:26.908049" level="INFO">Successfully changed active browser: browser=1e6cb6d5-bf0f-49b4-b74a-632584a72f40</msg>
<msg time="2026-01-28T15:02:26.908192" level="INFO">Reusing existing browser with id: browser=1e6cb6d5-bf0f-49b4-b74a-632584a72f40</msg>
<arg>chromium</arg>
<arg>headless=${HEADLESS}</arg>
<arg>slowMo=${VELOCIT}</arg>
<tag>BrowserControl</tag>
<tag>Setter</tag>
<doc>Create a new playwright Browser with specified options.</doc>
<status status="PASS" start="2026-01-28T15:02:26.906450" elapsed="0.001819"/>
</kw>
<kw name="New Context" owner="Browser">
<msg time="2026-01-28T15:02:26.909752" level="INFO">{
  "acceptDownloads": true,
  "bypassCSP": false,
  "forcedColors": "none",
  "ignoreHTTPSErrors": false,
  "javaScriptEnabled": true,
  "offline": false,
  "reducedMotion": "no-preference",
  "serviceWorkers": "allow",
  "viewport": {
    "height": 720,
    "width": 1280
  }
}</msg>
<msg time="2026-01-28T15:02:26.915466" level="INFO">Successfully created context. </msg>
<msg time="2026-01-28T15:02:26.915550" level="INFO">{'acceptDownloads': True, 'bypassCSP': False, 'forcedColors': 'none', 'ignoreHTTPSErrors': False, 'javaScriptEnabled': True, 'offline': False, 'reducedMotion': 'no-preference', 'serviceWorkers': 'allow', 'viewport': {'height': 720, 'width': 1280}}</msg>
<tag>BrowserControl</tag>
<tag>Setter</tag>
<doc>Create a new BrowserContext with specified options.</doc>
<status status="PASS" start="2026-01-28T15:02:26.908466" elapsed="0.007152"/>
</kw>
<kw name="New Page" owner="Browser">
<msg time="2026-01-28T15:02:27.798779" level="INFO">Keyword 'Take Screenshot  fail-screenshot-{index}' could not be run on failure:
Error: Tried to take screenshot, but no page was open.</msg>
<msg time="2026-01-28T15:02:27.798870" level="INFO">See also file:///C:/Users/danie/OneDrive/%C3%81rea%20de%20Trabalho/GamesRobot/results/run/playwright-log.txt for additional details.</msg>
<msg time="2026-01-28T15:02:27.798961" level="FAIL">Error: page.goto: Target page, context or browser has been closed
Call log:
  - navigating to "http://192.168.0.21:5173/login", waiting until "load"
</msg>
<arg>${URL}</arg>
<tag>BrowserControl</tag>
<tag>Setter</tag>
<doc>Open a new Page.</doc>
<status status="FAIL" start="2026-01-28T15:02:26.915805" elapsed="0.884707">Error: page.goto: Target page, context or browser has been closed
Call log:
  - navigating to "http://192.168.0.21:5173/login", waiting until "load"
</status>
</kw>
<status status="FAIL" start="2026-01-28T15:02:26.906071" elapsed="0.894576">Error: page.goto: Target page, context or browser has been closed
Call log:
  - navigating to "http://192.168.0.21:5173/login", waiting until "load"
</status>
</kw>
<msg time="2026-01-28T15:02:27.809187" level="INFO">Switching context to context=beba3d5e-2362-492a-b84d-b2318173986d in CURRENT</msg>
<msg time="2026-01-28T15:02:27.810484" level="INFO">Successfully changed active context: context=beba3d5e-2362-492a-b84d-b2318173986d</msg>
<msg time="2026-01-28T15:02:27.814785" level="INFO">Successfully closed Context</msg>
<status status="FAIL" start="2026-01-28T15:02:26.904616" elapsed="0.896275">Setup failed:
Error: page.goto: Target page, context or browser has been closed
Call log:
  - navigating to "http://192.168.0.21:5173/login", waiting until "load"
</status>
</test>
<test id="s1-s2-s4-t3" name="Check not saved info" line="49">
<kw name="Open Website" owner="settings" type="SETUP">
<kw name="New Browser" owner="Browser">
<msg time="2026-01-28T15:02:27.818268" level="INFO">Switching browser to browser=1e6cb6d5-bf0f-49b4-b74a-632584a72f40</msg>
<msg time="2026-01-28T15:02:27.819440" level="INFO">Successfully changed active browser: browser=1e6cb6d5-bf0f-49b4-b74a-632584a72f40</msg>
<msg time="2026-01-28T15:02:27.819505" level="INFO">Reusing existing browser with id: browser=1e6cb6d5-bf0f-49b4-b74a-632584a72f40</msg>
<arg>chromium</arg>
<arg>headless=${HEADLESS}</arg>
<arg>slowMo=${VELOCIT}</arg>
<tag>BrowserControl</tag>
<tag>Setter</tag>
<doc>Create a new playwright Browser with specified options.</doc>
<status status="PASS" start="2026-01-28T15:02:27.817571" elapsed="0.001984"/>
</kw>
<kw name="New Context" owner="Browser">
<msg time="2026-01-28T15:02:27.820913" level="INFO">{
  "acceptDownloads": true,
  "bypassCSP": false,
  "forcedColors": "none",
  "ignoreHTTPSErrors": false,
  "javaScriptEnabled": true,
  "offline": false,
  "reducedMotion": "no-preference",
  "serviceWorkers": "allow",
  "viewport": {
    "height": 720,
    "width": 1280
  }
}</msg>
<msg time="2026-01-28T15:02:27.826255" level="INFO">Successfully created context. </msg>
<msg time="2026-01-28T15:02:27.826336" level="INFO">{'acceptDownloads': True, 'bypassCSP': False, 'forcedColors': 'none', 'ignoreHTTPSErrors': False, 'javaScriptEnabled': True, 'offline': False, 'reducedMotion': 'no-preference', 'serviceWorkers': 'allow', 'viewport': {'height': 720, 'width': 1280}}</msg>
<tag>BrowserControl</tag>
<tag>Setter</tag>
<doc>Create a new BrowserContext with specified options.</doc>
<status status="PASS" start="2026-01-28T15:02:27.819721" elapsed="0.006682"/>
</kw>
<kw name="New Page" owner="Browser">
<msg time="2026-01-28T15:02:28.660658" level="INFO">Keyword 'Take Screenshot  fail-screenshot-{index}' could not be run on failure:
Error: Tried to take screenshot, but no page was open.</msg>
<msg time="2026-01-28T15:02:28.660764" level="INFO">See also file:///C:/Users/danie/OneDrive/%C3%81rea%20de%20Trabalho/GamesRobot/results/run/playwright-log.txt for additional details.</msg>
<msg time="2026-01-28T15:02:28.660864" level="FAIL">Error: page.goto: Target page, context or browser has been closed
Call log:
  - navigating to "http://192.168.0.21:5173/login", waiting until "load"
</msg>
<arg>${URL}</arg>
<tag>BrowserControl</tag>
<tag>Setter</tag>
<doc>Open a new Page.</doc>
<status status="FAIL" start="2026-01-28T15:02:27.826588" elapsed="0.835917">Error: page.goto: Target page, context or browser has been closed
Call log:
  - navigating to "http://192.168.0.21:5173/login", waiting until "load"
</status>
</kw>
<status status="FAIL" start="2026-01-28T15:02:27.817149" elapsed="0.845521">Error: page.goto: Target page, context or browser has been closed
Call log:
  - navigating to "http://192.168.0.21:5173/login", waiting until "load"
</status>
</kw>
<msg time="2026-01-28T15:02:28.666469" level="INFO">Switching context to context=1897468f-6c67-429c-b50a-1aad5fb87422 in CURRENT</msg>
<msg time="2026-01-28T15:02:28.667845" level="INFO">Successfully changed active context: context=1897468f-6c67-429c-b50a-1aad5fb87422</msg>
<msg time="2026-01-28T15:02:28.672180" level="INFO">Successfully closed Context</msg>
<status status="FAIL" start="2026-01-28T15:02:27.815546" elapsed="0.847414">Setup failed:
Error: page.goto: Target page, context or browser has been closed
Call log:
  - navigating to "http://192.168.0.21:5173/login", waiting until "load"
</status>
</test>
<test id="s1-s2-s4-t4" name="Validate close modal stats" line="58">
<kw name="Open Website" owner="settings" type="SETUP">
<kw name="New Browser" owner="Browser">
<msg time="2026-01-28T15:02:28.675350" level="INFO">Switching browser to browser=1e6cb6d5-bf0f-49b4-b74a-632584a72f40</msg>
<msg time="2026-01-28T15:02:28.676361" level="INFO">Successfully changed active browser: browser=1e6cb6d5-bf0f-49b4-b74a-632584a72f40</msg>
<msg time="2026-01-28T15:02:28.676416" level="INFO">Reusing existing browser with id: browser=1e6cb6d5-bf0f-49b4-b74a-632584a72f40</msg>
<arg>chromium</arg>
<arg>headless=${HEADLESS}</arg>
<arg>slowMo=${VELOCIT}</arg>
<tag>BrowserControl</tag>
<tag>Setter</tag>
<doc>Create a new playwright Browser with specified options.</doc>
<status status="PASS" start="2026-01-28T15:02:28.674748" elapsed="0.001712"/>
</kw>
<kw name="New Context" owner="Browser">
<msg time="2026-01-28T15:02:28.677681" level="INFO">{
  "acceptDownloads": true,
  "bypassCSP": false,
  "forcedColors": "none",
  "ignoreHTTPSErrors": false,
  "javaScriptEnabled": true,
  "offline": false,
  "reducedMotion": "no-preference",
  "serviceWorkers": "allow",
  "viewport": {
    "height": 720,
    "width": 1280
  }
}</msg>
<msg time="2026-01-28T15:02:28.683963" level="INFO">Successfully created context. </msg>
<msg time="2026-01-28T15:02:28.684079" level="INFO">{'acceptDownloads': True, 'bypassCSP': False, 'forcedColors': 'none', 'ignoreHTTPSErrors': False, 'javaScriptEnabled': True, 'offline': False, 'reducedMotion': 'no-preference', 'serviceWorkers': 'allow', 'viewport': {'height': 720, 'width': 1280}}</msg>
<tag>BrowserControl</tag>
<tag>Setter</tag>
<doc>Create a new BrowserContext with specified options.</doc>
<status status="PASS" start="2026-01-28T15:02:28.676586" elapsed="0.007587"/>
</kw>
<kw name="New Page" owner="Browser">
<msg time="2026-01-28T15:02:29.566385" level="INFO">Keyword 'Take Screenshot  fail-screenshot-{index}' could not be run on failure:
Error: Tried to take screenshot, but no page was open.</msg>
<msg time="2026-01-28T15:02:29.566475" level="INFO">See also file:///C:/Users/danie/OneDrive/%C3%81rea%20de%20Trabalho/GamesRobot/results/run/playwright-log.txt for additional details.</msg>
<msg time="2026-01-28T15:02:29.566569" level="FAIL">Error: page.goto: Target page, context or browser has been closed
Call log:
  - navigating to "http://192.168.0.21:5173/login", waiting until "load"
</msg>
<arg>${URL}</arg>
<tag>BrowserControl</tag>
<tag>Setter</tag>
<doc>Open a new Page.</doc>
<status status="FAIL" start="2026-01-28T15:02:28.684419" elapsed="0.883717">Error: page.goto: Target page, context or browser has been closed
Call log:
  - navigating to "http://192.168.0.21:5173/login", waiting until "load"
</status>
</kw>
<status status="FAIL" start="2026-01-28T15:02:28.674386" elapsed="0.893886">Error: page.goto: Target page, context or browser has been closed
Call log:
  - navigating to "http://192.168.0.21:5173/login", waiting until "load"
</status>
</kw>
<msg time="2026-01-28T15:02:29.571768" level="INFO">Switching context to context=cff45c06-42c4-4377-a140-4ea3c3df90dd in CURRENT</msg>
<msg time="2026-01-28T15:02:29.573012" level="INFO">Successfully changed active context: context=cff45c06-42c4-4377-a140-4ea3c3df90dd</msg>
<msg time="2026-01-28T15:02:29.577393" level="INFO">Successfully closed Context</msg>
<status status="FAIL" start="2026-01-28T15:02:28.672917" elapsed="0.895608">Setup failed:
Error: page.goto: Target page, context or browser has been closed
Call log:
  - navigating to "http://192.168.0.21:5173/login", waiting until "load"
</status>
</test>
<test id="s1-s2-s4-t5" name="Verify saved info" line="69">
<kw name="Open Website" owner="settings" type="SETUP">
<kw name="New Browser" owner="Browser">
<msg time="2026-01-28T15:02:29.580512" level="INFO">Switching browser to browser=1e6cb6d5-bf0f-49b4-b74a-632584a72f40</msg>
<msg time="2026-01-28T15:02:29.581546" level="INFO">Successfully changed active browser: browser=1e6cb6d5-bf0f-49b4-b74a-632584a72f40</msg>
<msg time="2026-01-28T15:02:29.581678" level="INFO">Reusing existing browser with id: browser=1e6cb6d5-bf0f-49b4-b74a-632584a72f40</msg>
<arg>chromium</arg>
<arg>headless=${HEADLESS}</arg>
<arg>slowMo=${VELOCIT}</arg>
<tag>BrowserControl</tag>
<tag>Setter</tag>
<doc>Create a new playwright Browser with specified options.</doc>
<status status="PASS" start="2026-01-28T15:02:29.579901" elapsed="0.001836"/>
</kw>
<kw name="New Context" owner="Browser">
<msg time="2026-01-28T15:02:29.583247" level="INFO">{
  "acceptDownloads": true,
  "bypassCSP": false,
  "forcedColors": "none",
  "ignoreHTTPSErrors": false,
  "javaScriptEnabled": true,
  "offline": false,
  "reducedMotion": "no-preference",
  "serviceWorkers": "allow",
  "viewport": {
    "height": 720,
    "width": 1280
  }
}</msg>
<msg time="2026-01-28T15:02:29.589032" level="INFO">Successfully created context. </msg>
<msg time="2026-01-28T15:02:29.589120" level="INFO">{'acceptDownloads': True, 'bypassCSP': False, 'forcedColors': 'none', 'ignoreHTTPSErrors': False, 'javaScriptEnabled': True, 'offline': False, 'reducedMotion': 'no-preference', 'serviceWorkers': 'allow', 'viewport': {'height': 720, 'width': 1280}}</msg>
<tag>BrowserControl</tag>
<tag>Setter</tag>
<doc>Create a new BrowserContext with specified options.</doc>
<status status="PASS" start="2026-01-28T15:02:29.581933" elapsed="0.007259"/>
</kw>
<kw name="New Page" owner="Browser">
<msg time="2026-01-28T15:02:30.355066" level="INFO">Keyword 'Take Screenshot  fail-screenshot-{index}' could not be run on failure:
Error: Tried to take screenshot, but no page was open.</msg>
<msg time="2026-01-28T15:02:30.355160" level="INFO">See also file:///C:/Users/danie/OneDrive/%C3%81rea%20de%20Trabalho/GamesRobot/results/run/playwright-log.txt for additional details.</msg>
<msg time="2026-01-28T15:02:30.355254" level="FAIL">Error: page.goto: Target page, context or browser has been closed
Call log:
  - navigating to "http://192.168.0.21:5173/login", waiting until "load"
</msg>
<arg>${URL}</arg>
<tag>BrowserControl</tag>
<tag>Setter</tag>
<doc>Open a new Page.</doc>
<status status="FAIL" start="2026-01-28T15:02:29.589411" elapsed="0.767414">Error: page.goto: Target page, context or browser has been closed
Call log:
  - navigating to "http://192.168.0.21:5173/login", waiting until "load"
</status>
</kw>
<status status="FAIL" start="2026-01-28T15:02:29.579477" elapsed="0.777484">Error: page.goto: Target page, context or browser has been closed
Call log:
  - navigating to "http://192.168.0.21:5173/login", waiting until "load"
</status>
</kw>
<msg time="2026-01-28T15:02:30.360310" level="INFO">Switching context to context=a7e6c3ca-c0fa-4bd0-8ca5-5fcb3efb2751 in CURRENT</msg>
<msg time="2026-01-28T15:02:30.361751" level="INFO">Successfully changed active context: context=a7e6c3ca-c0fa-4bd0-8ca5-5fcb3efb2751</msg>
<msg time="2026-01-28T15:02:30.366985" level="INFO">Successfully closed Context</msg>
<status status="FAIL" start="2026-01-28T15:02:29.578048" elapsed="0.779156">Setup failed:
Error: page.goto: Target page, context or browser has been closed
Call log:
  - navigating to "http://192.168.0.21:5173/login", waiting until "load"
</status>
</test>
<status status="FAIL" start="2026-01-28T15:02:25.996519" elapsed="4.371340"/>
</suite>
<suite id="s1-s2-s5" name="Jogarei" source="C:\Users\danie\OneDrive\Área de Trabalho\GamesRobot\Tests\pages\jogarei.robot">
<test id="s1-s2-s5-t1" name="Validate feedback remove" line="12">
<kw name="Open Website" owner="settings" type="SETUP">
<kw name="New Browser" owner="Browser">
<msg time="2026-01-28T15:02:30.383052" level="INFO">Switching browser to browser=1e6cb6d5-bf0f-49b4-b74a-632584a72f40</msg>
<msg time="2026-01-28T15:02:30.384316" level="INFO">Successfully changed active browser: browser=1e6cb6d5-bf0f-49b4-b74a-632584a72f40</msg>
<msg time="2026-01-28T15:02:30.384398" level="INFO">Reusing existing browser with id: browser=1e6cb6d5-bf0f-49b4-b74a-632584a72f40</msg>
<arg>chromium</arg>
<arg>headless=${HEADLESS}</arg>
<arg>slowMo=${VELOCIT}</arg>
<tag>BrowserControl</tag>
<tag>Setter</tag>
<doc>Create a new playwright Browser with specified options.</doc>
<status status="PASS" start="2026-01-28T15:02:30.382253" elapsed="0.002197"/>
</kw>
<kw name="New Context" owner="Browser">
<msg time="2026-01-28T15:02:30.386367" level="INFO">{
  "acceptDownloads": true,
  "bypassCSP": false,
  "forcedColors": "none",
  "ignoreHTTPSErrors": false,
  "javaScriptEnabled": true,
  "offline": false,
  "reducedMotion": "no-preference",
  "serviceWorkers": "allow",
  "viewport": {
    "height": 720,
    "width": 1280
  }
}</msg>
<msg time="2026-01-28T15:02:30.392329" level="INFO">Successfully created context. </msg>
<msg time="2026-01-28T15:02:30.392419" level="INFO">{'acceptDownloads': True, 'bypassCSP': False, 'forcedColors': 'none', 'ignoreHTTPSErrors': False, 'javaScriptEnabled': True, 'offline': False, 'reducedMotion': 'no-preference', 'serviceWorkers': 'allow', 'viewport': {'height': 720, 'width': 1280}}</msg>
<tag>BrowserControl</tag>
<tag>Setter</tag>
<doc>Create a new BrowserContext with specified options.</doc>
<status status="PASS" start="2026-01-28T15:02:30.384633" elapsed="0.007855"/>
</kw>
<kw name="New Page" owner="Browser">
<msg time="2026-01-28T15:02:31.371840" level="INFO">Keyword 'Take Screenshot  fail-screenshot-{index}' could not be run on failure:
Error: Tried to take screenshot, but no page was open.</msg>
<msg time="2026-01-28T15:02:31.371927" level="INFO">See also file:///C:/Users/danie/OneDrive/%C3%81rea%20de%20Trabalho/GamesRobot/results/run/playwright-log.txt for additional details.</msg>
<msg time="2026-01-28T15:02:31.372022" level="FAIL">Error: page.goto: Target page, context or browser has been closed
Call log:
  - navigating to "http://192.168.0.21:5173/login", waiting until "load"
</msg>
<arg>${URL}</arg>
<tag>BrowserControl</tag>
<tag>Setter</tag>
<doc>Open a new Page.</doc>
<status status="FAIL" start="2026-01-28T15:02:30.392708" elapsed="0.980882">Error: page.goto: Target page, context or browser has been closed
Call log:
  - navigating to "http://192.168.0.21:5173/login", waiting until "load"
</status>
</kw>
<status status="FAIL" start="2026-01-28T15:02:30.381871" elapsed="0.991854">Error: page.goto: Target page, context or browser has been closed
Call log:
  - navigating to "http://192.168.0.21:5173/login", waiting until "load"
</status>
</kw>
<msg time="2026-01-28T15:02:31.377448" level="INFO">Switching context to context=1ad5c530-36a1-488e-9cde-cbdd524a16ef in CURRENT</msg>
<msg time="2026-01-28T15:02:31.378679" level="INFO">Successfully changed active context: context=1ad5c530-36a1-488e-9cde-cbdd524a16ef</msg>
<msg time="2026-01-28T15:02:31.383441" level="INFO">Successfully closed Context</msg>
<status status="FAIL" start="2026-01-28T15:02:30.380493" elapsed="0.993577">Setup failed:
Error: page.goto: Target page, context or browser has been closed
Call log:
  - navigating to "http://192.168.0.21:5173/login", waiting until "load"
</status>
</test>
<test id="s1-s2-s5-t2" name="Validate feedback jogando" line="21">
<kw name="Open Website" owner="settings" type="SETUP">
<kw name="New Browser" owner="Browser">
<msg time="2026-01-28T15:02:31.387156" level="INFO">Switching browser to browser=1e6cb6d5-bf0f-49b4-b74a-632584a72f40</msg>
<msg time="2026-01-28T15:02:31.388421" level="INFO">Successfully changed active browser: browser=1e6cb6d5-bf0f-49b4-b74a-632584a72f40</msg>
<msg time="2026-01-28T15:02:31.388515" level="INFO">Reusing existing browser with id: browser=1e6cb6d5-bf0f-49b4-b74a-632584a72f40</msg>
<arg>chromium</arg>
<arg>headless=${HEADLESS}</arg>
<arg>slowMo=${VELOCIT}</arg>
<tag>BrowserControl</tag>
<tag>Setter</tag>
<doc>Create a new playwright Browser with specified options.</doc>
<status status="PASS" start="2026-01-28T15:02:31.386524" elapsed="0.002042"/>
</kw>
<kw name="New Context" owner="Browser">
<msg time="2026-01-28T15:02:31.389893" level="INFO">{
  "acceptDownloads": true,
  "bypassCSP": false,
  "forcedColors": "none",
  "ignoreHTTPSErrors": false,
  "javaScriptEnabled": true,
  "offline": false,
  "reducedMotion": "no-preference",
  "serviceWorkers": "allow",
  "viewport": {
    "height": 720,
    "width": 1280
  }
}</msg>
<msg time="2026-01-28T15:02:31.396734" level="INFO">Successfully created context. </msg>
<msg time="2026-01-28T15:02:31.396833" level="INFO">{'acceptDownloads': True, 'bypassCSP': False, 'forcedColors': 'none', 'ignoreHTTPSErrors': False, 'javaScriptEnabled': True, 'offline': False, 'reducedMotion': 'no-preference', 'serviceWorkers': 'allow', 'viewport': {'height': 720, 'width': 1280}}</msg>
<tag>BrowserControl</tag>
<tag>Setter</tag>
<doc>Create a new BrowserContext with specified options.</doc>
<status status="PASS" start="2026-01-28T15:02:31.388717" elapsed="0.008186"/>
</kw>
<kw name="New Page" owner="Browser">
<msg time="2026-01-28T15:02:32.227656" level="INFO">Keyword 'Take Screenshot  fail-screenshot-{index}' could not be run on failure:
Error: Tried to take screenshot, but no page was open.</msg>
<msg time="2026-01-28T15:02:32.227746" level="INFO">See also file:///C:/Users/danie/OneDrive/%C3%81rea%20de%20Trabalho/GamesRobot/results/run/playwright-log.txt for additional details.</msg>
<msg time="2026-01-28T15:02:32.227838" level="FAIL">Error: page.goto: Target page, context or browser has been closed
Call log:
  - navigating to "http://192.168.0.21:5173/login", waiting until "load"
</msg>
<arg>${URL}</arg>
<tag>BrowserControl</tag>
<tag>Setter</tag>
<doc>Open a new Page.</doc>
<status status="FAIL" start="2026-01-28T15:02:31.397107" elapsed="0.832312">Error: page.goto: Target page, context or browser has been closed
Call log:
  - navigating to "http://192.168.0.21:5173/login", waiting until "load"
</status>
</kw>
<status status="FAIL" start="2026-01-28T15:02:31.386081" elapsed="0.843471">Error: page.goto: Target page, context or browser has been closed
Call log:
  - navigating to "http://192.168.0.21:5173/login", waiting until "load"
</status>
</kw>
<msg time="2026-01-28T15:02:32.232885" level="INFO">Switching context to context=bee52b08-740a-48c7-8086-ca18b877b042 in CURRENT</msg>
<msg time="2026-01-28T15:02:32.234230" level="INFO">Successfully changed active context: context=bee52b08-740a-48c7-8086-ca18b877b042</msg>
<msg time="2026-01-28T15:02:32.238373" level="INFO">Successfully closed Context</msg>
<status status="FAIL" start="2026-01-28T15:02:31.384165" elapsed="0.845626">Setup failed:
Error: page.goto: Target page, context or browser has been closed
Call log:
  - navigating to "http://192.168.0.21:5173/login", waiting until "load"
</status>
</test>
<test id="s1-s2-s5-t3" name="Verify game in playing list" line="28">
<kw name="Open Website" owner="settings" type="SETUP">
<kw name="New Browser" owner="Browser">
<msg time="2026-01-28T15:02:32.241764" level="INFO">Switching browser to browser=1e6cb6d5-bf0f-49b4-b74a-632584a72f40</msg>
<msg time="2026-01-28T15:02:32.242899" level="INFO">Successfully changed active browser: browser=1e6cb6d5-bf0f-49b4-b74a-632584a72f40</msg>
<msg time="2026-01-28T15:02:32.243021" level="INFO">Reusing existing browser with id: browser=1e6cb6d5-bf0f-49b4-b74a-632584a72f40</msg>
<arg>chromium</arg>
<arg>headless=${HEADLESS}</arg>
<arg>slowMo=${VELOCIT}</arg>
<tag>BrowserControl</tag>
<tag>Setter</tag>
<doc>Create a new playwright Browser with specified options.</doc>
<status status="PASS" start="2026-01-28T15:02:32.241169" elapsed="0.001909"/>
</kw>
<kw name="New Context" owner="Browser">
<msg time="2026-01-28T15:02:32.244767" level="INFO">{
  "acceptDownloads": true,
  "bypassCSP": false,
  "forcedColors": "none",
  "ignoreHTTPSErrors": false,
  "javaScriptEnabled": true,
  "offline": false,
  "reducedMotion": "no-preference",
  "serviceWorkers": "allow",
  "viewport": {
    "height": 720,
    "width": 1280
  }
}</msg>
<msg time="2026-01-28T15:02:32.250682" level="INFO">Successfully created context. </msg>
<msg time="2026-01-28T15:02:32.250768" level="INFO">{'acceptDownloads': True, 'bypassCSP': False, 'forcedColors': 'none', 'ignoreHTTPSErrors': False, 'javaScriptEnabled': True, 'offline': False, 'reducedMotion': 'no-preference', 'serviceWorkers': 'allow', 'viewport': {'height': 720, 'width': 1280}}</msg>
<tag>BrowserControl</tag>
<tag>Setter</tag>
<doc>Create a new BrowserContext with specified options.</doc>
<status status="PASS" start="2026-01-28T15:02:32.243270" elapsed="0.007566"/>
</kw>
<kw name="New Page" owner="Browser">
<msg time="2026-01-28T15:02:33.083302" level="INFO">Keyword 'Take Screenshot  fail-screenshot-{index}' could not be run on failure:
Error: Tried to take screenshot, but no page was open.</msg>
<msg time="2026-01-28T15:02:33.083395" level="INFO">See also file:///C:/Users/danie/OneDrive/%C3%81rea%20de%20Trabalho/GamesRobot/results/run/playwright-log.txt for additional details.</msg>
<msg time="2026-01-28T15:02:33.083488" level="FAIL">Error: page.goto: Target page, context or browser has been closed
Call log:
  - navigating to "http://192.168.0.21:5173/login", waiting until "load"
</msg>
<arg>${URL}</arg>
<tag>BrowserControl</tag>
<tag>Setter</tag>
<doc>Open a new Page.</doc>
<status status="FAIL" start="2026-01-28T15:02:32.251034" elapsed="0.834002">Error: page.goto: Target page, context or browser has been closed
Call log:
  - navigating to "http://192.168.0.21:5173/login", waiting until "load"
</status>
</kw>
<status status="FAIL" start="2026-01-28T15:02:32.240797" elapsed="0.844390">Error: page.goto: Target page, context or browser has been closed
Call log:
  - navigating to "http://192.168.0.21:5173/login", waiting until "load"
</status>
</kw>
<msg time="2026-01-28T15:02:33.088933" level="INFO">Switching context to context=0b6b0533-2864-4cf7-a4ab-5ba8261d3201 in CURRENT</msg>
<msg time="2026-01-28T15:02:33.090327" level="INFO">Successfully changed active context: context=0b6b0533-2864-4cf7-a4ab-5ba8261d3201</msg>
<msg time="2026-01-28T15:02:33.094836" level="INFO">Successfully closed Context</msg>
<status status="FAIL" start="2026-01-28T15:02:32.239108" elapsed="0.846425">Setup failed:
Error: page.goto: Target page, context or browser has been closed
Call log:
  - navigating to "http://192.168.0.21:5173/login", waiting until "load"
</status>
</test>
<status status="FAIL" start="2026-01-28T15:02:30.371170" elapsed="2.724476"/>
</suite>
<status status="FAIL" start="2026-01-28T15:01:56.430743" elapsed="36.667940"/>
</suite>
<status status="FAIL" start="2026-01-28T15:01:44.802908" elapsed="48.296477"/>
</suite>
<statistics>
<total>
<stat pass="1" fail="17" skip="0">All Tests</stat>
</total>
<tag>
<stat pass="0" fail="2" skip="0">smoke</stat>
</tag>
<suite>
<stat name="Tests" id="s1" pass="1" fail="17" skip="0">Tests</stat>
<stat name="Api" id="s1-s1" pass="1" fail="0" skip="0">Tests.Api</stat>
<stat name="Testapi" id="s1-s1-s1" pass="1" fail="0" skip="0">Tests.Api.Testapi</stat>
<stat name="Pages" id="s1-s2" pass="0" fail="17" skip="0">Tests.Pages</stat>
<stat name="Checklogin" id="s1-s2-s1" pass="0" fail="1" skip="0">Tests.Pages.Checklogin</stat>
<stat name="Flow" id="s1-s2-s2" pass="0" fail="1" skip="0">Tests.Pages.Flow</stat>
<stat name="Games" id="s1-s2-s3" pass="0" fail="7" skip="0">Tests.Pages.Games</stat>
<stat name="Jogando" id="s1-s2-s4" pass="0" fail="5" skip="0">Tests.Pages.Jogando</stat>
<stat name="Jogarei" id="s1-s2-s5" pass="0" fail="3" skip="0">Tests.Pages.Jogarei</stat>
</suite>
</statistics>
<errors>
<msg time="2026-01-28T15:01:46.357897" level="WARN">Keyword 'BuiltIn.Run Keyword Unless' is deprecated. </msg>
<msg time="2026-01-28T15:01:52.203101" level="WARN">Retrying (RetryAdapter(total=2, connect=None, read=None, redirect=None, status=None)) after connection broken by 'ReadTimeoutError("HTTPSConnectionPool(host='navfbtaxterxdcjjtfco.supabase.co', port=443): Read timed out. (read timeout=5.0)")': /functions/v1/hyper-api</msg>
<msg time="2026-01-28T15:01:55.113384" level="WARN">Keyword 'BuiltIn.Run Keyword Unless' is deprecated. </msg>
</errors>
</robot>
