<?xml version="1.0" encoding="UTF-8"?>
<robot generator="Robot 7.4.1 (Python 3.14.2 on win32)" generated="2026-01-16T10:25:53.157498" rpa="false" schemaversion="5">
<suite id="s1" name="Tests" source="C:\Users\danie\OneDrive\Área de Trabalho\GamesRobot\Tests">
<suite id="s1-s1" name="Api" source="C:\Users\danie\OneDrive\Área de Trabalho\GamesRobot\Tests\api">
<suite id="s1-s1-s1" name="Testapi" source="C:\Users\danie\OneDrive\Área de Trabalho\GamesRobot\Tests\api\Testapi.robot">
<kw name="Suite Setup Seguro" owner="validarAPI" type="SETUP">
<kw name="Login Supabase via API" owner="validarAPI">
<kw name="Create Session" owner="RequestsLibrary">
<msg time="2026-01-16T10:25:53.295930" level="INFO">Creating Session using : alias=auth, url=https://navfbtaxterxdcjjtfco.supabase.co, headers={},                     cookies={}, auth=None, timeout=5, proxies=None, verify=False,                     debug=0 </msg>
<arg>auth</arg>
<arg>${SUPABASE_AUTH_BASE}</arg>
<arg>timeout=${TIMEOUT}</arg>
<doc>Create Session: create a HTTP session to a server</doc>
<status status="PASS" start="2026-01-16T10:25:53.295704" elapsed="0.000418"/>
</kw>
<kw name="Create Dictionary" owner="BuiltIn">
<msg time="2026-01-16T10:25:53.296739" level="INFO">&amp;{headers} = { apikey=eyJhbGciOiJIUzI1NiIsInR5cCI6IkpXVCJ9.eyJpc3MiOiJzdXBhYmFzZSIsInJlZiI6Im5hdmZidGF4dGVyeGRjamp0ZmNvIiwicm9sZSI6ImFub24iLCJpYXQiOjE3NjU2MzkyMTYsImV4cCI6MjA4MTIxNTIxNn0.XBsD-fLoZuL2HJPYuFn5bQVZjd...</msg>
<var>&amp;{headers}</var>
<arg>apikey=${ANON_KEY}</arg>
<arg>Authorization=Bearer ${ANON_KEY}</arg>
<arg>Content-Type=application/json</arg>
<doc>Creates and returns a dictionary based on the given ``items``.</doc>
<status status="PASS" start="2026-01-16T10:25:53.296244" elapsed="0.000525"/>
</kw>
<kw name="Create Dictionary" owner="BuiltIn">
<msg time="2026-01-16T10:25:53.297173" level="INFO">&amp;{body} = { email=test-user@larissa.com | password=Senha@123 }</msg>
<var>&amp;{body}</var>
<arg>email=${EMAIL}</arg>
<arg>password=${PASSWORD}</arg>
<doc>Creates and returns a dictionary based on the given ``items``.</doc>
<status status="PASS" start="2026-01-16T10:25:53.296869" elapsed="0.000326"/>
</kw>
<kw name="Create Dictionary" owner="BuiltIn">
<msg time="2026-01-16T10:25:53.297491" level="INFO">&amp;{params} = { grant_type=password }</msg>
<var>&amp;{params}</var>
<arg>grant_type=password</arg>
<doc>Creates and returns a dictionary based on the given ``items``.</doc>
<status status="PASS" start="2026-01-16T10:25:53.297278" elapsed="0.000234"/>
</kw>
<kw name="POST On Session" owner="RequestsLibrary">
<msg time="2026-01-16T10:25:53.785391" level="INFO">POST Request : url=https://navfbtaxterxdcjjtfco.supabase.co/auth/v1/token?grant_type=password 
 path_url=/auth/v1/token?grant_type=password 
 headers={'User-Agent': 'python-requests/2.32.5', 'Accept-Encoding': 'gzip, deflate, zstd', 'Accept': '*/*', 'Connection': 'keep-alive', 'apikey': 'eyJhbGciOiJIUzI1NiIsInR5cCI6IkpXVCJ9.eyJpc3MiOiJzdXBhYmFzZSIsInJlZiI6Im5hdmZidGF4dGVyeGRjamp0ZmNvIiwicm9sZSI6ImFub24iLCJpYXQiOjE3NjU2MzkyMTYsImV4cCI6MjA4MTIxNTIxNn0.XBsD-fLoZuL2HJPYuFn5bQVZjd-ql9bvKF0DfvWdBoY', 'Authorization': 'Bearer eyJhbGciOiJIUzI1NiIsInR5cCI6IkpXVCJ9.eyJpc3MiOiJzdXBhYmFzZSIsInJlZiI6Im5hdmZidGF4dGVyeGRjamp0ZmNvIiwicm9sZSI6ImFub24iLCJpYXQiOjE3NjU2MzkyMTYsImV4cCI6MjA4MTIxNTIxNn0.XBsD-fLoZuL2HJPYuFn5bQVZjd-ql9bvKF0DfvWdBoY', 'Content-Type': 'application/json', 'Content-Length': '59'} 
 body=b'{"email": "test-user@larissa.com", "password": "Senha@123"}' 
 </msg>
<msg time="2026-01-16T10:25:53.785508" level="INFO">POST Response : url=https://navfbtaxterxdcjjtfco.supabase.co/auth/v1/token?grant_type=password 
 status=200, reason=OK 
 headers={'Date': 'Fri, 16 Jan 2026 13:25:57 GMT', 'Content-Type': 'application/json', 'Transfer-Encoding': 'chunked', 'Connection': 'keep-alive', 'Server': 'cloudflare', 'CF-Ray': '9bedf118facd5692-CWB', 'CF-Cache-Status': 'DYNAMIC', 'Content-Encoding': 'gzip', 'Strict-Transport-Security': 'max-age=31536000; includeSubDomains; preload', 'Vary': 'Origin, Accept-Encoding', 'X-Content-Type-Options': 'nosniff', 'sb-auth-refresh-token-prefix': '5nr33', 'sb-auth-session-id': '20f04f00-3876-4361-a26d-d6da9e52c8b7', 'sb-auth-user-id': 'daf507f6-92d1-43be-bef4-b3e6aace522d', 'sb-gateway-version': '1', 'sb-project-ref': 'navfbtaxterxdcjjtfco', 'sb-request-id': '019bc6fb-eba4-7491-97a9-c5ca3a89615b', 'x-envoy-attempt-count': '1', 'x-envoy-upstream-service-time': '92', 'Set-Cookie': '__cf_bm=ooBHEoXP1sNe3oXR5kcfgTT5gjUZfEBQQoVbc9qwCDE-1768569957-1.0.1.1-kWq6mLkDBnl8fosiceSIlno1fjlRAjgZZkKC8WLjNDrQoNba4HKJmJ.rP6rO6Os0mw0H1Hts7k_CMkiium7DMOH4RmMPrqEpMpY6zah63tE; path=/; expires=Fri, 16-Jan-26 13:55:57 GMT; domain=.supabase.co; HttpOnly; Secure; SameSite=None', 'alt-svc': 'h3=":443"; ma=86400'} 
 body={"access_token":"eyJhbGciOiJIUzI1NiIsImtpZCI6IlFPTmplU0JBTUhlMTY5WXUiLCJ0eXAiOiJKV1QifQ.eyJpc3MiOiJodHRwczovL25hdmZidGF4dGVyeGRjamp0ZmNvLnN1cGFiYXNlLmNvL2F1dGgvdjEiLCJzdWIiOiJkYWY1MDdmNi05MmQxLTQzYmUtYmVmNC1iM2U2YWFjZTUyMmQiLCJhdWQiOiJhdXRoZW50aWNhdGVkIiwiZXhwIjoxNzY4NTczNTU3LCJpYXQiOjE3Njg1Njk5NTcsImVtYWlsIjoidGVzdC11c2VyQGxhcmlzc2EuY29tIiwicGhvbmUiOiIiLCJhcHBfbWV0YWRhdGEiOnsicHJvdmlkZXIiOiJlbWFpbCIsInByb3ZpZGVycyI6WyJlbWFpbCJdfSwidXNlcl9tZXRhZGF0YSI6eyJlbWFpbF92ZXJpZmllZCI6dHJ1ZX0sInJvbGUiOiJhdXRoZW50aWNhdGVkIiwiYWFsIjoiYWFsMSIsImFtciI6W3sibWV0aG9kIjoicGFzc3dvcmQiLCJ0aW1lc3RhbXAiOjE3Njg1Njk5NTd9XSwic2Vzc2lvbl9pZCI6IjIwZjA0ZjAwLTM4NzYtNDM2MS1hMjZkLWQ2ZGE5ZTUyYzhiNyIsImlzX2Fub255bW91cyI6ZmFsc2V9.yqSs7ZrJN95uIvqNk8-c63LtAZyYCrn7yL9As28b6lI","token_type":"bearer","expires_in":3600,"expires_at":1768573557,"refresh_token":"5nr33teg42km","user":{"id":"daf507f6-92d1-43be-bef4-b3e6aace522d","aud":"authenticated","role":"authenticated","email":"test-user@larissa.com","email_confirmed_at":"2025-12-31T21:05:23.799727Z","phone":"","confirmed_at":"2025-12-31T21:05:23.799727Z","last_sign_in_at":"2026-01-16T13:25:57.449389166Z","app_metadata":{"provider":"email","providers":["email"]},"user_metadata":{"email_verified":true},"identities":[{"identity_id":"27cf74dc-c003-4fe7-bda1-d3a35fd15a6d","id":"daf507f6-92d1-43be-bef4-b3e6aace522d","user_id":"daf507f6-92d1-43be-bef4-b3e6aace522d","identity_data":{"email":"test-user@larissa.com","email_verified":false,"phone_verified":false,"sub":"daf507f6-92d1-43be-bef4-b3e6aace522d"},"provider":"email","last_sign_in_at":"2025-12-31T21:05:23.793263Z","created_at":"2025-12-31T21:05:23.79334Z","updated_at":"2025-12-31T21:05:23.79334Z","email":"test-user@larissa.com"}],"created_at":"2025-12-31T21:05:23.778618Z","updated_at":"2026-01-16T13:25:57.451518Z","is_anonymous":false},"weak_password":null} 
 </msg>
<msg time="2026-01-16T10:25:53.785582" level="INFO">C:\Users\danie\AppData\Local\Programs\Python\Python314\Lib\site-packages\urllib3\connectionpool.py:1097: InsecureRequestWarning: Unverified HTTPS request is being made to host 'navfbtaxterxdcjjtfco.supabase.co'. Adding certificate verification is strongly advised. See: https://urllib3.readthedocs.io/en/latest/advanced-usage.html#tls-warnings
  warnings.warn(</msg>
<msg time="2026-01-16T10:25:53.785892" level="INFO">${resp} = &lt;Response [200]&gt;</msg>
<var>${resp}</var>
<arg>auth</arg>
<arg>url=/auth/v1/token</arg>
<arg>params=${params}</arg>
<arg>json=${body}</arg>
<arg>headers=${headers}</arg>
<doc>Sends a POST request on a previously created HTTP Session.</doc>
<status status="PASS" start="2026-01-16T10:25:53.297592" elapsed="0.488349"/>
</kw>
<kw name="Should Be Equal As Integers" owner="BuiltIn">
<msg time="2026-01-16T10:25:53.786839" level="INFO">Argument types are:
&lt;class 'int'&gt;
&lt;class 'str'&gt;</msg>
<arg>${resp.status_code}</arg>
<arg>200</arg>
<doc>Fails if objects are unequal after converting them to integers.</doc>
<status status="PASS" start="2026-01-16T10:25:53.786133" elapsed="0.000764"/>
</kw>
<kw name="Evaluate" owner="BuiltIn">
<msg time="2026-01-16T10:25:53.787590" level="INFO">&amp;{data} = { access_token=eyJhbGciOiJIUzI1NiIsImtpZCI6IlFPTmplU0JBTUhlMTY5WXUiLCJ0eXAiOiJKV1QifQ.eyJpc3MiOiJodHRwczovL25hdmZidGF4dGVyeGRjamp0ZmNvLnN1cGFiYXNlLmNvL2F1dGgvdjEiLCJzdWIiOiJkYWY1MDdmNi05MmQxLTQzYmUtYm...</msg>
<var>&amp;{data}</var>
<arg>json.loads($resp.text)</arg>
<arg>json</arg>
<doc>Evaluates the given expression in Python and returns the result.</doc>
<status status="PASS" start="2026-01-16T10:25:53.786982" elapsed="0.000649"/>
</kw>
<kw name="Get From Dictionary" owner="Collections">
<msg time="2026-01-16T10:25:53.787866" level="INFO">${jwt} = eyJhbGciOiJIUzI1NiIsImtpZCI6IlFPTmplU0JBTUhlMTY5WXUiLCJ0eXAiOiJKV1QifQ.eyJpc3MiOiJodHRwczovL25hdmZidGF4dGVyeGRjamp0ZmNvLnN1cGFiYXNlLmNvL2F1dGgvdjEiLCJzdWIiOiJkYWY1MDdmNi05MmQxLTQzYmUtYmVmNC1iM2U2YWFjZ...</msg>
<var>${jwt}</var>
<arg>${data}</arg>
<arg>access_token</arg>
<doc>Returns a value from the given ``dictionary`` based on the given ``key``.</doc>
<status status="PASS" start="2026-01-16T10:25:53.787723" elapsed="0.000164"/>
</kw>
<kw name="Set Suite Variable" owner="BuiltIn">
<msg time="2026-01-16T10:25:53.788238" level="INFO">${JWT_TOKEN} = eyJhbGciOiJIUzI1NiIsImtpZCI6IlFPTmplU0JBTUhlMTY5WXUiLCJ0eXAiOiJKV1QifQ.eyJpc3MiOiJodHRwczovL25hdmZidGF4dGVyeGRjamp0ZmNvLnN1cGFiYXNlLmNvL2F1dGgvdjEiLCJzdWIiOiJkYWY1MDdmNi05MmQxLTQzYmUtYmVmNC1iM2U2YWFjZ...</msg>
<arg>${JWT_TOKEN}</arg>
<arg>${jwt}</arg>
<doc>Makes a variable available everywhere within the scope of the current suite.</doc>
<status status="PASS" start="2026-01-16T10:25:53.787976" elapsed="0.000297"/>
</kw>
<status status="PASS" start="2026-01-16T10:25:53.295321" elapsed="0.493009"/>
</kw>
<kw name="Checar Endpoint Protegido" owner="validarAPI">
<kw name="Set Log Level" owner="BuiltIn">
<var>${old}</var>
<arg>NONE</arg>
<doc>Sets the log threshold to the specified level.</doc>
<status status="PASS" start="2026-01-16T10:25:53.788582" elapsed="0.000335"/>
</kw>
<kw name="Create Session" owner="RequestsLibrary">
<arg>api</arg>
<arg>${API_BASE}</arg>
<arg>timeout=${TIMEOUT}</arg>
<doc>Create Session: create a HTTP session to a server</doc>
<status status="PASS" start="2026-01-16T10:25:53.789001" elapsed="0.000261"/>
</kw>
<kw name="Create Dictionary" owner="BuiltIn">
<var>&amp;{headers}</var>
<arg>Authorization</arg>
<arg>Bearer ${JWT_TOKEN}</arg>
<arg>Content-Type</arg>
<arg>application/json</arg>
<doc>Creates and returns a dictionary based on the given ``items``.</doc>
<status status="PASS" start="2026-01-16T10:25:53.789349" elapsed="0.000282"/>
</kw>
<kw name="GET On Session" owner="RequestsLibrary">
<var>${resp}</var>
<arg>api</arg>
<arg>${ENDPOINT}</arg>
<arg>headers=${headers}</arg>
<doc>Sends a GET request on a previously created HTTP Session.</doc>
<status status="PASS" start="2026-01-16T10:25:53.789716" elapsed="0.288846"/>
</kw>
<kw name="Run Keyword Unless" owner="BuiltIn">
<arg>${resp.status_code} == 200</arg>
<arg>Fail</arg>
<arg>API check falhou: ${API_BASE}${ENDPOINT} retornou ${resp.status_code}. Body: ${resp.text}</arg>
<doc>*DEPRECATED since RF 5.0. Use native IF/ELSE or `Run Keyword If` instead.*</doc>
<status status="PASS" start="2026-01-16T10:25:54.078726" elapsed="0.000709"/>
</kw>
<kw name="Set Log Level" owner="BuiltIn">
<arg>${old}</arg>
<doc>Sets the log threshold to the specified level.</doc>
<status status="PASS" start="2026-01-16T10:25:54.079522" elapsed="0.000314"/>
</kw>
<status status="PASS" start="2026-01-16T10:25:53.788459" elapsed="0.291433"/>
</kw>
<status status="PASS" start="2026-01-16T10:25:53.295062" elapsed="0.784867"/>
</kw>
<test id="s1-s1-s1-t1" name="API - endpoint protegido responde 200" line="9">
<kw name="Suite Setup Seguro" owner="validarAPI">
<kw name="Login Supabase via API" owner="validarAPI">
<kw name="Create Session" owner="RequestsLibrary">
<msg time="2026-01-16T10:25:54.080841" level="INFO">Creating Session using : alias=auth, url=https://navfbtaxterxdcjjtfco.supabase.co, headers={},                     cookies={}, auth=None, timeout=5, proxies=None, verify=False,                     debug=0 </msg>
<arg>auth</arg>
<arg>${SUPABASE_AUTH_BASE}</arg>
<arg>timeout=${TIMEOUT}</arg>
<doc>Create Session: create a HTTP session to a server</doc>
<status status="PASS" start="2026-01-16T10:25:54.080694" elapsed="0.000252"/>
</kw>
<kw name="Create Dictionary" owner="BuiltIn">
<msg time="2026-01-16T10:25:54.081359" level="INFO">&amp;{headers} = { apikey=eyJhbGciOiJIUzI1NiIsInR5cCI6IkpXVCJ9.eyJpc3MiOiJzdXBhYmFzZSIsInJlZiI6Im5hdmZidGF4dGVyeGRjamp0ZmNvIiwicm9sZSI6ImFub24iLCJpYXQiOjE3NjU2MzkyMTYsImV4cCI6MjA4MTIxNTIxNn0.XBsD-fLoZuL2HJPYuFn5bQVZjd...</msg>
<var>&amp;{headers}</var>
<arg>apikey=${ANON_KEY}</arg>
<arg>Authorization=Bearer ${ANON_KEY}</arg>
<arg>Content-Type=application/json</arg>
<doc>Creates and returns a dictionary based on the given ``items``.</doc>
<status status="PASS" start="2026-01-16T10:25:54.081035" elapsed="0.000346"/>
</kw>
<kw name="Create Dictionary" owner="BuiltIn">
<msg time="2026-01-16T10:25:54.081748" level="INFO">&amp;{body} = { email=test-user@larissa.com | password=Senha@123 }</msg>
<var>&amp;{body}</var>
<arg>email=${EMAIL}</arg>
<arg>password=${PASSWORD}</arg>
<doc>Creates and returns a dictionary based on the given ``items``.</doc>
<status status="PASS" start="2026-01-16T10:25:54.081467" elapsed="0.000302"/>
</kw>
<kw name="Create Dictionary" owner="BuiltIn">
<msg time="2026-01-16T10:25:54.082062" level="INFO">&amp;{params} = { grant_type=password }</msg>
<var>&amp;{params}</var>
<arg>grant_type=password</arg>
<doc>Creates and returns a dictionary based on the given ``items``.</doc>
<status status="PASS" start="2026-01-16T10:25:54.081850" elapsed="0.000233"/>
</kw>
<kw name="POST On Session" owner="RequestsLibrary">
<msg time="2026-01-16T10:25:54.495053" level="INFO">POST Request : url=https://navfbtaxterxdcjjtfco.supabase.co/auth/v1/token?grant_type=password 
 path_url=/auth/v1/token?grant_type=password 
 headers={'User-Agent': 'python-requests/2.32.5', 'Accept-Encoding': 'gzip, deflate, zstd', 'Accept': '*/*', 'Connection': 'keep-alive', 'apikey': 'eyJhbGciOiJIUzI1NiIsInR5cCI6IkpXVCJ9.eyJpc3MiOiJzdXBhYmFzZSIsInJlZiI6Im5hdmZidGF4dGVyeGRjamp0ZmNvIiwicm9sZSI6ImFub24iLCJpYXQiOjE3NjU2MzkyMTYsImV4cCI6MjA4MTIxNTIxNn0.XBsD-fLoZuL2HJPYuFn5bQVZjd-ql9bvKF0DfvWdBoY', 'Authorization': 'Bearer eyJhbGciOiJIUzI1NiIsInR5cCI6IkpXVCJ9.eyJpc3MiOiJzdXBhYmFzZSIsInJlZiI6Im5hdmZidGF4dGVyeGRjamp0ZmNvIiwicm9sZSI6ImFub24iLCJpYXQiOjE3NjU2MzkyMTYsImV4cCI6MjA4MTIxNTIxNn0.XBsD-fLoZuL2HJPYuFn5bQVZjd-ql9bvKF0DfvWdBoY', 'Content-Type': 'application/json', 'Content-Length': '59'} 
 body=b'{"email": "test-user@larissa.com", "password": "Senha@123"}' 
 </msg>
<msg time="2026-01-16T10:25:54.495138" level="INFO">POST Response : url=https://navfbtaxterxdcjjtfco.supabase.co/auth/v1/token?grant_type=password 
 status=200, reason=OK 
 headers={'Date': 'Fri, 16 Jan 2026 13:25:58 GMT', 'Content-Type': 'application/json', 'Transfer-Encoding': 'chunked', 'Connection': 'keep-alive', 'Server': 'cloudflare', 'CF-Ray': '9bedf11d7a786aa5-SJP', 'CF-Cache-Status': 'DYNAMIC', 'Content-Encoding': 'gzip', 'Strict-Transport-Security': 'max-age=31536000; includeSubDomains; preload', 'Vary': 'Origin, Accept-Encoding', 'X-Content-Type-Options': 'nosniff', 'sb-auth-refresh-token-prefix': 'i4rs7', 'sb-auth-session-id': 'ba82dc61-0e3e-4f03-be32-47cb00e101f6', 'sb-auth-user-id': 'daf507f6-92d1-43be-bef4-b3e6aace522d', 'sb-gateway-version': '1', 'sb-project-ref': 'navfbtaxterxdcjjtfco', 'sb-request-id': '019bc6fb-ee74-7b6d-868c-b1dd312520ef', 'x-envoy-attempt-count': '1', 'x-envoy-upstream-service-time': '89', 'Set-Cookie': '__cf_bm=ZHTTZfIohE82MlAM_XxmsDLrii.c50EGysgmPm1N9XI-1768569958-1.0.1.1-I1hhkfFa9xte7e4mimMb.b2tYpqb8leK1TN3R79WWuol.m2YttVqvEPGCFs_.GN2tkko4yk0h3aHvmDVmKdsb_jOckOe3Cc_XAyxQjrvR_0; path=/; expires=Fri, 16-Jan-26 13:55:58 GMT; domain=.supabase.co; HttpOnly; Secure; SameSite=None', 'alt-svc': 'h3=":443"; ma=86400'} 
 body={"access_token":"eyJhbGciOiJIUzI1NiIsImtpZCI6IlFPTmplU0JBTUhlMTY5WXUiLCJ0eXAiOiJKV1QifQ.eyJpc3MiOiJodHRwczovL25hdmZidGF4dGVyeGRjamp0ZmNvLnN1cGFiYXNlLmNvL2F1dGgvdjEiLCJzdWIiOiJkYWY1MDdmNi05MmQxLTQzYmUtYmVmNC1iM2U2YWFjZTUyMmQiLCJhdWQiOiJhdXRoZW50aWNhdGVkIiwiZXhwIjoxNzY4NTczNTU4LCJpYXQiOjE3Njg1Njk5NTgsImVtYWlsIjoidGVzdC11c2VyQGxhcmlzc2EuY29tIiwicGhvbmUiOiIiLCJhcHBfbWV0YWRhdGEiOnsicHJvdmlkZXIiOiJlbWFpbCIsInByb3ZpZGVycyI6WyJlbWFpbCJdfSwidXNlcl9tZXRhZGF0YSI6eyJlbWFpbF92ZXJpZmllZCI6dHJ1ZX0sInJvbGUiOiJhdXRoZW50aWNhdGVkIiwiYWFsIjoiYWFsMSIsImFtciI6W3sibWV0aG9kIjoicGFzc3dvcmQiLCJ0aW1lc3RhbXAiOjE3Njg1Njk5NTh9XSwic2Vzc2lvbl9pZCI6ImJhODJkYzYxLTBlM2UtNGYwMy1iZTMyLTQ3Y2IwMGUxMDFmNiIsImlzX2Fub255bW91cyI6ZmFsc2V9.2l2l50AtAI2rguw-osB8KAWSr9Q5Z1B_ds64qCEIelI","token_type":"bearer","expires_in":3600,"expires_at":1768573558,"refresh_token":"i4rs7lhfcre7","user":{"id":"daf507f6-92d1-43be-bef4-b3e6aace522d","aud":"authenticated","role":"authenticated","email":"test-user@larissa.com","email_confirmed_at":"2025-12-31T21:05:23.799727Z","phone":"","confirmed_at":"2025-12-31T21:05:23.799727Z","last_sign_in_at":"2026-01-16T13:25:58.175216313Z","app_metadata":{"provider":"email","providers":["email"]},"user_metadata":{"email_verified":true},"identities":[{"identity_id":"27cf74dc-c003-4fe7-bda1-d3a35fd15a6d","id":"daf507f6-92d1-43be-bef4-b3e6aace522d","user_id":"daf507f6-92d1-43be-bef4-b3e6aace522d","identity_data":{"email":"test-user@larissa.com","email_verified":false,"phone_verified":false,"sub":"daf507f6-92d1-43be-bef4-b3e6aace522d"},"provider":"email","last_sign_in_at":"2025-12-31T21:05:23.793263Z","created_at":"2025-12-31T21:05:23.79334Z","updated_at":"2025-12-31T21:05:23.79334Z","email":"test-user@larissa.com"}],"created_at":"2025-12-31T21:05:23.778618Z","updated_at":"2026-01-16T13:25:58.177908Z","is_anonymous":false},"weak_password":null} 
 </msg>
<msg time="2026-01-16T10:25:54.495220" level="INFO">C:\Users\danie\AppData\Local\Programs\Python\Python314\Lib\site-packages\urllib3\connectionpool.py:1097: InsecureRequestWarning: Unverified HTTPS request is being made to host 'navfbtaxterxdcjjtfco.supabase.co'. Adding certificate verification is strongly advised. See: https://urllib3.readthedocs.io/en/latest/advanced-usage.html#tls-warnings
  warnings.warn(</msg>
<msg time="2026-01-16T10:25:54.495444" level="INFO">${resp} = &lt;Response [200]&gt;</msg>
<var>${resp}</var>
<arg>auth</arg>
<arg>url=/auth/v1/token</arg>
<arg>params=${params}</arg>
<arg>json=${body}</arg>
<arg>headers=${headers}</arg>
<doc>Sends a POST request on a previously created HTTP Session.</doc>
<status status="PASS" start="2026-01-16T10:25:54.082158" elapsed="0.413309"/>
</kw>
<kw name="Should Be Equal As Integers" owner="BuiltIn">
<msg time="2026-01-16T10:25:54.496173" level="INFO">Argument types are:
&lt;class 'int'&gt;
&lt;class 'str'&gt;</msg>
<arg>${resp.status_code}</arg>
<arg>200</arg>
<doc>Fails if objects are unequal after converting them to integers.</doc>
<status status="PASS" start="2026-01-16T10:25:54.495618" elapsed="0.000603"/>
</kw>
<kw name="Evaluate" owner="BuiltIn">
<msg time="2026-01-16T10:25:54.496769" level="INFO">&amp;{data} = { access_token=eyJhbGciOiJIUzI1NiIsImtpZCI6IlFPTmplU0JBTUhlMTY5WXUiLCJ0eXAiOiJKV1QifQ.eyJpc3MiOiJodHRwczovL25hdmZidGF4dGVyeGRjamp0ZmNvLnN1cGFiYXNlLmNvL2F1dGgvdjEiLCJzdWIiOiJkYWY1MDdmNi05MmQxLTQzYmUtYm...</msg>
<var>&amp;{data}</var>
<arg>json.loads($resp.text)</arg>
<arg>json</arg>
<doc>Evaluates the given expression in Python and returns the result.</doc>
<status status="PASS" start="2026-01-16T10:25:54.496330" elapsed="0.000463"/>
</kw>
<kw name="Get From Dictionary" owner="Collections">
<msg time="2026-01-16T10:25:54.497007" level="INFO">${jwt} = eyJhbGciOiJIUzI1NiIsImtpZCI6IlFPTmplU0JBTUhlMTY5WXUiLCJ0eXAiOiJKV1QifQ.eyJpc3MiOiJodHRwczovL25hdmZidGF4dGVyeGRjamp0ZmNvLnN1cGFiYXNlLmNvL2F1dGgvdjEiLCJzdWIiOiJkYWY1MDdmNi05MmQxLTQzYmUtYmVmNC1iM2U2YWFjZ...</msg>
<var>${jwt}</var>
<arg>${data}</arg>
<arg>access_token</arg>
<doc>Returns a value from the given ``dictionary`` based on the given ``key``.</doc>
<status status="PASS" start="2026-01-16T10:25:54.496876" elapsed="0.000153"/>
</kw>
<kw name="Set Suite Variable" owner="BuiltIn">
<msg time="2026-01-16T10:25:54.497373" level="INFO">${JWT_TOKEN} = eyJhbGciOiJIUzI1NiIsImtpZCI6IlFPTmplU0JBTUhlMTY5WXUiLCJ0eXAiOiJKV1QifQ.eyJpc3MiOiJodHRwczovL25hdmZidGF4dGVyeGRjamp0ZmNvLnN1cGFiYXNlLmNvL2F1dGgvdjEiLCJzdWIiOiJkYWY1MDdmNi05MmQxLTQzYmUtYmVmNC1iM2U2YWFjZ...</msg>
<arg>${JWT_TOKEN}</arg>
<arg>${jwt}</arg>
<doc>Makes a variable available everywhere within the scope of the current suite.</doc>
<status status="PASS" start="2026-01-16T10:25:54.497118" elapsed="0.000287"/>
</kw>
<status status="PASS" start="2026-01-16T10:25:54.080542" elapsed="0.416914"/>
</kw>
<kw name="Checar Endpoint Protegido" owner="validarAPI">
<kw name="Set Log Level" owner="BuiltIn">
<var>${old}</var>
<arg>NONE</arg>
<doc>Sets the log threshold to the specified level.</doc>
<status status="PASS" start="2026-01-16T10:25:54.497732" elapsed="0.000297"/>
</kw>
<kw name="Create Session" owner="RequestsLibrary">
<arg>api</arg>
<arg>${API_BASE}</arg>
<arg>timeout=${TIMEOUT}</arg>
<doc>Create Session: create a HTTP session to a server</doc>
<status status="PASS" start="2026-01-16T10:25:54.498107" elapsed="0.000225"/>
</kw>
<kw name="Create Dictionary" owner="BuiltIn">
<var>&amp;{headers}</var>
<arg>Authorization</arg>
<arg>Bearer ${JWT_TOKEN}</arg>
<arg>Content-Type</arg>
<arg>application/json</arg>
<doc>Creates and returns a dictionary based on the given ``items``.</doc>
<status status="PASS" start="2026-01-16T10:25:54.498416" elapsed="0.000266"/>
</kw>
<kw name="GET On Session" owner="RequestsLibrary">
<var>${resp}</var>
<arg>api</arg>
<arg>${ENDPOINT}</arg>
<arg>headers=${headers}</arg>
<doc>Sends a GET request on a previously created HTTP Session.</doc>
<status status="PASS" start="2026-01-16T10:25:54.498766" elapsed="0.369415"/>
</kw>
<kw name="Run Keyword Unless" owner="BuiltIn">
<arg>${resp.status_code} == 200</arg>
<arg>Fail</arg>
<arg>API check falhou: ${API_BASE}${ENDPOINT} retornou ${resp.status_code}. Body: ${resp.text}</arg>
<doc>*DEPRECATED since RF 5.0. Use native IF/ELSE or `Run Keyword If` instead.*</doc>
<status status="PASS" start="2026-01-16T10:25:54.868368" elapsed="0.000798"/>
</kw>
<kw name="Set Log Level" owner="BuiltIn">
<arg>${old}</arg>
<doc>Sets the log threshold to the specified level.</doc>
<status status="PASS" start="2026-01-16T10:25:54.869253" elapsed="0.000318"/>
</kw>
<status status="PASS" start="2026-01-16T10:25:54.497576" elapsed="0.372048"/>
</kw>
<status status="PASS" start="2026-01-16T10:25:54.080330" elapsed="0.789328"/>
</kw>
<status status="PASS" start="2026-01-16T10:25:54.079979" elapsed="0.789837"/>
</test>
<doc>Validar API antes de rodar as outras suites</doc>
<status status="PASS" start="2026-01-16T10:25:53.196178" elapsed="1.674094"/>
</suite>
<status status="PASS" start="2026-01-16T10:25:53.195056" elapsed="1.675825"/>
</suite>
<suite id="s1-s2" name="Pages" source="C:\Users\danie\OneDrive\Área de Trabalho\GamesRobot\Tests\pages">
<suite id="s1-s2-s1" name="Checklogin" source="C:\Users\danie\OneDrive\Área de Trabalho\GamesRobot\Tests\pages\checklogin.robot">
<test id="s1-s2-s1-t1" name="Home - smoke" line="12">
<kw name="Open Website" owner="settings" type="SETUP">
<kw name="New Browser" owner="Browser">
<msg time="2026-01-16T10:25:55.081400" level="INFO">{"browser": "chromium", "headless": false, "chromiumSandbox": false, "devtools": false, "handleSIGHUP": true, "handleSIGINT": true, "handleSIGTERM": true, "slowMo": 500.0, "timeout": 30000.0, "tracesDir": "C:\\Users\\danie\\OneDrive\\\u00c1rea de Trabalho\\GamesRobot\\results\\run\\browser\\traces\\temp\\094a0443-1846-43b3-a0ed-153a86aa04f7"}</msg>
<msg time="2026-01-16T10:25:55.231525" level="INFO">Starting Browser process C:\Users\danie\AppData\Local\Programs\Python\Python314\Lib\site-packages\Browser\wrapper\index.js using at 127.0.0.1:62742</msg>
<msg time="2026-01-16T10:25:56.609472" level="INFO">Successfully created browser with options: {"browser":"chromium","headless":false,"chromiumSandbox":false,"devtools":false,"handleSIGHUP":true,"handleSIGINT":true,"handleSIGTERM":true,"slowMo":500,"timeout":30000,"tracesDir":"C:\\Users\\danie\\OneDrive\\Área de Trabalho\\GamesRobot\\results\\run\\browser\\traces\\temp\\094a0443-1846-43b3-a0ed-153a86aa04f7"}</msg>
<arg>chromium</arg>
<arg>headless=${HEADLESS}</arg>
<arg>slowMo=${VELOCIT}</arg>
<tag>BrowserControl</tag>
<tag>Setter</tag>
<doc>Create a new playwright Browser with specified options.</doc>
<status status="PASS" start="2026-01-16T10:25:55.080619" elapsed="1.529117"/>
</kw>
<kw name="New Context" owner="Browser">
<msg time="2026-01-16T10:25:56.611752" level="INFO">{
  "acceptDownloads": true,
  "bypassCSP": false,
  "forcedColors": "none",
  "ignoreHTTPSErrors": false,
  "javaScriptEnabled": true,
  "offline": false,
  "reducedMotion": "no-preference",
  "serviceWorkers": "allow",
  "viewport": {
    "width": 1280,
    "height": 720
  }
}</msg>
<msg time="2026-01-16T10:25:56.632895" level="INFO">Successfully created context. </msg>
<msg time="2026-01-16T10:25:56.633020" level="INFO">{'acceptDownloads': True, 'bypassCSP': False, 'forcedColors': 'none', 'ignoreHTTPSErrors': False, 'javaScriptEnabled': True, 'offline': False, 'reducedMotion': 'no-preference', 'serviceWorkers': 'allow', 'viewport': {'width': 1280, 'height': 720}}</msg>
<tag>BrowserControl</tag>
<tag>Setter</tag>
<doc>Create a new BrowserContext with specified options.</doc>
<status status="PASS" start="2026-01-16T10:25:56.610039" elapsed="0.023083"/>
</kw>
<kw name="New Page" owner="Browser">
<msg time="2026-01-16T10:25:57.640184" level="INFO">Successfully initialized new page object and opened url: http://192.168.0.21:5173/login</msg>
<arg>${URL}</arg>
<tag>BrowserControl</tag>
<tag>Setter</tag>
<doc>Open a new Page.</doc>
<status status="PASS" start="2026-01-16T10:25:56.633385" elapsed="1.006986"/>
</kw>
<status status="PASS" start="2026-01-16T10:25:55.080081" elapsed="2.560424"/>
</kw>
<kw name="Invalid Login" owner="realizarlogin">
<kw name="Wait For Elements State" owner="Browser">
<msg time="2026-01-16T10:25:57.669209" level="INFO">Waited for Element with selector css=input[placeholder="seu@email.com"] at state visible</msg>
<arg>css=input[placeholder="seu@email.com"]</arg>
<arg>visible</arg>
<arg>10s</arg>
<tag>PageContent</tag>
<tag>Wait</tag>
<doc>Waits for the element found by ``selector`` to satisfy state option.</doc>
<status status="PASS" start="2026-01-16T10:25:57.641408" elapsed="0.027982"/>
</kw>
<kw name="Fill Text" owner="Browser">
<msg time="2026-01-16T10:25:57.670352" level="INFO">Fills the text 'test-user@larissa.com' in the given field.</msg>
<arg>css=input[placeholder="seu@email.com"]</arg>
<arg>${INVALID_EMAIL}</arg>
<tag>PageContent</tag>
<tag>Setter</tag>
<doc>Clears and fills the given ``txt`` into the text field found by ``selector``.</doc>
<status status="PASS" start="2026-01-16T10:25:57.669596" elapsed="0.531042"/>
</kw>
<kw name="Wait For Elements State" owner="Browser">
<msg time="2026-01-16T10:25:58.206143" level="INFO">Waited for Element with selector css=input[placeholder="password"] at state visible</msg>
<arg>css=input[placeholder="password"]</arg>
<arg>visible</arg>
<arg>10s</arg>
<tag>PageContent</tag>
<tag>Wait</tag>
<doc>Waits for the element found by ``selector`` to satisfy state option.</doc>
<status status="PASS" start="2026-01-16T10:25:58.200853" elapsed="0.005414"/>
</kw>
<kw name="Fill Text" owner="Browser">
<msg time="2026-01-16T10:25:58.206982" level="INFO">Fills the text 'senha_errada_123' in the given field.</msg>
<arg>css=input[placeholder="password"]</arg>
<arg>${INVALID_PASSWORD}</arg>
<tag>PageContent</tag>
<tag>Setter</tag>
<doc>Clears and fills the given ``txt`` into the text field found by ``selector``.</doc>
<status status="PASS" start="2026-01-16T10:25:58.206438" elapsed="0.521117"/>
</kw>
<kw name="Click" owner="Browser">
<msg time="2026-01-16T10:25:58.728316" level="INFO">Clicks the element 'role=button[name="Entrar"]'.</msg>
<arg>role=button[name="Entrar"]</arg>
<tag>PageContent</tag>
<tag>Setter</tag>
<doc>Simulates mouse click on the element found by ``selector``.</doc>
<status status="PASS" start="2026-01-16T10:25:58.727773" elapsed="0.542044"/>
</kw>
<kw name="Wait For Elements State" owner="Browser">
<msg time="2026-01-16T10:25:59.275217" level="INFO">Waited for Element with selector text=/Invalid login credentials/i at state visible</msg>
<arg>text=/Invalid login credentials/i</arg>
<arg>visible</arg>
<arg>10s</arg>
<tag>PageContent</tag>
<tag>Wait</tag>
<doc>Waits for the element found by ``selector`` to satisfy state option.</doc>
<status status="PASS" start="2026-01-16T10:25:59.270080" elapsed="0.005236"/>
</kw>
<status status="PASS" start="2026-01-16T10:25:57.640969" elapsed="1.634441"/>
</kw>
<kw name="Reload" owner="Browser">
<msg time="2026-01-16T10:25:59.842671" level="INFO">Reloaded page with options: {"waitUntil": "load"}</msg>
<tag>BrowserControl</tag>
<tag>Setter</tag>
<doc>Reloads current active page.</doc>
<status status="PASS" start="2026-01-16T10:25:59.275754" elapsed="0.567123"/>
</kw>
<kw name="Wait For Elements State" owner="Browser">
<msg time="2026-01-16T10:25:59.856294" level="INFO">Waited for Element with selector css=input[placeholder="seu@email.com"] at state visible</msg>
<arg>css=input[placeholder="seu@email.com"]</arg>
<arg>visible</arg>
<arg>10s</arg>
<tag>PageContent</tag>
<tag>Wait</tag>
<doc>Waits for the element found by ``selector`` to satisfy state option.</doc>
<status status="PASS" start="2026-01-16T10:25:59.843330" elapsed="0.013142"/>
</kw>
<kw name="Login" owner="realizarlogin">
<kw name="Wait For Elements State" owner="Browser">
<msg time="2026-01-16T10:25:59.862467" level="INFO">Waited for Element with selector css=input[placeholder="seu@email.com"] at state visible</msg>
<arg>css=input[placeholder="seu@email.com"]</arg>
<arg>visible</arg>
<arg>10s</arg>
<tag>PageContent</tag>
<tag>Wait</tag>
<doc>Waits for the element found by ``selector`` to satisfy state option.</doc>
<status status="PASS" start="2026-01-16T10:25:59.857225" elapsed="0.005468"/>
</kw>
<kw name="Fill Text" owner="Browser">
<msg time="2026-01-16T10:25:59.863639" level="INFO">Fills the text 'test-user@larissa.com' in the given field.</msg>
<arg>css=input[placeholder="seu@email.com"]</arg>
<arg>${EMAIL}</arg>
<tag>PageContent</tag>
<tag>Setter</tag>
<doc>Clears and fills the given ``txt`` into the text field found by ``selector``.</doc>
<status status="PASS" start="2026-01-16T10:25:59.862957" elapsed="0.520817"/>
</kw>
<kw name="Wait For Elements State" owner="Browser">
<msg time="2026-01-16T10:26:00.388166" level="INFO">Waited for Element with selector css=input[placeholder="password"] at state visible</msg>
<arg>css=input[placeholder="password"]</arg>
<arg>visible</arg>
<arg>10s</arg>
<tag>PageContent</tag>
<tag>Wait</tag>
<doc>Waits for the element found by ``selector`` to satisfy state option.</doc>
<status status="PASS" start="2026-01-16T10:26:00.384042" elapsed="0.004232"/>
</kw>
<kw name="Fill Text" owner="Browser">
<msg time="2026-01-16T10:26:00.389102" level="INFO">Fills the text 'Senha@123' in the given field.</msg>
<arg>css=input[placeholder="password"]</arg>
<arg>${PASSWORD}</arg>
<tag>PageContent</tag>
<tag>Setter</tag>
<doc>Clears and fills the given ``txt`` into the text field found by ``selector``.</doc>
<status status="PASS" start="2026-01-16T10:26:00.388447" elapsed="0.521857"/>
</kw>
<kw name="Click" owner="Browser">
<msg time="2026-01-16T10:26:00.911340" level="INFO">Clicks the element 'role=button[name="Entrar"]'.</msg>
<arg>role=button[name="Entrar"]</arg>
<tag>PageContent</tag>
<tag>Setter</tag>
<doc>Simulates mouse click on the element found by ``selector``.</doc>
<status status="PASS" start="2026-01-16T10:26:00.910561" elapsed="0.525211"/>
</kw>
<status status="PASS" start="2026-01-16T10:25:59.856815" elapsed="1.579117"/>
</kw>
<kw name="Validate Home Screen" owner="pages">
<kw name="Wait For Elements State" owner="Browser">
<msg time="2026-01-16T10:26:01.442423" level="INFO">Waited for Element with selector role=link[name="Jogarei"] at state visible</msg>
<arg>role=link[name="Jogarei"]</arg>
<arg>visible</arg>
<arg>5s</arg>
<tag>PageContent</tag>
<tag>Wait</tag>
<doc>Waits for the element found by ``selector`` to satisfy state option.</doc>
<status status="PASS" start="2026-01-16T10:26:01.436855" elapsed="0.005722"/>
</kw>
<status status="PASS" start="2026-01-16T10:26:01.436332" elapsed="0.006356"/>
</kw>
<msg time="2026-01-16T10:26:01.452166" level="INFO">Switching context to context=b1ea97dd-3611-4927-ac19-51d72d2de8b2 in CURRENT</msg>
<msg time="2026-01-16T10:26:01.457535" level="INFO">Successfully changed active context: context=b1ea97dd-3611-4927-ac19-51d72d2de8b2</msg>
<msg time="2026-01-16T10:26:01.473771" level="INFO">Successfully closed Context</msg>
<tag>smoke</tag>
<status status="PASS" start="2026-01-16T10:25:55.079526" elapsed="6.363379"/>
</test>
<status status="PASS" start="2026-01-16T10:25:54.872541" elapsed="6.602224"/>
</suite>
<suite id="s1-s2-s2" name="Flow" source="C:\Users\danie\OneDrive\Área de Trabalho\GamesRobot\Tests\pages\flow.robot">
<test id="s1-s2-s2-t1" name="Add-save-complete a game" line="12">
<kw name="Open Website" owner="settings" type="SETUP">
<kw name="New Browser" owner="Browser">
<msg time="2026-01-16T10:26:01.494973" level="INFO">Switching browser to browser=b6a95cb7-9130-4536-b462-a3e892e34260</msg>
<msg time="2026-01-16T10:26:01.496440" level="INFO">Successfully changed active browser: browser=b6a95cb7-9130-4536-b462-a3e892e34260</msg>
<msg time="2026-01-16T10:26:01.496496" level="INFO">Reusing existing browser with id: browser=b6a95cb7-9130-4536-b462-a3e892e34260</msg>
<arg>chromium</arg>
<arg>headless=${HEADLESS}</arg>
<arg>slowMo=${VELOCIT}</arg>
<tag>BrowserControl</tag>
<tag>Setter</tag>
<doc>Create a new playwright Browser with specified options.</doc>
<status status="PASS" start="2026-01-16T10:26:01.494150" elapsed="0.002423"/>
</kw>
<kw name="New Context" owner="Browser">
<msg time="2026-01-16T10:26:01.498350" level="INFO">{
  "acceptDownloads": true,
  "bypassCSP": false,
  "forcedColors": "none",
  "ignoreHTTPSErrors": false,
  "javaScriptEnabled": true,
  "offline": false,
  "reducedMotion": "no-preference",
  "serviceWorkers": "allow",
  "viewport": {
    "width": 1280,
    "height": 720
  }
}</msg>
<msg time="2026-01-16T10:26:01.505363" level="INFO">Successfully created context. </msg>
<msg time="2026-01-16T10:26:01.505474" level="INFO">{'acceptDownloads': True, 'bypassCSP': False, 'forcedColors': 'none', 'ignoreHTTPSErrors': False, 'javaScriptEnabled': True, 'offline': False, 'reducedMotion': 'no-preference', 'serviceWorkers': 'allow', 'viewport': {'width': 1280, 'height': 720}}</msg>
<tag>BrowserControl</tag>
<tag>Setter</tag>
<doc>Create a new BrowserContext with specified options.</doc>
<status status="PASS" start="2026-01-16T10:26:01.496821" elapsed="0.008751"/>
</kw>
<kw name="New Page" owner="Browser">
<msg time="2026-01-16T10:26:02.504569" level="INFO">Successfully initialized new page object and opened url: http://192.168.0.21:5173/login</msg>
<arg>${URL}</arg>
<tag>BrowserControl</tag>
<tag>Setter</tag>
<doc>Open a new Page.</doc>
<status status="PASS" start="2026-01-16T10:26:01.505824" elapsed="0.999012"/>
</kw>
<status status="PASS" start="2026-01-16T10:26:01.493654" elapsed="1.011325"/>
</kw>
<kw name="Ensure Logged In And Home" owner="settings">
<kw name="Login" owner="realizarlogin">
<kw name="Wait For Elements State" owner="Browser">
<msg time="2026-01-16T10:26:02.529040" level="INFO">Waited for Element with selector css=input[placeholder="seu@email.com"] at state visible</msg>
<arg>css=input[placeholder="seu@email.com"]</arg>
<arg>visible</arg>
<arg>10s</arg>
<tag>PageContent</tag>
<tag>Wait</tag>
<doc>Waits for the element found by ``selector`` to satisfy state option.</doc>
<status status="PASS" start="2026-01-16T10:26:02.506408" elapsed="0.022938"/>
</kw>
<kw name="Fill Text" owner="Browser">
<msg time="2026-01-16T10:26:02.530388" level="INFO">Fills the text 'test-user@larissa.com' in the given field.</msg>
<arg>css=input[placeholder="seu@email.com"]</arg>
<arg>${EMAIL}</arg>
<tag>PageContent</tag>
<tag>Setter</tag>
<doc>Clears and fills the given ``txt`` into the text field found by ``selector``.</doc>
<status status="PASS" start="2026-01-16T10:26:02.529630" elapsed="0.518110"/>
</kw>
<kw name="Wait For Elements State" owner="Browser">
<msg time="2026-01-16T10:26:03.052304" level="INFO">Waited for Element with selector css=input[placeholder="password"] at state visible</msg>
<arg>css=input[placeholder="password"]</arg>
<arg>visible</arg>
<arg>10s</arg>
<tag>PageContent</tag>
<tag>Wait</tag>
<doc>Waits for the element found by ``selector`` to satisfy state option.</doc>
<status status="PASS" start="2026-01-16T10:26:03.047973" elapsed="0.004479"/>
</kw>
<kw name="Fill Text" owner="Browser">
<msg time="2026-01-16T10:26:03.053182" level="INFO">Fills the text 'Senha@123' in the given field.</msg>
<arg>css=input[placeholder="password"]</arg>
<arg>${PASSWORD}</arg>
<tag>PageContent</tag>
<tag>Setter</tag>
<doc>Clears and fills the given ``txt`` into the text field found by ``selector``.</doc>
<status status="PASS" start="2026-01-16T10:26:03.052628" elapsed="0.523587"/>
</kw>
<kw name="Click" owner="Browser">
<msg time="2026-01-16T10:26:03.576973" level="INFO">Clicks the element 'role=button[name="Entrar"]'.</msg>
<arg>role=button[name="Entrar"]</arg>
<tag>PageContent</tag>
<tag>Setter</tag>
<doc>Simulates mouse click on the element found by ``selector``.</doc>
<status status="PASS" start="2026-01-16T10:26:03.576431" elapsed="0.542866"/>
</kw>
<status status="PASS" start="2026-01-16T10:26:02.506029" elapsed="1.613465"/>
</kw>
<kw name="Validate Home Screen" owner="pages">
<kw name="Wait For Elements State" owner="Browser">
<msg time="2026-01-16T10:26:04.126000" level="INFO">Waited for Element with selector role=link[name="Jogarei"] at state visible</msg>
<arg>role=link[name="Jogarei"]</arg>
<arg>visible</arg>
<arg>5s</arg>
<tag>PageContent</tag>
<tag>Wait</tag>
<doc>Waits for the element found by ``selector`` to satisfy state option.</doc>
<status status="PASS" start="2026-01-16T10:26:04.120272" elapsed="0.005902"/>
</kw>
<status status="PASS" start="2026-01-16T10:26:04.119732" elapsed="0.006562"/>
</kw>
<status status="PASS" start="2026-01-16T10:26:02.505417" elapsed="1.620932"/>
</kw>
<kw name="Saved game page" owner="pages">
<kw name="Wait For Elements State" owner="Browser">
<msg time="2026-01-16T10:26:06.493840" level="INFO">Waited for Element with selector css=svg[data-testid="BookmarkBorderIcon"] &gt;&gt; nth=0 at state visible</msg>
<arg>css=svg[data-testid="BookmarkBorderIcon"] &gt;&gt; nth=0</arg>
<arg>visible</arg>
<arg>10s</arg>
<tag>PageContent</tag>
<tag>Wait</tag>
<doc>Waits for the element found by ``selector`` to satisfy state option.</doc>
<status status="PASS" start="2026-01-16T10:26:04.127144" elapsed="2.366871"/>
</kw>
<kw name="Set Variable" owner="BuiltIn">
<msg time="2026-01-16T10:26:06.495536" level="INFO">${btn} = css=svg[data-testid="BookmarkBorderIcon"] &gt;&gt; nth=0 &gt;&gt; xpath=ancestor::button[1]</msg>
<var>${btn}</var>
<arg>css=svg[data-testid="BookmarkBorderIcon"] &gt;&gt; nth=0 &gt;&gt; xpath=ancestor::button[1]</arg>
<doc>Returns the given values which can then be assigned to a variables.</doc>
<status status="PASS" start="2026-01-16T10:26:06.494445" elapsed="0.001141"/>
</kw>
<kw name="Set Variable" owner="BuiltIn">
<msg time="2026-01-16T10:26:06.496316" level="INFO">${card} = css=svg[data-testid="BookmarkBorderIcon"] &gt;&gt; nth=0 &gt;&gt; xpath=ancestor::button[1] &gt;&gt; xpath=ancestor::div[contains(@class,"relative")][1]</msg>
<var>${card}</var>
<arg>${btn} &gt;&gt; xpath=ancestor::div[contains(@class,"relative")][1]</arg>
<doc>Returns the given values which can then be assigned to a variables.</doc>
<status status="PASS" start="2026-01-16T10:26:06.495783" elapsed="0.000566"/>
</kw>
<kw name="Get Text" owner="Browser">
<msg time="2026-01-16T10:26:06.527161" level="INFO">Text: 'RHYTHM DOCTOR'</msg>
<msg time="2026-01-16T10:26:06.527319" level="INFO">${game_name} = RHYTHM DOCTOR</msg>
<var>${game_name}</var>
<arg>${card} &gt;&gt; css=span &gt;&gt; nth=0</arg>
<tag>Assertion</tag>
<tag>Getter</tag>
<tag>PageContent</tag>
<doc>Returns text attribute of the element found by ``selector``.</doc>
<status status="PASS" start="2026-01-16T10:26:06.496487" elapsed="0.030858"/>
</kw>
<kw name="Strip String" owner="String">
<msg time="2026-01-16T10:26:06.527882" level="INFO">${game_name} = RHYTHM DOCTOR</msg>
<var>${game_name}</var>
<arg>${game_name}</arg>
<doc>Remove leading and/or trailing whitespaces from the given string.</doc>
<status status="PASS" start="2026-01-16T10:26:06.527520" elapsed="0.000388"/>
</kw>
<kw name="Click" owner="Browser">
<msg time="2026-01-16T10:26:06.528446" level="INFO">Clicks the element 'css=[data-testid="BookmarkBorderIcon"] &gt;&gt; nth=0'.</msg>
<arg>css=[data-testid="BookmarkBorderIcon"] &gt;&gt; nth=0</arg>
<tag>PageContent</tag>
<tag>Setter</tag>
<doc>Simulates mouse click on the element found by ``selector``.</doc>
<status status="PASS" start="2026-01-16T10:26:06.528011" elapsed="1.066245"/>
</kw>
<kw name="Log To Console" owner="BuiltIn">
<arg>Nome do jogo clicado: ${game_name}</arg>
<doc>Logs the given message to the console.</doc>
<status status="PASS" start="2026-01-16T10:26:07.594465" elapsed="0.000759"/>
</kw>
<kw name="Click" owner="Browser">
<msg time="2026-01-16T10:26:07.596178" level="INFO">Clicks the element 'role=link[name="Jogarei"] &gt;&gt; nth=0'.</msg>
<arg>role=link[name="Jogarei"] &gt;&gt; nth=0</arg>
<tag>PageContent</tag>
<tag>Setter</tag>
<doc>Simulates mouse click on the element found by ``selector``.</doc>
<status status="PASS" start="2026-01-16T10:26:07.595507" elapsed="0.541559"/>
</kw>
<kw name="Wait For Elements State" owner="Browser">
<msg time="2026-01-16T10:26:08.144177" level="INFO">Waited for Element with selector text=RHYTHM DOCTOR at state visible</msg>
<arg>text=${game_name}</arg>
<arg>visible</arg>
<arg>10s</arg>
<tag>PageContent</tag>
<tag>Wait</tag>
<doc>Waits for the element found by ``selector`` to satisfy state option.</doc>
<status status="PASS" start="2026-01-16T10:26:08.137363" elapsed="0.006995"/>
</kw>
<status status="PASS" start="2026-01-16T10:26:04.126690" elapsed="4.017784"/>
</kw>
<kw name="Wait For Elements State" owner="Browser">
<msg time="2026-01-16T10:26:08.150034" level="INFO">Waited for Element with selector svg[data-testid="SportsEsportsIcon"] &gt;&gt; nth=0 at state visible</msg>
<arg>svg[data-testid="SportsEsportsIcon"] &gt;&gt; nth=0</arg>
<arg>visible</arg>
<arg>10s</arg>
<tag>PageContent</tag>
<tag>Wait</tag>
<doc>Waits for the element found by ``selector`` to satisfy state option.</doc>
<status status="PASS" start="2026-01-16T10:26:08.144882" elapsed="0.005340"/>
</kw>
<kw name="Click" owner="Browser">
<msg time="2026-01-16T10:26:08.151304" level="INFO">Clicks the element 'svg[data-testid="SportsEsportsIcon"] &gt;&gt; nth=0'.</msg>
<arg>svg[data-testid="SportsEsportsIcon"] &gt;&gt; nth=0</arg>
<tag>PageContent</tag>
<tag>Setter</tag>
<doc>Simulates mouse click on the element found by ``selector``.</doc>
<status status="PASS" start="2026-01-16T10:26:08.150567" elapsed="0.827957"/>
</kw>
<kw name="Wait For Elements State" owner="Browser">
<msg time="2026-01-16T10:26:08.984766" level="INFO">Waited for Element with selector text="Jogo movido para Jogando!" at state attached</msg>
<arg>text="Jogo movido para Jogando!"</arg>
<arg>attached</arg>
<arg>500ms</arg>
<tag>PageContent</tag>
<tag>Wait</tag>
<doc>Waits for the element found by ``selector`` to satisfy state option.</doc>
<status status="PASS" start="2026-01-16T10:26:08.979003" elapsed="0.005969"/>
</kw>
<kw name="Click page Jogando" owner="pages">
<kw name="Wait For Elements State" owner="Browser">
<msg time="2026-01-16T10:26:08.994294" level="INFO">Waited for Element with selector role=link[name="Jogando"] at state visible</msg>
<arg>role=link[name="Jogando"]</arg>
<arg>visible</arg>
<arg>10s</arg>
<tag>PageContent</tag>
<tag>Wait</tag>
<doc>Waits for the element found by ``selector`` to satisfy state option.</doc>
<status status="PASS" start="2026-01-16T10:26:08.985947" elapsed="0.008567"/>
</kw>
<kw name="Click" owner="Browser">
<msg time="2026-01-16T10:26:08.995451" level="INFO">Clicks the element 'role=link[name="Jogando"]'.</msg>
<arg>role=link[name="Jogando"]</arg>
<tag>PageContent</tag>
<tag>Setter</tag>
<doc>Simulates mouse click on the element found by ``selector``.</doc>
<status status="PASS" start="2026-01-16T10:26:08.994781" elapsed="0.590696"/>
</kw>
<status status="PASS" start="2026-01-16T10:26:08.985384" elapsed="0.600233"/>
</kw>
<kw name="Wait For Elements State" owner="Browser">
<msg time="2026-01-16T10:26:09.591846" level="INFO">Waited for Element with selector css=svg[data-testid="SportsScoreIcon"] &gt;&gt; nth=0 at state visible</msg>
<arg>css=svg[data-testid="SportsScoreIcon"] &gt;&gt; nth=0</arg>
<arg>visible</arg>
<arg>10s</arg>
<tag>PageContent</tag>
<tag>Wait</tag>
<doc>Waits for the element found by ``selector`` to satisfy state option.</doc>
<status status="PASS" start="2026-01-16T10:26:09.585907" elapsed="0.006158"/>
</kw>
<kw name="Click" owner="Browser">
<msg time="2026-01-16T10:26:09.593179" level="INFO">Clicks the element 'css=svg[data-testid="SportsScoreIcon"] &gt;&gt; nth=0'.</msg>
<arg>css=svg[data-testid="SportsScoreIcon"] &gt;&gt; nth=0</arg>
<tag>PageContent</tag>
<tag>Setter</tag>
<doc>Simulates mouse click on the element found by ``selector``.</doc>
<status status="PASS" start="2026-01-16T10:26:09.592439" elapsed="0.863984"/>
</kw>
<kw name="Wait For Elements State" owner="Browser">
<msg time="2026-01-16T10:26:10.462807" level="INFO">Waited for Element with selector role=button[name="Salvar"] at state visible</msg>
<arg>role=button[name="Salvar"]</arg>
<arg>state=visible</arg>
<arg>timeout=10s</arg>
<tag>PageContent</tag>
<tag>Wait</tag>
<doc>Waits for the element found by ``selector`` to satisfy state option.</doc>
<status status="PASS" start="2026-01-16T10:26:10.456949" elapsed="0.005993"/>
</kw>
<msg time="2026-01-16T10:26:10.469562" level="INFO">Switching context to context=9698cf16-8658-49fa-a746-5eb6b1467eb6 in CURRENT</msg>
<msg time="2026-01-16T10:26:10.473288" level="INFO">Successfully changed active context: context=9698cf16-8658-49fa-a746-5eb6b1467eb6</msg>
<msg time="2026-01-16T10:26:10.486729" level="INFO">Successfully closed Context</msg>
<status status="PASS" start="2026-01-16T10:26:01.491738" elapsed="8.971425"/>
</test>
<status status="PASS" start="2026-01-16T10:26:01.478757" elapsed="9.009071"/>
</suite>
<suite id="s1-s2-s3" name="Games" source="C:\Users\danie\OneDrive\Área de Trabalho\GamesRobot\Tests\pages\games.robot">
<test id="s1-s2-s3-t1" name="Verify Tooltip Logout and exit button" line="23">
<kw name="Open Website" owner="settings" type="SETUP">
<kw name="New Browser" owner="Browser">
<msg time="2026-01-16T10:26:10.508692" level="INFO">Switching browser to browser=b6a95cb7-9130-4536-b462-a3e892e34260</msg>
<msg time="2026-01-16T10:26:10.510108" level="INFO">Successfully changed active browser: browser=b6a95cb7-9130-4536-b462-a3e892e34260</msg>
<msg time="2026-01-16T10:26:10.510182" level="INFO">Reusing existing browser with id: browser=b6a95cb7-9130-4536-b462-a3e892e34260</msg>
<arg>chromium</arg>
<arg>headless=${HEADLESS}</arg>
<arg>slowMo=${VELOCIT}</arg>
<tag>BrowserControl</tag>
<tag>Setter</tag>
<doc>Create a new playwright Browser with specified options.</doc>
<status status="PASS" start="2026-01-16T10:26:10.507939" elapsed="0.002300"/>
</kw>
<kw name="New Context" owner="Browser">
<msg time="2026-01-16T10:26:10.511927" level="INFO">{
  "acceptDownloads": true,
  "bypassCSP": false,
  "forcedColors": "none",
  "ignoreHTTPSErrors": false,
  "javaScriptEnabled": true,
  "offline": false,
  "reducedMotion": "no-preference",
  "serviceWorkers": "allow",
  "viewport": {
    "width": 1280,
    "height": 720
  }
}</msg>
<msg time="2026-01-16T10:26:10.518481" level="INFO">Successfully created context. </msg>
<msg time="2026-01-16T10:26:10.518582" level="INFO">{'acceptDownloads': True, 'bypassCSP': False, 'forcedColors': 'none', 'ignoreHTTPSErrors': False, 'javaScriptEnabled': True, 'offline': False, 'reducedMotion': 'no-preference', 'serviceWorkers': 'allow', 'viewport': {'width': 1280, 'height': 720}}</msg>
<tag>BrowserControl</tag>
<tag>Setter</tag>
<doc>Create a new BrowserContext with specified options.</doc>
<status status="PASS" start="2026-01-16T10:26:10.510415" elapsed="0.008251"/>
</kw>
<kw name="New Page" owner="Browser">
<msg time="2026-01-16T10:26:11.526656" level="INFO">Successfully initialized new page object and opened url: http://192.168.0.21:5173/login</msg>
<arg>${URL}</arg>
<tag>BrowserControl</tag>
<tag>Setter</tag>
<doc>Open a new Page.</doc>
<status status="PASS" start="2026-01-16T10:26:10.518930" elapsed="1.007910"/>
</kw>
<status status="PASS" start="2026-01-16T10:26:10.507389" elapsed="1.019564"/>
</kw>
<kw name="Ensure Logged In And Home" owner="settings">
<kw name="Login" owner="realizarlogin">
<kw name="Wait For Elements State" owner="Browser">
<msg time="2026-01-16T10:26:11.548606" level="INFO">Waited for Element with selector css=input[placeholder="seu@email.com"] at state visible</msg>
<arg>css=input[placeholder="seu@email.com"]</arg>
<arg>visible</arg>
<arg>10s</arg>
<tag>PageContent</tag>
<tag>Wait</tag>
<doc>Waits for the element found by ``selector`` to satisfy state option.</doc>
<status status="PASS" start="2026-01-16T10:26:11.528129" elapsed="0.020683"/>
</kw>
<kw name="Fill Text" owner="Browser">
<msg time="2026-01-16T10:26:11.549789" level="INFO">Fills the text 'test-user@larissa.com' in the given field.</msg>
<arg>css=input[placeholder="seu@email.com"]</arg>
<arg>${EMAIL}</arg>
<tag>PageContent</tag>
<tag>Setter</tag>
<doc>Clears and fills the given ``txt`` into the text field found by ``selector``.</doc>
<status status="PASS" start="2026-01-16T10:26:11.549063" elapsed="0.524490"/>
</kw>
<kw name="Wait For Elements State" owner="Browser">
<msg time="2026-01-16T10:26:12.077856" level="INFO">Waited for Element with selector css=input[placeholder="password"] at state visible</msg>
<arg>css=input[placeholder="password"]</arg>
<arg>visible</arg>
<arg>10s</arg>
<tag>PageContent</tag>
<tag>Wait</tag>
<doc>Waits for the element found by ``selector`` to satisfy state option.</doc>
<status status="PASS" start="2026-01-16T10:26:12.073805" elapsed="0.004154"/>
</kw>
<kw name="Fill Text" owner="Browser">
<msg time="2026-01-16T10:26:12.078622" level="INFO">Fills the text 'Senha@123' in the given field.</msg>
<arg>css=input[placeholder="password"]</arg>
<arg>${PASSWORD}</arg>
<tag>PageContent</tag>
<tag>Setter</tag>
<doc>Clears and fills the given ``txt`` into the text field found by ``selector``.</doc>
<status status="PASS" start="2026-01-16T10:26:12.078119" elapsed="0.512856"/>
</kw>
<kw name="Click" owner="Browser">
<msg time="2026-01-16T10:26:12.591757" level="INFO">Clicks the element 'role=button[name="Entrar"]'.</msg>
<arg>role=button[name="Entrar"]</arg>
<tag>PageContent</tag>
<tag>Setter</tag>
<doc>Simulates mouse click on the element found by ``selector``.</doc>
<status status="PASS" start="2026-01-16T10:26:12.591205" elapsed="0.542301"/>
</kw>
<status status="PASS" start="2026-01-16T10:26:11.527855" elapsed="1.605784"/>
</kw>
<kw name="Validate Home Screen" owner="pages">
<kw name="Wait For Elements State" owner="Browser">
<msg time="2026-01-16T10:26:13.962507" level="INFO">Waited for Element with selector role=link[name="Jogarei"] at state visible</msg>
<arg>role=link[name="Jogarei"]</arg>
<arg>visible</arg>
<arg>5s</arg>
<tag>PageContent</tag>
<tag>Wait</tag>
<doc>Waits for the element found by ``selector`` to satisfy state option.</doc>
<status status="PASS" start="2026-01-16T10:26:13.134210" elapsed="0.828460"/>
</kw>
<status status="PASS" start="2026-01-16T10:26:13.133809" elapsed="0.828975"/>
</kw>
<status status="PASS" start="2026-01-16T10:26:11.527394" elapsed="2.435443"/>
</kw>
<kw name="Wait For Elements State" owner="Browser">
<msg time="2026-01-16T10:26:13.968093" level="INFO">Waited for Element with selector css=input[placeholder*="Pesquise"] at state visible</msg>
<arg>css=input[placeholder*="Pesquise"]</arg>
<arg>visible</arg>
<arg>10s</arg>
<tag>PageContent</tag>
<tag>Wait</tag>
<doc>Waits for the element found by ``selector`` to satisfy state option.</doc>
<status status="PASS" start="2026-01-16T10:26:13.963389" elapsed="0.004848"/>
</kw>
<kw name="Hover" owner="Browser">
<arg>text="Sair"</arg>
<tag>PageContent</tag>
<tag>Setter</tag>
<doc>Moves the virtual mouse and scrolls to the element found by ``selector``.</doc>
<status status="PASS" start="2026-01-16T10:26:13.968669" elapsed="0.522803"/>
</kw>
<kw name="Wait For Elements State" owner="Browser">
<msg time="2026-01-16T10:26:14.496772" level="INFO">Waited for Element with selector text="Sair" at state visible</msg>
<arg>text="Sair"</arg>
<arg>visible</arg>
<arg>5s</arg>
<tag>PageContent</tag>
<tag>Wait</tag>
<doc>Waits for the element found by ``selector`` to satisfy state option.</doc>
<status status="PASS" start="2026-01-16T10:26:14.492204" elapsed="0.004739"/>
</kw>
<kw name="Click" owner="Browser">
<msg time="2026-01-16T10:26:14.497879" level="INFO">Clicks the element 'text="Sair"'.</msg>
<arg>text="Sair"</arg>
<tag>PageContent</tag>
<tag>Setter</tag>
<doc>Simulates mouse click on the element found by ``selector``.</doc>
<status status="PASS" start="2026-01-16T10:26:14.497252" elapsed="0.520854"/>
</kw>
<kw name="Wait For Elements State" owner="Browser">
<msg time="2026-01-16T10:26:15.239496" level="INFO">Waited for Element with selector css=input[placeholder="seu@email.com"] at state visible</msg>
<arg>css=input[placeholder="seu@email.com"]</arg>
<arg>visible</arg>
<arg>10s</arg>
<tag>PageContent</tag>
<tag>Wait</tag>
<doc>Waits for the element found by ``selector`` to satisfy state option.</doc>
<status status="PASS" start="2026-01-16T10:26:15.018520" elapsed="0.221141"/>
</kw>
<kw name="Get Url" owner="Browser">
<msg time="2026-01-16T10:26:15.242708" level="INFO">${current_url} = http://192.168.0.21:5173/login</msg>
<var>${current_url}</var>
<tag>Assertion</tag>
<tag>Getter</tag>
<tag>PageContent</tag>
<doc>Returns the current URL.</doc>
<status status="PASS" start="2026-01-16T10:26:15.240052" elapsed="0.002696"/>
</kw>
<kw name="Should Contain" owner="BuiltIn">
<arg>${current_url}</arg>
<arg>/login</arg>
<doc>Fails if ``container`` does not contain ``item`` one or more times.</doc>
<status status="PASS" start="2026-01-16T10:26:15.243027" elapsed="0.000654"/>
</kw>
<msg time="2026-01-16T10:26:15.251241" level="INFO">Switching context to context=e3e263b0-9a88-4771-a24f-11e6a257b8a6 in CURRENT</msg>
<msg time="2026-01-16T10:26:15.255698" level="INFO">Successfully changed active context: context=e3e263b0-9a88-4771-a24f-11e6a257b8a6</msg>
<msg time="2026-01-16T10:26:15.267213" level="INFO">Successfully closed Context</msg>
<status status="PASS" start="2026-01-16T10:26:10.505817" elapsed="4.738206"/>
</test>
<test id="s1-s2-s3-t2" name="Search Games" line="34">
<kw name="Open Website" owner="settings" type="SETUP">
<kw name="New Browser" owner="Browser">
<msg time="2026-01-16T10:26:15.272141" level="INFO">Switching browser to browser=b6a95cb7-9130-4536-b462-a3e892e34260</msg>
<msg time="2026-01-16T10:26:15.273703" level="INFO">Successfully changed active browser: browser=b6a95cb7-9130-4536-b462-a3e892e34260</msg>
<msg time="2026-01-16T10:26:15.273809" level="INFO">Reusing existing browser with id: browser=b6a95cb7-9130-4536-b462-a3e892e34260</msg>
<arg>chromium</arg>
<arg>headless=${HEADLESS}</arg>
<arg>slowMo=${VELOCIT}</arg>
<tag>BrowserControl</tag>
<tag>Setter</tag>
<doc>Create a new playwright Browser with specified options.</doc>
<status status="PASS" start="2026-01-16T10:26:15.271444" elapsed="0.002440"/>
</kw>
<kw name="New Context" owner="Browser">
<msg time="2026-01-16T10:26:15.276477" level="INFO">{
  "acceptDownloads": true,
  "bypassCSP": false,
  "forcedColors": "none",
  "ignoreHTTPSErrors": false,
  "javaScriptEnabled": true,
  "offline": false,
  "reducedMotion": "no-preference",
  "serviceWorkers": "allow",
  "viewport": {
    "width": 1280,
    "height": 720
  }
}</msg>
<msg time="2026-01-16T10:26:15.283500" level="INFO">Successfully created context. </msg>
<msg time="2026-01-16T10:26:15.283648" level="INFO">{'acceptDownloads': True, 'bypassCSP': False, 'forcedColors': 'none', 'ignoreHTTPSErrors': False, 'javaScriptEnabled': True, 'offline': False, 'reducedMotion': 'no-preference', 'serviceWorkers': 'allow', 'viewport': {'width': 1280, 'height': 720}}</msg>
<tag>BrowserControl</tag>
<tag>Setter</tag>
<doc>Create a new BrowserContext with specified options.</doc>
<status status="PASS" start="2026-01-16T10:26:15.274136" elapsed="0.009615"/>
</kw>
<kw name="New Page" owner="Browser">
<msg time="2026-01-16T10:26:16.274255" level="INFO">Successfully initialized new page object and opened url: http://192.168.0.21:5173/login</msg>
<arg>${URL}</arg>
<tag>BrowserControl</tag>
<tag>Setter</tag>
<doc>Open a new Page.</doc>
<status status="PASS" start="2026-01-16T10:26:15.284033" elapsed="0.990451"/>
</kw>
<status status="PASS" start="2026-01-16T10:26:15.270943" elapsed="1.003683"/>
</kw>
<kw name="Ensure Logged In And Home" owner="settings">
<kw name="Login" owner="realizarlogin">
<kw name="Wait For Elements State" owner="Browser">
<msg time="2026-01-16T10:26:16.297085" level="INFO">Waited for Element with selector css=input[placeholder="seu@email.com"] at state visible</msg>
<arg>css=input[placeholder="seu@email.com"]</arg>
<arg>visible</arg>
<arg>10s</arg>
<tag>PageContent</tag>
<tag>Wait</tag>
<doc>Waits for the element found by ``selector`` to satisfy state option.</doc>
<status status="PASS" start="2026-01-16T10:26:16.276474" elapsed="0.020827"/>
</kw>
<kw name="Fill Text" owner="Browser">
<msg time="2026-01-16T10:26:16.298406" level="INFO">Fills the text 'test-user@larissa.com' in the given field.</msg>
<arg>css=input[placeholder="seu@email.com"]</arg>
<arg>${EMAIL}</arg>
<tag>PageContent</tag>
<tag>Setter</tag>
<doc>Clears and fills the given ``txt`` into the text field found by ``selector``.</doc>
<status status="PASS" start="2026-01-16T10:26:16.297594" elapsed="0.520465"/>
</kw>
<kw name="Wait For Elements State" owner="Browser">
<msg time="2026-01-16T10:26:16.822317" level="INFO">Waited for Element with selector css=input[placeholder="password"] at state visible</msg>
<arg>css=input[placeholder="password"]</arg>
<arg>visible</arg>
<arg>10s</arg>
<tag>PageContent</tag>
<tag>Wait</tag>
<doc>Waits for the element found by ``selector`` to satisfy state option.</doc>
<status status="PASS" start="2026-01-16T10:26:16.818270" elapsed="0.004227"/>
</kw>
<kw name="Fill Text" owner="Browser">
<msg time="2026-01-16T10:26:16.823329" level="INFO">Fills the text 'Senha@123' in the given field.</msg>
<arg>css=input[placeholder="password"]</arg>
<arg>${PASSWORD}</arg>
<tag>PageContent</tag>
<tag>Setter</tag>
<doc>Clears and fills the given ``txt`` into the text field found by ``selector``.</doc>
<status status="PASS" start="2026-01-16T10:26:16.822701" elapsed="0.510459"/>
</kw>
<kw name="Click" owner="Browser">
<msg time="2026-01-16T10:26:17.333932" level="INFO">Clicks the element 'role=button[name="Entrar"]'.</msg>
<arg>role=button[name="Entrar"]</arg>
<tag>PageContent</tag>
<tag>Setter</tag>
<doc>Simulates mouse click on the element found by ``selector``.</doc>
<status status="PASS" start="2026-01-16T10:26:17.333377" elapsed="0.532226"/>
</kw>
<status status="PASS" start="2026-01-16T10:26:16.275881" elapsed="1.589853"/>
</kw>
<kw name="Validate Home Screen" owner="pages">
<kw name="Wait For Elements State" owner="Browser">
<msg time="2026-01-16T10:26:17.872990" level="INFO">Waited for Element with selector role=link[name="Jogarei"] at state visible</msg>
<arg>role=link[name="Jogarei"]</arg>
<arg>visible</arg>
<arg>5s</arg>
<tag>PageContent</tag>
<tag>Wait</tag>
<doc>Waits for the element found by ``selector`` to satisfy state option.</doc>
<status status="PASS" start="2026-01-16T10:26:17.866332" elapsed="0.006829"/>
</kw>
<status status="PASS" start="2026-01-16T10:26:17.865912" elapsed="0.007358"/>
</kw>
<status status="PASS" start="2026-01-16T10:26:16.275173" elapsed="1.598150"/>
</kw>
<kw name="Wait For Elements State" owner="Browser">
<msg time="2026-01-16T10:26:18.173806" level="INFO">Waited for Element with selector css=input[placeholder*="Pesquise"] at state visible</msg>
<arg>css=input[placeholder*="Pesquise"]</arg>
<arg>visible</arg>
<arg>10s</arg>
<tag>PageContent</tag>
<tag>Wait</tag>
<doc>Waits for the element found by ``selector`` to satisfy state option.</doc>
<status status="PASS" start="2026-01-16T10:26:17.873660" elapsed="0.300364"/>
</kw>
<kw name="Fill Text" owner="Browser">
<msg time="2026-01-16T10:26:18.175146" level="INFO">Fills the text 'Cyberpunk 2077' in the given field.</msg>
<arg>css=input[placeholder*="Pesquise"]</arg>
<arg>${SEARCH}</arg>
<tag>PageContent</tag>
<tag>Setter</tag>
<doc>Clears and fills the given ``txt`` into the text field found by ``selector``.</doc>
<status status="PASS" start="2026-01-16T10:26:18.174373" elapsed="0.510781"/>
</kw>
<kw name="Press Keys" owner="Browser">
<arg>css=input[placeholder*="Pesquise"]</arg>
<arg>Enter</arg>
<tag>PageContent</tag>
<tag>Setter</tag>
<doc>Types the given key combination into element found by ``selector``.</doc>
<status status="PASS" start="2026-01-16T10:26:18.685497" elapsed="0.515341"/>
</kw>
<kw name="Wait For Elements State" owner="Browser">
<msg time="2026-01-16T10:26:20.531199" level="INFO">Waited for Element with selector css=img[alt*="Cyberpunk"] &gt;&gt; nth=0 at state visible</msg>
<arg>css=img[alt*="Cyberpunk"] &gt;&gt; nth=0</arg>
<arg>visible</arg>
<arg>10s</arg>
<tag>PageContent</tag>
<tag>Wait</tag>
<doc>Waits for the element found by ``selector`` to satisfy state option.</doc>
<status status="PASS" start="2026-01-16T10:26:19.201298" elapsed="1.330086"/>
</kw>
<kw name="Get Element Count" owner="Browser">
<msg time="2026-01-16T10:26:20.537858" level="INFO">${count} = 10</msg>
<var>${count}</var>
<arg>css=img[alt*="Cyberpunk"]</arg>
<tag>Assertion</tag>
<tag>Getter</tag>
<tag>PageContent</tag>
<doc>Returns the count of elements found with ``selector``.</doc>
<status status="PASS" start="2026-01-16T10:26:20.531729" elapsed="0.006199"/>
</kw>
<kw name="Should Be True" owner="BuiltIn">
<arg>${count} &gt; 0</arg>
<doc>Fails if the given condition is not true.</doc>
<status status="PASS" start="2026-01-16T10:26:20.538579" elapsed="0.000844"/>
</kw>
<kw name="Log To Console" owner="BuiltIn">
<arg>\n[SEARCH] Cards encontrados: ${count}\n</arg>
<doc>Logs the given message to the console.</doc>
<status status="PASS" start="2026-01-16T10:26:20.539827" elapsed="0.000660"/>
</kw>
<msg time="2026-01-16T10:26:20.551954" level="INFO">Switching context to context=456fe946-4ed0-4191-957f-4a261f37a231 in CURRENT</msg>
<msg time="2026-01-16T10:26:20.557958" level="INFO">Successfully changed active context: context=456fe946-4ed0-4191-957f-4a261f37a231</msg>
<msg time="2026-01-16T10:26:20.572147" level="INFO">Successfully closed Context</msg>
<tag>smoke</tag>
<status status="PASS" start="2026-01-16T10:26:15.268034" elapsed="5.272859"/>
</test>
<test id="s1-s2-s3-t3" name="Search Nonexistent Game" line="45">
<kw name="Open Website" owner="settings" type="SETUP">
<kw name="New Browser" owner="Browser">
<msg time="2026-01-16T10:26:20.579359" level="INFO">Switching browser to browser=b6a95cb7-9130-4536-b462-a3e892e34260</msg>
<msg time="2026-01-16T10:26:20.580898" level="INFO">Successfully changed active browser: browser=b6a95cb7-9130-4536-b462-a3e892e34260</msg>
<msg time="2026-01-16T10:26:20.580974" level="INFO">Reusing existing browser with id: browser=b6a95cb7-9130-4536-b462-a3e892e34260</msg>
<arg>chromium</arg>
<arg>headless=${HEADLESS}</arg>
<arg>slowMo=${VELOCIT}</arg>
<tag>BrowserControl</tag>
<tag>Setter</tag>
<doc>Create a new playwright Browser with specified options.</doc>
<status status="PASS" start="2026-01-16T10:26:20.578450" elapsed="0.002596"/>
</kw>
<kw name="New Context" owner="Browser">
<msg time="2026-01-16T10:26:20.583058" level="INFO">{
  "acceptDownloads": true,
  "bypassCSP": false,
  "forcedColors": "none",
  "ignoreHTTPSErrors": false,
  "javaScriptEnabled": true,
  "offline": false,
  "reducedMotion": "no-preference",
  "serviceWorkers": "allow",
  "viewport": {
    "width": 1280,
    "height": 720
  }
}</msg>
<msg time="2026-01-16T10:26:20.594345" level="INFO">Successfully created context. </msg>
<msg time="2026-01-16T10:26:20.594467" level="INFO">{'acceptDownloads': True, 'bypassCSP': False, 'forcedColors': 'none', 'ignoreHTTPSErrors': False, 'javaScriptEnabled': True, 'offline': False, 'reducedMotion': 'no-preference', 'serviceWorkers': 'allow', 'viewport': {'width': 1280, 'height': 720}}</msg>
<tag>BrowserControl</tag>
<tag>Setter</tag>
<doc>Create a new BrowserContext with specified options.</doc>
<status status="PASS" start="2026-01-16T10:26:20.581258" elapsed="0.013302"/>
</kw>
<kw name="New Page" owner="Browser">
<msg time="2026-01-16T10:26:21.631348" level="INFO">Successfully initialized new page object and opened url: http://192.168.0.21:5173/login</msg>
<arg>${URL}</arg>
<tag>BrowserControl</tag>
<tag>Setter</tag>
<doc>Open a new Page.</doc>
<status status="PASS" start="2026-01-16T10:26:20.594796" elapsed="1.036888"/>
</kw>
<status status="PASS" start="2026-01-16T10:26:20.577371" elapsed="1.054476"/>
</kw>
<kw name="Ensure Logged In And Home" owner="settings">
<kw name="Login" owner="realizarlogin">
<kw name="Wait For Elements State" owner="Browser">
<msg time="2026-01-16T10:26:21.654091" level="INFO">Waited for Element with selector css=input[placeholder="seu@email.com"] at state visible</msg>
<arg>css=input[placeholder="seu@email.com"]</arg>
<arg>visible</arg>
<arg>10s</arg>
<tag>PageContent</tag>
<tag>Wait</tag>
<doc>Waits for the element found by ``selector`` to satisfy state option.</doc>
<status status="PASS" start="2026-01-16T10:26:21.633053" elapsed="0.021336"/>
</kw>
<kw name="Fill Text" owner="Browser">
<msg time="2026-01-16T10:26:21.655414" level="INFO">Fills the text 'test-user@larissa.com' in the given field.</msg>
<arg>css=input[placeholder="seu@email.com"]</arg>
<arg>${EMAIL}</arg>
<tag>PageContent</tag>
<tag>Setter</tag>
<doc>Clears and fills the given ``txt`` into the text field found by ``selector``.</doc>
<status status="PASS" start="2026-01-16T10:26:21.654666" elapsed="0.524255"/>
</kw>
<kw name="Wait For Elements State" owner="Browser">
<msg time="2026-01-16T10:26:22.183977" level="INFO">Waited for Element with selector css=input[placeholder="password"] at state visible</msg>
<arg>css=input[placeholder="password"]</arg>
<arg>visible</arg>
<arg>10s</arg>
<tag>PageContent</tag>
<tag>Wait</tag>
<doc>Waits for the element found by ``selector`` to satisfy state option.</doc>
<status status="PASS" start="2026-01-16T10:26:22.179133" elapsed="0.005016"/>
</kw>
<kw name="Fill Text" owner="Browser">
<msg time="2026-01-16T10:26:22.184915" level="INFO">Fills the text 'Senha@123' in the given field.</msg>
<arg>css=input[placeholder="password"]</arg>
<arg>${PASSWORD}</arg>
<tag>PageContent</tag>
<tag>Setter</tag>
<doc>Clears and fills the given ``txt`` into the text field found by ``selector``.</doc>
<status status="PASS" start="2026-01-16T10:26:22.184340" elapsed="0.519755"/>
</kw>
<kw name="Click" owner="Browser">
<msg time="2026-01-16T10:26:22.705366" level="INFO">Clicks the element 'role=button[name="Entrar"]'.</msg>
<arg>role=button[name="Entrar"]</arg>
<tag>PageContent</tag>
<tag>Setter</tag>
<doc>Simulates mouse click on the element found by ``selector``.</doc>
<status status="PASS" start="2026-01-16T10:26:22.704484" elapsed="0.532615"/>
</kw>
<status status="PASS" start="2026-01-16T10:26:21.632768" elapsed="1.604507"/>
</kw>
<kw name="Validate Home Screen" owner="pages">
<kw name="Wait For Elements State" owner="Browser">
<msg time="2026-01-16T10:26:23.267340" level="INFO">Waited for Element with selector role=link[name="Jogarei"] at state visible</msg>
<arg>role=link[name="Jogarei"]</arg>
<arg>visible</arg>
<arg>5s</arg>
<tag>PageContent</tag>
<tag>Wait</tag>
<doc>Waits for the element found by ``selector`` to satisfy state option.</doc>
<status status="PASS" start="2026-01-16T10:26:23.237907" elapsed="0.029613"/>
</kw>
<status status="PASS" start="2026-01-16T10:26:23.237464" elapsed="0.030173"/>
</kw>
<status status="PASS" start="2026-01-16T10:26:21.632245" elapsed="1.635445"/>
</kw>
<kw name="Wait For Elements State" owner="Browser">
<msg time="2026-01-16T10:26:23.574327" level="INFO">Waited for Element with selector css=input[placeholder*="Pesquise"] at state visible</msg>
<arg>css=input[placeholder*="Pesquise"]</arg>
<arg>visible</arg>
<arg>10s</arg>
<tag>PageContent</tag>
<tag>Wait</tag>
<doc>Waits for the element found by ``selector`` to satisfy state option.</doc>
<status status="PASS" start="2026-01-16T10:26:23.267942" elapsed="0.306697"/>
</kw>
<kw name="Fill Text" owner="Browser">
<msg time="2026-01-16T10:26:23.575907" level="INFO">Fills the text 'asdfghjklqwerty12345' in the given field.</msg>
<arg>css=input[placeholder*="Pesquise"]</arg>
<arg>${INVALID_SEARCH}</arg>
<tag>PageContent</tag>
<tag>Setter</tag>
<doc>Clears and fills the given ``txt`` into the text field found by ``selector``.</doc>
<status status="PASS" start="2026-01-16T10:26:23.575102" elapsed="0.511451"/>
</kw>
<kw name="Press Keys" owner="Browser">
<arg>css=input[placeholder*="Pesquise"]</arg>
<arg>Enter</arg>
<tag>PageContent</tag>
<tag>Setter</tag>
<doc>Types the given key combination into element found by ``selector``.</doc>
<status status="PASS" start="2026-01-16T10:26:24.086893" elapsed="0.515139"/>
</kw>
<kw name="Wait For Elements State" owner="Browser">
<msg time="2026-01-16T10:26:25.943119" level="INFO">Waited for Element with selector css=[data-testid="empty-state-message"] at state visible</msg>
<arg>css=[data-testid="empty-state-message"]</arg>
<arg>visible</arg>
<arg>10s</arg>
<tag>PageContent</tag>
<tag>Wait</tag>
<doc>Waits for the element found by ``selector`` to satisfy state option.</doc>
<status status="PASS" start="2026-01-16T10:26:24.602463" elapsed="1.340827"/>
</kw>
<msg time="2026-01-16T10:26:25.950010" level="INFO">Switching context to context=d4d24d60-42c7-452d-92b7-ed9ed76c3ced in CURRENT</msg>
<msg time="2026-01-16T10:26:25.953834" level="INFO">Successfully changed active context: context=d4d24d60-42c7-452d-92b7-ed9ed76c3ced</msg>
<msg time="2026-01-16T10:26:25.965328" level="INFO">Successfully closed Context</msg>
<status status="PASS" start="2026-01-16T10:26:20.573031" elapsed="5.370683"/>
</test>
<test id="s1-s2-s3-t4" name="Randomness Message Game Noexistent" line="53">
<kw name="Open Website" owner="settings" type="SETUP">
<kw name="New Browser" owner="Browser">
<msg time="2026-01-16T10:26:25.970595" level="INFO">Switching browser to browser=b6a95cb7-9130-4536-b462-a3e892e34260</msg>
<msg time="2026-01-16T10:26:25.972318" level="INFO">Successfully changed active browser: browser=b6a95cb7-9130-4536-b462-a3e892e34260</msg>
<msg time="2026-01-16T10:26:25.972467" level="INFO">Reusing existing browser with id: browser=b6a95cb7-9130-4536-b462-a3e892e34260</msg>
<arg>chromium</arg>
<arg>headless=${HEADLESS}</arg>
<arg>slowMo=${VELOCIT}</arg>
<tag>BrowserControl</tag>
<tag>Setter</tag>
<doc>Create a new playwright Browser with specified options.</doc>
<status status="PASS" start="2026-01-16T10:26:25.969740" elapsed="0.002791"/>
</kw>
<kw name="New Context" owner="Browser">
<msg time="2026-01-16T10:26:25.974145" level="INFO">{
  "acceptDownloads": true,
  "bypassCSP": false,
  "forcedColors": "none",
  "ignoreHTTPSErrors": false,
  "javaScriptEnabled": true,
  "offline": false,
  "reducedMotion": "no-preference",
  "serviceWorkers": "allow",
  "viewport": {
    "width": 1280,
    "height": 720
  }
}</msg>
<msg time="2026-01-16T10:26:25.986179" level="INFO">Successfully created context. </msg>
<msg time="2026-01-16T10:26:25.986279" level="INFO">{'acceptDownloads': True, 'bypassCSP': False, 'forcedColors': 'none', 'ignoreHTTPSErrors': False, 'javaScriptEnabled': True, 'offline': False, 'reducedMotion': 'no-preference', 'serviceWorkers': 'allow', 'viewport': {'width': 1280, 'height': 720}}</msg>
<tag>BrowserControl</tag>
<tag>Setter</tag>
<doc>Create a new BrowserContext with specified options.</doc>
<status status="PASS" start="2026-01-16T10:26:25.972757" elapsed="0.013596"/>
</kw>
<kw name="New Page" owner="Browser">
<msg time="2026-01-16T10:26:26.995731" level="INFO">Successfully initialized new page object and opened url: http://192.168.0.21:5173/login</msg>
<arg>${URL}</arg>
<tag>BrowserControl</tag>
<tag>Setter</tag>
<doc>Open a new Page.</doc>
<status status="PASS" start="2026-01-16T10:26:25.986534" elapsed="1.009425"/>
</kw>
<status status="PASS" start="2026-01-16T10:26:25.969184" elapsed="1.026914"/>
</kw>
<kw name="Login" owner="realizarlogin">
<kw name="Wait For Elements State" owner="Browser">
<msg time="2026-01-16T10:26:27.017323" level="INFO">Waited for Element with selector css=input[placeholder="seu@email.com"] at state visible</msg>
<arg>css=input[placeholder="seu@email.com"]</arg>
<arg>visible</arg>
<arg>10s</arg>
<tag>PageContent</tag>
<tag>Wait</tag>
<doc>Waits for the element found by ``selector`` to satisfy state option.</doc>
<status status="PASS" start="2026-01-16T10:26:26.997019" elapsed="0.020533"/>
</kw>
<kw name="Fill Text" owner="Browser">
<msg time="2026-01-16T10:26:27.018524" level="INFO">Fills the text 'test-user@larissa.com' in the given field.</msg>
<arg>css=input[placeholder="seu@email.com"]</arg>
<arg>${EMAIL}</arg>
<tag>PageContent</tag>
<tag>Setter</tag>
<doc>Clears and fills the given ``txt`` into the text field found by ``selector``.</doc>
<status status="PASS" start="2026-01-16T10:26:27.017799" elapsed="0.522149"/>
</kw>
<kw name="Wait For Elements State" owner="Browser">
<msg time="2026-01-16T10:26:27.545026" level="INFO">Waited for Element with selector css=input[placeholder="password"] at state visible</msg>
<arg>css=input[placeholder="password"]</arg>
<arg>visible</arg>
<arg>10s</arg>
<tag>PageContent</tag>
<tag>Wait</tag>
<doc>Waits for the element found by ``selector`` to satisfy state option.</doc>
<status status="PASS" start="2026-01-16T10:26:27.540194" elapsed="0.005011"/>
</kw>
<kw name="Fill Text" owner="Browser">
<msg time="2026-01-16T10:26:27.545963" level="INFO">Fills the text 'Senha@123' in the given field.</msg>
<arg>css=input[placeholder="password"]</arg>
<arg>${PASSWORD}</arg>
<tag>PageContent</tag>
<tag>Setter</tag>
<doc>Clears and fills the given ``txt`` into the text field found by ``selector``.</doc>
<status status="PASS" start="2026-01-16T10:26:27.545388" elapsed="0.521373"/>
</kw>
<kw name="Click" owner="Browser">
<msg time="2026-01-16T10:26:28.067594" level="INFO">Clicks the element 'role=button[name="Entrar"]'.</msg>
<arg>role=button[name="Entrar"]</arg>
<tag>PageContent</tag>
<tag>Setter</tag>
<doc>Simulates mouse click on the element found by ``selector``.</doc>
<status status="PASS" start="2026-01-16T10:26:28.066996" elapsed="0.534423"/>
</kw>
<status status="PASS" start="2026-01-16T10:26:26.996538" elapsed="1.605063"/>
</kw>
<kw name="Create List" owner="BuiltIn">
<msg time="2026-01-16T10:26:28.602534" level="INFO">@{seen} = [ ]</msg>
<var>@{seen}</var>
<doc>Returns a list containing given items.</doc>
<status status="PASS" start="2026-01-16T10:26:28.601987" elapsed="0.000577"/>
</kw>
<for flavor="IN RANGE">
<iter>
<kw name="Wait For Elements State" owner="Browser">
<msg time="2026-01-16T10:26:28.902335" level="INFO">Waited for Element with selector css=input[placeholder*="Pesquise"] at state visible</msg>
<arg>${SEARCH_INPUT}</arg>
<arg>visible</arg>
<arg>10s</arg>
<tag>PageContent</tag>
<tag>Wait</tag>
<doc>Waits for the element found by ``selector`` to satisfy state option.</doc>
<status status="PASS" start="2026-01-16T10:26:28.603317" elapsed="0.299194"/>
</kw>
<kw name="Fill Text" owner="Browser">
<msg time="2026-01-16T10:26:28.903321" level="INFO">Fills the text 'asdfghjklqwerty12345-0' in the given field.</msg>
<arg>${SEARCH_INPUT}</arg>
<arg>${INVALID_BASE}-${i}</arg>
<tag>PageContent</tag>
<tag>Setter</tag>
<doc>Clears and fills the given ``txt`` into the text field found by ``selector``.</doc>
<status status="PASS" start="2026-01-16T10:26:28.902702" elapsed="0.514098"/>
</kw>
<kw name="Press Keys" owner="Browser">
<arg>${SEARCH_INPUT}</arg>
<arg>Enter</arg>
<tag>PageContent</tag>
<tag>Setter</tag>
<doc>Types the given key combination into element found by ``selector``.</doc>
<status status="PASS" start="2026-01-16T10:26:29.417092" elapsed="0.513011"/>
</kw>
<kw name="Wait For Elements State" owner="Browser">
<msg time="2026-01-16T10:26:36.409733" level="INFO">Waited for Element with selector css=[data-testid="empty-state-message"] at state visible</msg>
<arg>${EMPTY_STATE}</arg>
<arg>visible</arg>
<arg>10s</arg>
<tag>PageContent</tag>
<tag>Wait</tag>
<doc>Waits for the element found by ``selector`` to satisfy state option.</doc>
<status status="PASS" start="2026-01-16T10:26:29.930319" elapsed="6.479745"/>
</kw>
<kw name="Get Text" owner="Browser">
<msg time="2026-01-16T10:26:36.429290" level="INFO">Text: 'PROCURAMOS EM TODOS OS SAVES… NADA POR AQUI.'</msg>
<msg time="2026-01-16T10:26:36.429448" level="INFO">${txt} = PROCURAMOS EM TODOS OS SAVES… NADA POR AQUI.</msg>
<var>${txt}</var>
<arg>${EMPTY_STATE}</arg>
<tag>Assertion</tag>
<tag>Getter</tag>
<tag>PageContent</tag>
<doc>Returns text attribute of the element found by ``selector``.</doc>
<status status="PASS" start="2026-01-16T10:26:36.410336" elapsed="0.019139"/>
</kw>
<kw name="Strip String" owner="String">
<msg time="2026-01-16T10:26:36.430004" level="INFO">${txt} = PROCURAMOS EM TODOS OS SAVES… NADA POR AQUI.</msg>
<var>${txt}</var>
<arg>${txt}</arg>
<doc>Remove leading and/or trailing whitespaces from the given string.</doc>
<status status="PASS" start="2026-01-16T10:26:36.429658" elapsed="0.000373"/>
</kw>
<kw name="Convert To Lower Case" owner="String">
<msg time="2026-01-16T10:26:36.430348" level="INFO">${txt} = procuramos em todos os saves… nada por aqui.</msg>
<var>${txt}</var>
<arg>${txt}</arg>
<doc>Converts string to lower case.</doc>
<status status="PASS" start="2026-01-16T10:26:36.430133" elapsed="0.000242"/>
</kw>
<kw name="Replace String" owner="String">
<msg time="2026-01-16T10:26:36.430703" level="INFO">${txt} = procuramos em todos os saves... nada por aqui.</msg>
<var>${txt}</var>
<arg>${txt}</arg>
<arg>…</arg>
<arg>...</arg>
<doc>Replaces ``search_for`` in the given ``string`` with ``replace_with``.</doc>
<status status="PASS" start="2026-01-16T10:26:36.430472" elapsed="0.000256"/>
</kw>
<kw name="Run Keyword And Return Status" owner="BuiltIn">
<kw name="Should Contain" owner="BuiltIn">
<msg time="2026-01-16T10:26:36.431950" level="FAIL">'procuramos em todos os saves... nada por aqui.' does not contain 'game over'</msg>
<arg>${txt}</arg>
<arg>game over</arg>
<doc>Fails if ``container`` does not contain ``item`` one or more times.</doc>
<status status="FAIL" start="2026-01-16T10:26:36.431526" elapsed="0.000580">'procuramos em todos os saves... nada por aqui.' does not contain 'game over'</status>
</kw>
<msg time="2026-01-16T10:26:36.432208" level="INFO">${is_gameover} = False</msg>
<var>${is_gameover}</var>
<arg>Should Contain</arg>
<arg>${txt}</arg>
<arg>game over</arg>
<doc>Runs the specified keyword and returns the status as a Boolean value.</doc>
<status status="PASS" start="2026-01-16T10:26:36.431020" elapsed="0.001213"/>
</kw>
<kw name="Run Keyword And Return Status" owner="BuiltIn">
[...]
<arg>text="Jogo removido da lista."</arg>
<arg>visible</arg>
<arg>10s</arg>
<tag>PageContent</tag>
<tag>Wait</tag>
<doc>Waits for the element found by ``selector`` to satisfy state option.</doc>
<status status="PASS" start="2026-01-16T10:27:25.707105" elapsed="0.009338"/>
</kw>
<msg time="2026-01-16T10:27:25.725673" level="INFO">Switching context to context=ff96e603-1fbd-4328-af19-dab91789e70c in CURRENT</msg>
<msg time="2026-01-16T10:27:25.730047" level="INFO">Successfully changed active context: context=ff96e603-1fbd-4328-af19-dab91789e70c</msg>
<msg time="2026-01-16T10:27:25.743955" level="INFO">Successfully closed Context</msg>
<status status="PASS" start="2026-01-16T10:27:20.419879" elapsed="5.296892"/>
</test>
<test id="s1-s2-s5-t2" name="Validate feedback jogando" line="21">
<kw name="Open Website" owner="settings" type="SETUP">
<kw name="New Browser" owner="Browser">
<msg time="2026-01-16T10:27:25.749574" level="INFO">Switching browser to browser=b6a95cb7-9130-4536-b462-a3e892e34260</msg>
<msg time="2026-01-16T10:27:25.751577" level="INFO">Successfully changed active browser: browser=b6a95cb7-9130-4536-b462-a3e892e34260</msg>
<msg time="2026-01-16T10:27:25.751686" level="INFO">Reusing existing browser with id: browser=b6a95cb7-9130-4536-b462-a3e892e34260</msg>
<arg>chromium</arg>
<arg>headless=${HEADLESS}</arg>
<arg>slowMo=${VELOCIT}</arg>
<tag>BrowserControl</tag>
<tag>Setter</tag>
<doc>Create a new playwright Browser with specified options.</doc>
<status status="PASS" start="2026-01-16T10:27:25.748751" elapsed="0.002999"/>
</kw>
<kw name="New Context" owner="Browser">
<msg time="2026-01-16T10:27:25.753931" level="INFO">{
  "acceptDownloads": true,
  "bypassCSP": false,
  "forcedColors": "none",
  "ignoreHTTPSErrors": false,
  "javaScriptEnabled": true,
  "offline": false,
  "reducedMotion": "no-preference",
  "serviceWorkers": "allow",
  "viewport": {
    "width": 1280,
    "height": 720
  }
}</msg>
<msg time="2026-01-16T10:27:25.765175" level="INFO">Successfully created context. </msg>
<msg time="2026-01-16T10:27:25.765286" level="INFO">{'acceptDownloads': True, 'bypassCSP': False, 'forcedColors': 'none', 'ignoreHTTPSErrors': False, 'javaScriptEnabled': True, 'offline': False, 'reducedMotion': 'no-preference', 'serviceWorkers': 'allow', 'viewport': {'width': 1280, 'height': 720}}</msg>
<tag>BrowserControl</tag>
<tag>Setter</tag>
<doc>Create a new BrowserContext with specified options.</doc>
<status status="PASS" start="2026-01-16T10:27:25.752039" elapsed="0.013339"/>
</kw>
<kw name="New Page" owner="Browser">
<msg time="2026-01-16T10:27:26.761072" level="INFO">Successfully initialized new page object and opened url: http://192.168.0.21:5173/login</msg>
<arg>${URL}</arg>
<tag>BrowserControl</tag>
<tag>Setter</tag>
<doc>Open a new Page.</doc>
<status status="PASS" start="2026-01-16T10:27:25.765608" elapsed="0.995776"/>
</kw>
<status status="PASS" start="2026-01-16T10:27:25.747922" elapsed="1.013638"/>
</kw>
<kw name="Ensure Logged In And Home" owner="settings">
<kw name="Login" owner="realizarlogin">
<kw name="Wait For Elements State" owner="Browser">
<msg time="2026-01-16T10:27:26.783282" level="INFO">Waited for Element with selector css=input[placeholder="seu@email.com"] at state visible</msg>
<arg>css=input[placeholder="seu@email.com"]</arg>
<arg>visible</arg>
<arg>10s</arg>
<tag>PageContent</tag>
<tag>Wait</tag>
<doc>Waits for the element found by ``selector`` to satisfy state option.</doc>
<status status="PASS" start="2026-01-16T10:27:26.763588" elapsed="0.019942"/>
</kw>
<kw name="Fill Text" owner="Browser">
<msg time="2026-01-16T10:27:26.784790" level="INFO">Fills the text 'test-user@larissa.com' in the given field.</msg>
<arg>css=input[placeholder="seu@email.com"]</arg>
<arg>${EMAIL}</arg>
<tag>PageContent</tag>
<tag>Setter</tag>
<doc>Clears and fills the given ``txt`` into the text field found by ``selector``.</doc>
<status status="PASS" start="2026-01-16T10:27:26.783797" elapsed="0.520169"/>
</kw>
<kw name="Wait For Elements State" owner="Browser">
<msg time="2026-01-16T10:27:27.308769" level="INFO">Waited for Element with selector css=input[placeholder="password"] at state visible</msg>
<arg>css=input[placeholder="password"]</arg>
<arg>visible</arg>
<arg>10s</arg>
<tag>PageContent</tag>
<tag>Wait</tag>
<doc>Waits for the element found by ``selector`` to satisfy state option.</doc>
<status status="PASS" start="2026-01-16T10:27:27.304207" elapsed="0.004728"/>
</kw>
<kw name="Fill Text" owner="Browser">
<msg time="2026-01-16T10:27:27.309694" level="INFO">Fills the text 'Senha@123' in the given field.</msg>
<arg>css=input[placeholder="password"]</arg>
<arg>${PASSWORD}</arg>
<tag>PageContent</tag>
<tag>Setter</tag>
<doc>Clears and fills the given ``txt`` into the text field found by ``selector``.</doc>
<status status="PASS" start="2026-01-16T10:27:27.309119" elapsed="0.510414"/>
</kw>
<kw name="Click" owner="Browser">
<msg time="2026-01-16T10:27:27.820276" level="INFO">Clicks the element 'role=button[name="Entrar"]'.</msg>
<arg>role=button[name="Entrar"]</arg>
<tag>PageContent</tag>
<tag>Setter</tag>
<doc>Simulates mouse click on the element found by ``selector``.</doc>
<status status="PASS" start="2026-01-16T10:27:27.819747" elapsed="0.543886"/>
</kw>
<status status="PASS" start="2026-01-16T10:27:26.762896" elapsed="1.600868"/>
</kw>
<kw name="Validate Home Screen" owner="pages">
<kw name="Wait For Elements State" owner="Browser">
<msg time="2026-01-16T10:27:28.472477" level="INFO">Waited for Element with selector role=link[name="Jogarei"] at state visible</msg>
<arg>role=link[name="Jogarei"]</arg>
<arg>visible</arg>
<arg>5s</arg>
<tag>PageContent</tag>
<tag>Wait</tag>
<doc>Waits for the element found by ``selector`` to satisfy state option.</doc>
<status status="PASS" start="2026-01-16T10:27:28.364320" elapsed="0.108390"/>
</kw>
<status status="PASS" start="2026-01-16T10:27:28.363935" elapsed="0.108936"/>
</kw>
<status status="PASS" start="2026-01-16T10:27:26.762174" elapsed="1.710777"/>
</kw>
<kw name="Click page Jogarei" owner="pages">
<kw name="Wait For Elements State" owner="Browser">
<msg time="2026-01-16T10:27:28.481543" level="INFO">Waited for Element with selector role=link[name="Jogarei"] at state visible</msg>
<arg>role=link[name="Jogarei"]</arg>
<arg>visible</arg>
<arg>10s</arg>
<tag>PageContent</tag>
<tag>Wait</tag>
<doc>Waits for the element found by ``selector`` to satisfy state option.</doc>
<status status="PASS" start="2026-01-16T10:27:28.473983" elapsed="0.007778"/>
</kw>
<kw name="Click" owner="Browser">
<msg time="2026-01-16T10:27:28.482716" level="INFO">Clicks the element 'role=link[name="Jogarei"]'.</msg>
<arg>role=link[name="Jogarei"]</arg>
<tag>PageContent</tag>
<tag>Setter</tag>
<doc>Simulates mouse click on the element found by ``selector``.</doc>
<status status="PASS" start="2026-01-16T10:27:28.481988" elapsed="0.533618"/>
</kw>
<status status="PASS" start="2026-01-16T10:27:28.473487" elapsed="0.542261"/>
</kw>
<kw name="Wait For Elements State" owner="Browser">
<msg time="2026-01-16T10:27:29.110072" level="INFO">Waited for Element with selector svg[data-testid="SportsEsportsIcon"] &gt;&gt; nth=0 at state visible</msg>
<arg>svg[data-testid="SportsEsportsIcon"] &gt;&gt; nth=0</arg>
<arg>visible</arg>
<arg>10s</arg>
<tag>PageContent</tag>
<tag>Wait</tag>
<doc>Waits for the element found by ``selector`` to satisfy state option.</doc>
<status status="PASS" start="2026-01-16T10:27:29.016022" elapsed="0.094220"/>
</kw>
<kw name="Click" owner="Browser">
<msg time="2026-01-16T10:27:29.111298" level="INFO">Clicks the element 'svg[data-testid="SportsEsportsIcon"] &gt;&gt; nth=0'.</msg>
<arg>svg[data-testid="SportsEsportsIcon"] &gt;&gt; nth=0</arg>
<tag>PageContent</tag>
<tag>Setter</tag>
<doc>Simulates mouse click on the element found by ``selector``.</doc>
<status status="PASS" start="2026-01-16T10:27:29.110663" elapsed="1.470571"/>
</kw>
<kw name="Wait For Elements State" owner="Browser">
<msg time="2026-01-16T10:27:30.588033" level="INFO">Waited for Element with selector text="Jogo movido para Jogando!" at state attached</msg>
<arg>text="Jogo movido para Jogando!"</arg>
<arg>attached</arg>
<arg>5s</arg>
<tag>PageContent</tag>
<tag>Wait</tag>
<doc>Waits for the element found by ``selector`` to satisfy state option.</doc>
<status status="PASS" start="2026-01-16T10:27:30.581672" elapsed="0.006614"/>
</kw>
<msg time="2026-01-16T10:27:30.598713" level="INFO">Switching context to context=3071a769-1a02-4d5e-ba26-4ebb5b3a0b63 in CURRENT</msg>
<msg time="2026-01-16T10:27:30.604004" level="INFO">Successfully changed active context: context=3071a769-1a02-4d5e-ba26-4ebb5b3a0b63</msg>
<msg time="2026-01-16T10:27:30.619057" level="INFO">Successfully closed Context</msg>
<status status="PASS" start="2026-01-16T10:27:25.745043" elapsed="4.843579"/>
</test>
<test id="s1-s2-s5-t3" name="Verify game in playing list" line="28">
<kw name="Open Website" owner="settings" type="SETUP">
<kw name="New Browser" owner="Browser">
<msg time="2026-01-16T10:27:30.624179" level="INFO">Switching browser to browser=b6a95cb7-9130-4536-b462-a3e892e34260</msg>
<msg time="2026-01-16T10:27:30.625646" level="INFO">Successfully changed active browser: browser=b6a95cb7-9130-4536-b462-a3e892e34260</msg>
<msg time="2026-01-16T10:27:30.625746" level="INFO">Reusing existing browser with id: browser=b6a95cb7-9130-4536-b462-a3e892e34260</msg>
<arg>chromium</arg>
<arg>headless=${HEADLESS}</arg>
<arg>slowMo=${VELOCIT}</arg>
<tag>BrowserControl</tag>
<tag>Setter</tag>
<doc>Create a new playwright Browser with specified options.</doc>
<status status="PASS" start="2026-01-16T10:27:30.623464" elapsed="0.002353"/>
</kw>
<kw name="New Context" owner="Browser">
<msg time="2026-01-16T10:27:30.627854" level="INFO">{
  "acceptDownloads": true,
  "bypassCSP": false,
  "forcedColors": "none",
  "ignoreHTTPSErrors": false,
  "javaScriptEnabled": true,
  "offline": false,
  "reducedMotion": "no-preference",
  "serviceWorkers": "allow",
  "viewport": {
    "width": 1280,
    "height": 720
  }
}</msg>
<msg time="2026-01-16T10:27:30.639746" level="INFO">Successfully created context. </msg>
<msg time="2026-01-16T10:27:30.639859" level="INFO">{'acceptDownloads': True, 'bypassCSP': False, 'forcedColors': 'none', 'ignoreHTTPSErrors': False, 'javaScriptEnabled': True, 'offline': False, 'reducedMotion': 'no-preference', 'serviceWorkers': 'allow', 'viewport': {'width': 1280, 'height': 720}}</msg>
<tag>BrowserControl</tag>
<tag>Setter</tag>
<doc>Create a new BrowserContext with specified options.</doc>
<status status="PASS" start="2026-01-16T10:27:30.626046" elapsed="0.013918"/>
</kw>
<kw name="New Page" owner="Browser">
<msg time="2026-01-16T10:27:31.655322" level="INFO">Successfully initialized new page object and opened url: http://192.168.0.21:5173/login</msg>
<arg>${URL}</arg>
<tag>BrowserControl</tag>
<tag>Setter</tag>
<doc>Open a new Page.</doc>
<status status="PASS" start="2026-01-16T10:27:30.640224" elapsed="1.015282"/>
</kw>
<status status="PASS" start="2026-01-16T10:27:30.622834" elapsed="1.032778"/>
</kw>
<kw name="Ensure Logged In And Home" owner="settings">
<kw name="Login" owner="realizarlogin">
<kw name="Wait For Elements State" owner="Browser">
<msg time="2026-01-16T10:27:31.679269" level="INFO">Waited for Element with selector css=input[placeholder="seu@email.com"] at state visible</msg>
<arg>css=input[placeholder="seu@email.com"]</arg>
<arg>visible</arg>
<arg>10s</arg>
<tag>PageContent</tag>
<tag>Wait</tag>
<doc>Waits for the element found by ``selector`` to satisfy state option.</doc>
<status status="PASS" start="2026-01-16T10:27:31.656879" elapsed="0.022644"/>
</kw>
<kw name="Fill Text" owner="Browser">
<msg time="2026-01-16T10:27:31.680536" level="INFO">Fills the text 'test-user@larissa.com' in the given field.</msg>
<arg>css=input[placeholder="seu@email.com"]</arg>
<arg>${EMAIL}</arg>
<tag>PageContent</tag>
<tag>Setter</tag>
<doc>Clears and fills the given ``txt`` into the text field found by ``selector``.</doc>
<status status="PASS" start="2026-01-16T10:27:31.679803" elapsed="0.521315"/>
</kw>
<kw name="Wait For Elements State" owner="Browser">
<msg time="2026-01-16T10:27:32.205339" level="INFO">Waited for Element with selector css=input[placeholder="password"] at state visible</msg>
<arg>css=input[placeholder="password"]</arg>
<arg>visible</arg>
<arg>10s</arg>
<tag>PageContent</tag>
<tag>Wait</tag>
<doc>Waits for the element found by ``selector`` to satisfy state option.</doc>
<status status="PASS" start="2026-01-16T10:27:32.201376" elapsed="0.004064"/>
</kw>
<kw name="Fill Text" owner="Browser">
<msg time="2026-01-16T10:27:32.206093" level="INFO">Fills the text 'Senha@123' in the given field.</msg>
<arg>css=input[placeholder="password"]</arg>
<arg>${PASSWORD}</arg>
<tag>PageContent</tag>
<tag>Setter</tag>
<doc>Clears and fills the given ``txt`` into the text field found by ``selector``.</doc>
<status status="PASS" start="2026-01-16T10:27:32.205597" elapsed="0.522238"/>
</kw>
<kw name="Click" owner="Browser">
<msg time="2026-01-16T10:27:32.728701" level="INFO">Clicks the element 'role=button[name="Entrar"]'.</msg>
<arg>role=button[name="Entrar"]</arg>
<tag>PageContent</tag>
<tag>Setter</tag>
<doc>Simulates mouse click on the element found by ``selector``.</doc>
<status status="PASS" start="2026-01-16T10:27:32.728103" elapsed="0.539526"/>
</kw>
<status status="PASS" start="2026-01-16T10:27:31.656529" elapsed="1.611282"/>
</kw>
<kw name="Validate Home Screen" owner="pages">
<kw name="Wait For Elements State" owner="Browser">
<msg time="2026-01-16T10:27:33.273177" level="INFO">Waited for Element with selector role=link[name="Jogarei"] at state visible</msg>
<arg>role=link[name="Jogarei"]</arg>
<arg>visible</arg>
<arg>5s</arg>
<tag>PageContent</tag>
<tag>Wait</tag>
<doc>Waits for the element found by ``selector`` to satisfy state option.</doc>
<status status="PASS" start="2026-01-16T10:27:33.268533" elapsed="0.004792"/>
</kw>
<status status="PASS" start="2026-01-16T10:27:33.268008" elapsed="0.005422"/>
</kw>
<status status="PASS" start="2026-01-16T10:27:31.656049" elapsed="1.617433"/>
</kw>
<kw name="Click page Jogarei" owner="pages">
<kw name="Wait For Elements State" owner="Browser">
<msg time="2026-01-16T10:27:33.277740" level="INFO">Waited for Element with selector role=link[name="Jogarei"] at state visible</msg>
<arg>role=link[name="Jogarei"]</arg>
<arg>visible</arg>
<arg>10s</arg>
<tag>PageContent</tag>
<tag>Wait</tag>
<doc>Waits for the element found by ``selector`` to satisfy state option.</doc>
<status status="PASS" start="2026-01-16T10:27:33.274254" elapsed="0.003589"/>
</kw>
<kw name="Click" owner="Browser">
<msg time="2026-01-16T10:27:33.278402" level="INFO">Clicks the element 'role=link[name="Jogarei"]'.</msg>
<arg>role=link[name="Jogarei"]</arg>
<tag>PageContent</tag>
<tag>Setter</tag>
<doc>Simulates mouse click on the element found by ``selector``.</doc>
<status status="PASS" start="2026-01-16T10:27:33.277983" elapsed="0.538687"/>
</kw>
<status status="PASS" start="2026-01-16T10:27:33.273784" elapsed="0.543024"/>
</kw>
<kw name="Wait For Elements State" owner="Browser">
<msg time="2026-01-16T10:27:33.852808" level="INFO">Waited for Element with selector css=svg[data-testid="SportsEsportsIcon"] &gt;&gt; nth=0 at state visible</msg>
<arg>css=svg[data-testid="SportsEsportsIcon"] &gt;&gt; nth=0</arg>
<arg>visible</arg>
<arg>10s</arg>
<tag>PageContent</tag>
<tag>Wait</tag>
<doc>Waits for the element found by ``selector`` to satisfy state option.</doc>
<status status="PASS" start="2026-01-16T10:27:33.817189" elapsed="0.035797"/>
</kw>
<kw name="Click" owner="Browser">
<msg time="2026-01-16T10:27:33.853915" level="INFO">Clicks the element 'css=svg[data-testid="SportsEsportsIcon"] &gt;&gt; nth=0'.</msg>
<arg>css=svg[data-testid="SportsEsportsIcon"] &gt;&gt; nth=0</arg>
<tag>PageContent</tag>
<tag>Setter</tag>
<doc>Simulates mouse click on the element found by ``selector``.</doc>
<status status="PASS" start="2026-01-16T10:27:33.853341" elapsed="1.397591"/>
</kw>
<kw name="Wait For Elements State" owner="Browser">
<msg time="2026-01-16T10:27:35.256001" level="INFO">Waited for Element with selector text="Jogo movido para Jogando!" at state attached</msg>
<arg>text="Jogo movido para Jogando!"</arg>
<arg>attached</arg>
<arg>5s</arg>
<tag>PageContent</tag>
<tag>Wait</tag>
<doc>Waits for the element found by ``selector`` to satisfy state option.</doc>
<status status="PASS" start="2026-01-16T10:27:35.251351" elapsed="0.004773"/>
</kw>
<kw name="Click page Jogando" owner="pages">
<kw name="Wait For Elements State" owner="Browser">
<msg time="2026-01-16T10:27:35.261590" level="INFO">Waited for Element with selector role=link[name="Jogando"] at state visible</msg>
<arg>role=link[name="Jogando"]</arg>
<arg>visible</arg>
<arg>10s</arg>
<tag>PageContent</tag>
<tag>Wait</tag>
<doc>Waits for the element found by ``selector`` to satisfy state option.</doc>
<status status="PASS" start="2026-01-16T10:27:35.256774" elapsed="0.004963"/>
</kw>
<kw name="Click" owner="Browser">
<msg time="2026-01-16T10:27:35.262399" level="INFO">Clicks the element 'role=link[name="Jogando"]'.</msg>
<arg>role=link[name="Jogando"]</arg>
<tag>PageContent</tag>
<tag>Setter</tag>
<doc>Simulates mouse click on the element found by ``selector``.</doc>
<status status="PASS" start="2026-01-16T10:27:35.261907" elapsed="0.548149"/>
</kw>
<status status="PASS" start="2026-01-16T10:27:35.256404" elapsed="0.553796"/>
</kw>
<kw name="Wait For Elements State" owner="Browser">
<msg time="2026-01-16T10:27:35.814980" level="INFO">Waited for Element with selector svg[data-testid="PauseOutlinedIcon"] &gt;&gt; nth=0 at state visible</msg>
<arg>svg[data-testid="PauseOutlinedIcon"] &gt;&gt; nth=0</arg>
<arg>visible</arg>
<arg>10s</arg>
<tag>PageContent</tag>
<tag>Wait</tag>
<doc>Waits for the element found by ``selector`` to satisfy state option.</doc>
<status status="PASS" start="2026-01-16T10:27:35.810562" elapsed="0.004563"/>
</kw>
<msg time="2026-01-16T10:27:35.820950" level="INFO">Switching context to context=128f984f-8e95-4556-9820-c65752be5814 in CURRENT</msg>
<msg time="2026-01-16T10:27:35.824724" level="INFO">Successfully changed active context: context=128f984f-8e95-4556-9820-c65752be5814</msg>
<msg time="2026-01-16T10:27:35.840689" level="INFO">Successfully closed Context</msg>
<status status="PASS" start="2026-01-16T10:27:30.620370" elapsed="5.194990"/>
</test>
<status status="PASS" start="2026-01-16T10:27:20.408200" elapsed="15.433746"/>
</suite>
<status status="PASS" start="2026-01-16T10:25:54.871355" elapsed="100.975847"/>
</suite>
<status status="PASS" start="2026-01-16T10:25:53.159037" elapsed="102.689726"/>
</suite>
<statistics>
<total>
<stat pass="15" fail="0" skip="0">All Tests</stat>
</total>
<tag>
<stat pass="2" fail="0" skip="0">smoke</stat>
</tag>
<suite>
<stat name="Tests" id="s1" pass="15" fail="0" skip="0">Tests</stat>
<stat name="Api" id="s1-s1" pass="1" fail="0" skip="0">Tests.Api</stat>
<stat name="Testapi" id="s1-s1-s1" pass="1" fail="0" skip="0">Tests.Api.Testapi</stat>
<stat name="Pages" id="s1-s2" pass="14" fail="0" skip="0">Tests.Pages</stat>
<stat name="Checklogin" id="s1-s2-s1" pass="1" fail="0" skip="0">Tests.Pages.Checklogin</stat>
<stat name="Flow" id="s1-s2-s2" pass="1" fail="0" skip="0">Tests.Pages.Flow</stat>
<stat name="Games" id="s1-s2-s3" pass="7" fail="0" skip="0">Tests.Pages.Games</stat>
<stat name="Jogando" id="s1-s2-s4" pass="2" fail="0" skip="0">Tests.Pages.Jogando</stat>
<stat name="Jogarei" id="s1-s2-s5" pass="3" fail="0" skip="0">Tests.Pages.Jogarei</stat>
</suite>
</statistics>
<errors>
<msg time="2026-01-16T10:25:54.078755" level="WARN">Keyword 'BuiltIn.Run Keyword Unless' is deprecated. </msg>
<msg time="2026-01-16T10:25:54.868400" level="WARN">Keyword 'BuiltIn.Run Keyword Unless' is deprecated. </msg>
</errors>
</robot>
